2023-09-08 20:49:54,252 [INFO] Activator:178 - 


2023-09-08 20:49:54,252 [INFO] Activator:179 - !SESSION log4j initialized
2023-09-08 20:51:20,857 [INFO] RetryExec:97 - I/O exception (org.apache.http.NoHttpResponseException) caught when processing request to {s}->https://download.eclipse.org:443: The target server failed to respond
2023-09-08 20:51:20,857 [INFO] RetryExec:113 - Retrying request to {s}->https://download.eclipse.org:443
2023-09-08 20:51:22,065 [INFO] RetryExec:97 - I/O exception (org.apache.http.NoHttpResponseException) caught when processing request to {s}->https://archive.eclipse.org:443: The target server failed to respond
2023-09-08 20:51:22,065 [INFO] RetryExec:113 - Retrying request to {s}->https://archive.eclipse.org:443
2023-09-08 20:51:23,246 [INFO] RetryExec:97 - I/O exception (org.apache.http.NoHttpResponseException) caught when processing request to {s}->https://download.eclipse.org:443: The target server failed to respond
2023-09-08 20:51:23,246 [INFO] RetryExec:113 - Retrying request to {s}->https://download.eclipse.org:443
2023-09-09 00:11:33,838 [INFO] ApplicationProperties:181 - Using Application install path: C:\ST\STM32CubeIDE_1.4.0\STM32CubeIDE\plugins\com.st.stm32cube.common.mx_6.0.0.202007160824
2023-09-09 00:11:33,849 [INFO] DbMcusXml:70 - Set database path to: C:\ST\STM32CubeIDE_1.4.0\STM32CubeIDE\plugins\com.st.stm32cube.common.mx_6.0.0.202007160824\\db\/mcu/
2023-09-09 00:11:33,859 [INFO] DbBoardsPdsc:56 - Set plugin database path to: C:\ST\STM32CubeIDE_1.4.0\STM32CubeIDE\plugins\com.st.stm32cube.common.mx_6.0.0.202007160824\\db\/plugins/boardmanager/
2023-09-09 00:11:33,859 [INFO] DbMcus:258 - Set plugin images path to: C:\ST\STM32CubeIDE_1.4.0\STM32CubeIDE\plugins\com.st.stm32cube.common.mx_6.0.0.202007160824\\db\/plugins/mcufinder/images/
2023-09-09 00:11:33,859 [INFO] DbBoards:264 - Set plugin images path to: C:\ST\STM32CubeIDE_1.4.0\STM32CubeIDE\plugins\com.st.stm32cube.common.mx_6.0.0.202007160824\\db\/plugins/mcufinder/images/
2023-09-09 00:11:33,859 [INFO] DbExamples:326 - Set plugin images path to: C:\ST\STM32CubeIDE_1.4.0\STM32CubeIDE\plugins\com.st.stm32cube.common.mx_6.0.0.202007160824\\db\/plugins/mcufinder/images/
2023-09-09 00:11:33,869 [INFO] DbMcusDocs:112 - Set database path to: C:\Users\Administrator\.stmcufinder\plugins\mcufinder//mcu/
2023-09-09 00:11:33,874 [INFO] DbMcusJson:63 - Set database path to: C:\Users\Administrator\.stmcufinder\plugins\mcufinder//mcu/
2023-09-09 00:11:33,874 [INFO] DbBoardsDocs:112 - Set database path to: C:\Users\Administrator\.stmcufinder\plugins\mcufinder//mcu/
2023-09-09 00:11:33,878 [INFO] DbBoardsJson:56 - Set database path to: C:\Users\Administrator\.stmcufinder\plugins\mcufinder//mcu/
2023-09-09 00:11:34,248 [INFO] CrossReferenceDbSqlite:196 - Set database path to: C:\Users\Administrator\.stmcufinder\plugins\mcufinder//mcu/cs/
2023-09-09 00:11:34,254 [INFO] DbExamplesSqlite:800 - Set database path to: C:\Users\Administrator\.stmcufinder\plugins\mcufinder//mcu/
2023-09-09 00:11:34,389 [INFO] RulesReader:52 - Compatibility file has been processed (209 Rules)
2023-09-09 00:11:34,488 [INFO] MicroXplorer:564 - Detected Java Version = 1.8.0_252
2023-09-09 00:11:34,488 [INFO] DbMcusXml:70 - Set database path to: C:\ST\STM32CubeIDE_1.4.0\STM32CubeIDE\plugins\com.st.stm32cube.common.mx_6.0.0.202007160824\\db\/mcu/
2023-09-09 00:11:34,488 [INFO] DbBoardsPdsc:56 - Set plugin database path to: C:\ST\STM32CubeIDE_1.4.0\STM32CubeIDE\plugins\com.st.stm32cube.common.mx_6.0.0.202007160824\\db\/plugins/boardmanager/
2023-09-09 00:11:34,488 [INFO] DbMcus:258 - Set plugin images path to: C:\ST\STM32CubeIDE_1.4.0\STM32CubeIDE\plugins\com.st.stm32cube.common.mx_6.0.0.202007160824\\db\/plugins/mcufinder/images/
2023-09-09 00:11:34,488 [INFO] DbBoards:264 - Set plugin images path to: C:\ST\STM32CubeIDE_1.4.0\STM32CubeIDE\plugins\com.st.stm32cube.common.mx_6.0.0.202007160824\\db\/plugins/mcufinder/images/
2023-09-09 00:11:34,488 [INFO] DbExamples:326 - Set plugin images path to: C:\ST\STM32CubeIDE_1.4.0\STM32CubeIDE\plugins\com.st.stm32cube.common.mx_6.0.0.202007160824\\db\/plugins/mcufinder/images/
2023-09-09 00:11:34,492 [WARN] DbFile:36 - Overriding database path with different value: C:\Users\Administrator\.stmcufinder\plugins\mcufinder/ => C:\Users\Administrator\.stmcufinder\plugins\mcufinder
2023-09-09 00:11:34,492 [INFO] DbMcusDocs:112 - Set database path to: C:\Users\Administrator\.stmcufinder\plugins\mcufinder//mcu/
2023-09-09 00:11:34,492 [WARN] DbFile:36 - Overriding database path with different value: C:\Users\Administrator\.stmcufinder\plugins\mcufinder/ => C:\Users\Administrator\.stmcufinder\plugins\mcufinder
2023-09-09 00:11:34,492 [INFO] DbMcusJson:63 - Set database path to: C:\Users\Administrator\.stmcufinder\plugins\mcufinder//mcu/
2023-09-09 00:11:34,492 [WARN] DbFile:36 - Overriding database path with different value: C:\Users\Administrator\.stmcufinder\plugins\mcufinder/ => C:\Users\Administrator\.stmcufinder\plugins\mcufinder
2023-09-09 00:11:34,492 [INFO] DbBoardsDocs:112 - Set database path to: C:\Users\Administrator\.stmcufinder\plugins\mcufinder//mcu/
2023-09-09 00:11:34,492 [WARN] DbFile:36 - Overriding database path with different value: C:\Users\Administrator\.stmcufinder\plugins\mcufinder/ => C:\Users\Administrator\.stmcufinder\plugins\mcufinder
2023-09-09 00:11:34,492 [INFO] DbBoardsJson:56 - Set database path to: C:\Users\Administrator\.stmcufinder\plugins\mcufinder//mcu/
2023-09-09 00:11:34,493 [WARN] DbFile:36 - Overriding database path with different value: C:\Users\Administrator\.stmcufinder\plugins\mcufinder/ => C:\Users\Administrator\.stmcufinder\plugins\mcufinder
2023-09-09 00:11:34,493 [WARN] DbFile:36 - Overriding database path with different value: C:\Users\Administrator\.stmcufinder\plugins\mcufinder/ => C:\Users\Administrator\.stmcufinder\plugins\mcufinder
2023-09-09 00:11:34,493 [INFO] CrossReferenceDbSqlite:196 - Set database path to: C:\Users\Administrator\.stmcufinder\plugins\mcufinder//mcu/cs/
2023-09-09 00:11:34,493 [WARN] DbFile:36 - Overriding database path with different value: C:\Users\Administrator\.stmcufinder\plugins\mcufinder/ => C:\Users\Administrator\.stmcufinder\plugins\mcufinder
2023-09-09 00:11:34,493 [INFO] DbExamplesSqlite:800 - Set database path to: C:\Users\Administrator\.stmcufinder\plugins\mcufinder//mcu/
2023-09-09 00:11:34,578 [INFO] MainPanel:189 - HeapMemory: 721420288
2023-09-09 00:11:34,669 [INFO] DbMcusXml:70 - Set database path to: C:\ST\STM32CubeIDE_1.4.0\STM32CubeIDE\plugins\com.st.stm32cube.common.mx_6.0.0.202007160824\\db\/mcu/
2023-09-09 00:11:34,669 [INFO] DbBoardsPdsc:56 - Set plugin database path to: C:\ST\STM32CubeIDE_1.4.0\STM32CubeIDE\plugins\com.st.stm32cube.common.mx_6.0.0.202007160824\\db\/plugins/boardmanager/
2023-09-09 00:11:34,669 [INFO] DbMcus:258 - Set plugin images path to: C:\ST\STM32CubeIDE_1.4.0\STM32CubeIDE\plugins\com.st.stm32cube.common.mx_6.0.0.202007160824\\db\/plugins/mcufinder/images/
2023-09-09 00:11:34,669 [INFO] DbBoards:264 - Set plugin images path to: C:\ST\STM32CubeIDE_1.4.0\STM32CubeIDE\plugins\com.st.stm32cube.common.mx_6.0.0.202007160824\\db\/plugins/mcufinder/images/
2023-09-09 00:11:34,678 [INFO] DbExamples:326 - Set plugin images path to: C:\ST\STM32CubeIDE_1.4.0\STM32CubeIDE\plugins\com.st.stm32cube.common.mx_6.0.0.202007160824\\db\/plugins/mcufinder/images/
2023-09-09 00:11:34,678 [WARN] DbFile:36 - Overriding database path with different value: C:\Users\Administrator\.stmcufinder\plugins\mcufinder/ => C:\Users\Administrator\.stmcufinder\plugins\mcufinder
2023-09-09 00:11:34,678 [INFO] DbMcusDocs:112 - Set database path to: C:\Users\Administrator\.stmcufinder\plugins\mcufinder//mcu/
2023-09-09 00:11:34,678 [WARN] DbFile:36 - Overriding database path with different value: C:\Users\Administrator\.stmcufinder\plugins\mcufinder/ => C:\Users\Administrator\.stmcufinder\plugins\mcufinder
2023-09-09 00:11:34,678 [INFO] DbMcusJson:63 - Set database path to: C:\Users\Administrator\.stmcufinder\plugins\mcufinder//mcu/
2023-09-09 00:11:34,678 [WARN] DbFile:36 - Overriding database path with different value: C:\Users\Administrator\.stmcufinder\plugins\mcufinder/ => C:\Users\Administrator\.stmcufinder\plugins\mcufinder
2023-09-09 00:11:34,678 [INFO] DbBoardsDocs:112 - Set database path to: C:\Users\Administrator\.stmcufinder\plugins\mcufinder//mcu/
2023-09-09 00:11:34,678 [WARN] DbFile:36 - Overriding database path with different value: C:\Users\Administrator\.stmcufinder\plugins\mcufinder/ => C:\Users\Administrator\.stmcufinder\plugins\mcufinder
2023-09-09 00:11:34,678 [INFO] DbBoardsJson:56 - Set database path to: C:\Users\Administrator\.stmcufinder\plugins\mcufinder//mcu/
2023-09-09 00:11:34,678 [WARN] DbFile:36 - Overriding database path with different value: C:\Users\Administrator\.stmcufinder\plugins\mcufinder/ => C:\Users\Administrator\.stmcufinder\plugins\mcufinder
2023-09-09 00:11:34,678 [WARN] DbFile:36 - Overriding database path with different value: C:\Users\Administrator\.stmcufinder\plugins\mcufinder/ => C:\Users\Administrator\.stmcufinder\plugins\mcufinder
2023-09-09 00:11:34,678 [INFO] CrossReferenceDbSqlite:196 - Set database path to: C:\Users\Administrator\.stmcufinder\plugins\mcufinder//mcu/cs/
2023-09-09 00:11:34,678 [WARN] DbFile:36 - Overriding database path with different value: C:\Users\Administrator\.stmcufinder\plugins\mcufinder/ => C:\Users\Administrator\.stmcufinder\plugins\mcufinder
2023-09-09 00:11:34,678 [INFO] DbExamplesSqlite:800 - Set database path to: C:\Users\Administrator\.stmcufinder\plugins\mcufinder//mcu/
2023-09-09 00:11:34,699 [INFO] ApplicationProperties:181 - Using Application install path: C:\ST\STM32CubeIDE_1.4.0\STM32CubeIDE\plugins\com.st.stm32cube.common.mx_6.0.0.202007160824
2023-09-09 00:11:34,699 [INFO] PluginManage:178 - Search for loadable plugins [exclusion list=, ]
2023-09-09 00:11:34,709 [INFO] PluginManage:292 - Check plugin analytics
2023-09-09 00:11:34,904 [INFO] AnalyticsPlugin:203 - Accepted Software Licenses: 
2023-09-09 00:11:34,904 [INFO] AnalyticsPlugin:205 - Accepted CMSIS Pack Licenses: 
2023-09-09 00:11:34,904 [INFO] AnalyticsPlugin:207 - Accepted Firmware Licenses: 
2023-09-09 00:11:34,904 [INFO] PluginManage:342 - Loaded plugin analytics (category:tool,tabindex:-1)
2023-09-09 00:11:34,909 [INFO] PluginManage:292 - Check plugin clock
2023-09-09 00:11:34,920 [INFO] PluginManage:342 - Loaded plugin clock (category:base,tabindex:2)
2023-09-09 00:11:34,920 [INFO] PluginManage:292 - Check plugin ddr
2023-09-09 00:11:34,928 [INFO] PluginManage:342 - Loaded plugin ddr (category:tool,tabindex:6)
2023-09-09 00:11:34,928 [INFO] PluginManage:292 - Check plugin filemanager
2023-09-09 00:11:35,098 [INFO] PluginManage:342 - Loaded plugin filemanager (category:base,tabindex:10)
2023-09-09 00:11:35,098 [INFO] PluginManage:292 - Check plugin ipmanager
2023-09-09 00:11:35,118 [INFO] PluginManage:342 - Loaded plugin ipmanager (category:base,tabindex:5)
2023-09-09 00:11:35,118 [INFO] PluginManage:292 - Check plugin pinoutandconfiguration
2023-09-09 00:11:35,128 [INFO] PluginManage:342 - Loaded plugin pinoutandconfiguration (category:base,tabindex:1)
2023-09-09 00:11:35,138 [INFO] PluginManage:292 - Check plugin pinoutconfig
2023-09-09 00:11:35,175 [INFO] PluginManage:342 - Loaded plugin pinoutconfig (category:base,tabindex:0)
2023-09-09 00:11:35,175 [INFO] PluginManage:292 - Check plugin power
2023-09-09 00:11:35,191 [INFO] PluginManage:342 - Loaded plugin power (category:power,tabindex:4)
2023-09-09 00:11:35,191 [INFO] PluginManage:292 - Check plugin projectmanager
2023-09-09 00:11:35,208 [INFO] PluginManage:342 - Loaded plugin projectmanager (category:projectmanager,tabindex:3)
2023-09-09 00:11:35,213 [INFO] PluginManage:292 - Check plugin thirdparty
2023-09-09 00:11:35,388 [INFO] ThirdPartyDb:333 - Open Third Party DataBase File (C:/Users/Administrator/.stm32cubemx/plugins/thirdparty/db/thirdparties_db.xml) : 100 ms. number of Sw pack : 47
2023-09-09 00:11:35,398 [INFO] PluginManage:342 - Loaded plugin thirdparty (category:base,tabindex:-1)
2023-09-09 00:11:35,398 [INFO] PluginManage:292 - Check plugin tools
2023-09-09 00:11:35,398 [INFO] PluginManage:342 - Loaded plugin tools (category:base,tabindex:7)
2023-09-09 00:11:35,398 [INFO] PluginManage:292 - Check plugin tutovideos
2023-09-09 00:11:35,682 [INFO] PluginManage:342 - Loaded plugin tutovideos (category:base,tabindex:-1)
2023-09-09 00:11:35,682 [INFO] PluginManage:292 - Check plugin updater
2023-09-09 00:11:35,699 [INFO] PluginManage:342 - Loaded plugin updater (category:base,tabindex:12)
2023-09-09 00:11:35,699 [INFO] PluginManage:265 - PluginManage : Loaded plugins [13]
2023-09-09 00:11:35,959 [INFO] PinOutPanel:1418 - setPackage(No Configuration,No Configuration)
2023-09-09 00:11:36,082 [INFO] IPUIPlugin:64 - create IPUIPlugin
2023-09-09 00:11:36,082 [INFO] PluginManager:200 - loadIPPluginJar : add adc
2023-09-09 00:11:36,082 [INFO] IPUIPlugin:64 - create IPUIPlugin
2023-09-09 00:11:36,088 [INFO] PluginManager:200 - loadIPPluginJar : add aes
2023-09-09 00:11:36,088 [INFO] IPUIPlugin:64 - create IPUIPlugin
2023-09-09 00:11:36,088 [INFO] PluginManager:200 - loadIPPluginJar : add can
2023-09-09 00:11:36,093 [INFO] IPUIPlugin:64 - create IPUIPlugin
2023-09-09 00:11:36,093 [INFO] PluginManager:200 - loadIPPluginJar : add comp
2023-09-09 00:11:36,096 [INFO] IPUIPlugin:64 - create IPUIPlugin
2023-09-09 00:11:36,098 [INFO] PluginManager:200 - loadIPPluginJar : add cryp
2023-09-09 00:11:36,098 [INFO] IPUIPlugin:64 - create IPUIPlugin
2023-09-09 00:11:36,098 [INFO] PluginManager:200 - loadIPPluginJar : add dfsdm
2023-09-09 00:11:36,108 [INFO] IPUIPlugin:64 - create IPUIPlugin
2023-09-09 00:11:36,108 [INFO] PluginManager:200 - loadIPPluginJar : add dma
2023-09-09 00:11:36,108 [INFO] IPUIPlugin:64 - create IPUIPlugin
2023-09-09 00:11:36,108 [INFO] PluginManager:200 - loadIPPluginJar : add fatfs
2023-09-09 00:11:36,118 [INFO] IPUIPlugin:64 - create IPUIPlugin
2023-09-09 00:11:36,118 [INFO] PluginManager:200 - loadIPPluginJar : add fmc
2023-09-09 00:11:36,129 [INFO] IPUIPlugin:64 - create IPUIPlugin
2023-09-09 00:11:36,129 [INFO] PluginManager:200 - loadIPPluginJar : add freertos
2023-09-09 00:11:36,130 [INFO] IPUIPlugin:64 - create IPUIPlugin
2023-09-09 00:11:36,130 [INFO] PluginManager:200 - loadIPPluginJar : add genericplugin
2023-09-09 00:11:36,130 [INFO] IPUIPlugin:64 - create IPUIPlugin
2023-09-09 00:11:36,130 [INFO] PluginManager:200 - loadIPPluginJar : add gfxmmu
2023-09-09 00:11:36,138 [INFO] IPUIPlugin:64 - create IPUIPlugin
2023-09-09 00:11:36,138 [INFO] PluginManager:200 - loadIPPluginJar : add gic
2023-09-09 00:11:36,148 [INFO] IPUIPlugin:64 - create IPUIPlugin
2023-09-09 00:11:36,148 [INFO] PluginManager:200 - loadIPPluginJar : add gpio
2023-09-09 00:11:36,148 [INFO] IPUIPlugin:64 - create IPUIPlugin
2023-09-09 00:11:36,148 [INFO] PluginManager:200 - loadIPPluginJar : add gtzc
2023-09-09 00:11:36,148 [INFO] IPUIPlugin:64 - create IPUIPlugin
2023-09-09 00:11:36,148 [INFO] PluginManager:200 - loadIPPluginJar : add hash
2023-09-09 00:11:36,158 [INFO] IPUIPlugin:64 - create IPUIPlugin
2023-09-09 00:11:36,158 [INFO] PluginManager:200 - loadIPPluginJar : add i2c
2023-09-09 00:11:36,162 [INFO] IPUIPlugin:64 - create IPUIPlugin
2023-09-09 00:11:36,162 [INFO] PluginManager:200 - loadIPPluginJar : add i2s
2023-09-09 00:11:36,168 [INFO] IPUIPlugin:64 - create IPUIPlugin
2023-09-09 00:11:36,168 [INFO] PluginManager:200 - loadIPPluginJar : add ipddr
2023-09-09 00:11:36,168 [INFO] IPUIPlugin:64 - create IPUIPlugin
2023-09-09 00:11:36,168 [INFO] PluginManager:200 - loadIPPluginJar : add ltdc
2023-09-09 00:11:36,168 [INFO] IPUIPlugin:64 - create IPUIPlugin
2023-09-09 00:11:36,168 [INFO] PluginManager:200 - loadIPPluginJar : add mdma
2023-09-09 00:11:36,179 [INFO] IPUIPlugin:64 - create IPUIPlugin
2023-09-09 00:11:36,179 [INFO] PluginManager:200 - loadIPPluginJar : add nvic
2023-09-09 00:11:36,179 [INFO] IPUIPlugin:64 - create IPUIPlugin
2023-09-09 00:11:36,179 [INFO] PluginManager:200 - loadIPPluginJar : add opamp
2023-09-09 00:11:36,188 [INFO] IPUIPlugin:64 - create IPUIPlugin
2023-09-09 00:11:36,188 [INFO] PluginManager:200 - loadIPPluginJar : add openamp
2023-09-09 00:11:36,188 [INFO] IPUIPlugin:64 - create IPUIPlugin
2023-09-09 00:11:36,188 [INFO] PluginManager:200 - loadIPPluginJar : add pdm2pcm
2023-09-09 00:11:36,199 [INFO] IPUIPlugin:64 - create IPUIPlugin
2023-09-09 00:11:36,199 [INFO] PluginManager:200 - loadIPPluginJar : add plateformsettings
2023-09-09 00:11:36,199 [INFO] IPUIPlugin:64 - create IPUIPlugin
2023-09-09 00:11:36,199 [INFO] PluginManager:200 - loadIPPluginJar : add quadspi
2023-09-09 00:11:36,210 [INFO] IPUIPlugin:64 - create IPUIPlugin
2023-09-09 00:11:36,210 [INFO] PluginManager:200 - loadIPPluginJar : add resmgrutility
2023-09-09 00:11:36,210 [INFO] IPUIPlugin:64 - create IPUIPlugin
2023-09-09 00:11:36,210 [INFO] PluginManager:200 - loadIPPluginJar : add sai
2023-09-09 00:11:36,219 [INFO] IPUIPlugin:64 - create IPUIPlugin
2023-09-09 00:11:36,219 [INFO] PluginManager:200 - loadIPPluginJar : add spi
2023-09-09 00:11:36,219 [INFO] IPUIPlugin:64 - create IPUIPlugin
2023-09-09 00:11:36,226 [INFO] PluginManager:200 - loadIPPluginJar : add stm32_wpan
2023-09-09 00:11:36,228 [INFO] IPUIPlugin:64 - create IPUIPlugin
2023-09-09 00:11:36,228 [INFO] PluginManager:200 - loadIPPluginJar : add tim
2023-09-09 00:11:36,228 [INFO] IPUIPlugin:64 - create IPUIPlugin
2023-09-09 00:11:36,228 [INFO] PluginManager:200 - loadIPPluginJar : add touchsensing
2023-09-09 00:11:36,228 [INFO] IPUIPlugin:64 - create IPUIPlugin
2023-09-09 00:11:36,228 [INFO] PluginManager:200 - loadIPPluginJar : add tracer_emb
2023-09-09 00:11:36,238 [INFO] IPUIPlugin:64 - create IPUIPlugin
2023-09-09 00:11:36,238 [INFO] PluginManager:200 - loadIPPluginJar : add ts
2023-09-09 00:11:36,242 [INFO] IPUIPlugin:64 - create IPUIPlugin
2023-09-09 00:11:36,242 [INFO] PluginManager:200 - loadIPPluginJar : add tsc
2023-09-09 00:11:36,242 [INFO] IPUIPlugin:64 - create IPUIPlugin
2023-09-09 00:11:36,242 [INFO] PluginManager:200 - loadIPPluginJar : add ucpd
2023-09-09 00:11:36,248 [INFO] IPUIPlugin:64 - create IPUIPlugin
2023-09-09 00:11:36,248 [INFO] PluginManager:200 - loadIPPluginJar : add usart
2023-09-09 00:11:37,211 [INFO] CubeProgrammer:457 - [DDR PANEL] - PathOfProgrammer: null
2023-09-09 00:11:38,208 [FATAL] Updater:282 - Updater called before beeing initialized
2023-09-09 00:11:38,419 [FATAL] Updater:282 - Updater called before beeing initialized
2023-09-09 00:11:38,419 [WARN] ThirdParty:775 - waiting for thirdparty lock release [close project]
2023-09-09 00:11:38,419 [INFO] ThirdParty:777 - entering critical section [close project]
2023-09-09 00:11:38,419 [INFO] ThirdParty:790 - exiting critical section [close project]
2023-09-09 00:11:38,419 [INFO] PinOutPanel:1418 - setPackage(No Configuration,No Configuration)
2023-09-09 00:11:38,429 [FATAL] Updater:282 - Updater called before beeing initialized
2023-09-09 00:11:38,431 [ERROR] Updater:967 - MainUpdater not yet initialized. External WinMGr cannot be set.
2023-09-09 00:11:38,431 [INFO] CubeProgrammer:457 - [DDR PANEL] - PathOfProgrammer: C:\ST\STM32CubeIDE_1.4.0\STM32CubeIDE\plugins\com.st.stm32cube.ide.mcu.externaltools.cubeprogrammer.win32_1.4.0.202007081208\tools\bin
2023-09-09 00:11:38,439 [INFO] ProgrammerExecThread:148 - [ProgrammerAPI] CubeProgrammer command construction: C:\ST\STM32CubeIDE_1.4.0\STM32CubeIDE\plugins\com.st.stm32cube.ide.mcu.externaltools.cubeprogrammer.win32_1.4.0.202007081208\tools\bin\STM32_Programmer_CLI.exe -l
2023-09-09 00:11:38,653 [INFO] MainDdrPanel:49 - [DDR PANEL] SETTER - Set cubeProgrammerPath to: C:\ST\STM32CubeIDE_1.4.0\STM32CubeIDE\plugins\com.st.stm32cube.ide.mcu.externaltools.cubeprogrammer.win32_1.4.0.202007081208\tools\bin
2023-09-09 00:11:38,679 [INFO] Updater:904 - Updater Version found : 6.0.0
2023-09-09 00:11:38,700 [INFO] ApplicationProperties:181 - Using Application install path: C:\ST\STM32CubeIDE_1.4.0\STM32CubeIDE\plugins\com.st.stm32cube.common.mx_6.0.0.202007160824
2023-09-09 00:11:39,308 [INFO] MainUpdater:2268 - connection check result : 10
2023-09-09 00:11:39,308 [INFO] MainUpdater:2935 - Updater definition file requires update
2023-09-09 00:11:39,308 [INFO] MainUpdater:239 - Updater Check For Update Now.
2023-09-09 00:11:39,308 [INFO] MicroXplorer:414 - Change Database Version : DB.6.0.0
2023-09-09 00:11:39,708 [INFO] ServerAccessManage:348 - Download File updaters.zip
2023-09-09 00:11:40,279 [INFO] FileExtend:225 - Unzip File : updaters.zip
2023-09-09 00:11:40,279 [INFO] FileExtend:240 - Standard Zip Deflate
2023-09-09 00:11:41,028 [INFO] ServerAccessManage:348 - Download File PacksControlFlags.xml
2023-09-09 00:11:41,401 [INFO] ServerAccessManage:348 - Download File cubemx.pidx
2023-09-09 00:11:41,404 [WARN] IntegrityCheckThread:61 - waiting for thirdparty lock release [integrity check]
2023-09-09 00:11:41,404 [INFO] IntegrityCheckThread:63 - entering critical section [integrity check]
2023-09-09 00:11:41,404 [WARN] MainUpdater:1087 - Updater busy. Cannot search thirdparties
2023-09-09 00:11:41,918 [INFO] ServerAccessManage:348 - Download File STMicroelectronics.FP-SNS-SMARTAG2.pdsc
2023-09-09 00:11:42,649 [INFO] ServerAccessManage:348 - Download File STMicroelectronics.X-CUBE-NFC6.pdsc
2023-09-09 00:11:44,088 [ERROR] ServerAccessManage:954 - Problem, Http access forbiden
2023-09-09 00:11:44,088 [ERROR] ServerAccessManage:517 - Problem, Http access forbiden : RoweBots.I-CUBE-UNISONRTOS.pdsc.
2023-09-09 00:11:44,215 [WARN] PopulateThirdPartyThread:96 - Error when creating pack: C:/Users/Administrator/.stm32cubemx/thirdparties/pdsc/STMicroelectronics.FP-SNS-SMARTAG2.pdsc
2023-09-09 00:11:44,278 [INFO] CheckServerUpdateThread:102 - End of CheckServer Thread
2023-09-09 00:11:44,319 [INFO] ThirdPartyDb:299 - Save Third Party DataBase File (C:/Users/Administrator/.stm32cubemx/plugins/thirdparty/db/thirdparties_db.xml) [forced]
2023-09-09 00:11:44,366 [INFO] MainUpdater:2268 - connection check result : 10
2023-09-09 00:11:44,388 [INFO] PopulateThirdPartyThread:50 - Ending populate Thread
2023-09-09 00:11:44,388 [INFO] ThirdPartyDb:299 - Save Third Party DataBase File (C:/Users/Administrator/.stm32cubemx/plugins/thirdparty/db/thirdparties_db.xml) [forced]
2023-09-09 00:11:44,414 [WARN] MainUpdater:1087 - Updater busy. Cannot search thirdparties
2023-09-09 00:11:44,445 [INFO] Engine:289 - softwarePackList size : 48
2023-09-09 00:11:44,461 [INFO] Engine:301 - compute dependency for SwPack FP-ATR-ASTRA1 have been done, and update is requested
2023-09-09 00:11:44,498 [INFO] Engine:301 - compute dependency for SwPack FP-ATR-SIGFOX1 have been done, and update is requested
2023-09-09 00:11:44,518 [INFO] Engine:301 - compute dependency for SwPack X-CUBE-AI have been done, and update is requested
2023-09-09 00:11:44,540 [INFO] Engine:301 - compute dependency for SwPack X-CUBE-ALS have been done, and update is requested
2023-09-09 00:11:44,558 [INFO] Engine:301 - compute dependency for SwPack X-CUBE-BLE1 have been done, and update is requested
2023-09-09 00:11:44,572 [INFO] Engine:301 - compute dependency for SwPack X-CUBE-BLE2 have been done, and update is requested
2023-09-09 00:11:44,588 [INFO] Engine:301 - compute dependency for SwPack X-CUBE-BLEMGR have been done, and update is requested
2023-09-09 00:11:44,638 [INFO] Engine:301 - compute dependency for SwPack X-CUBE-EEPRMA1 have been done, and update is requested
2023-09-09 00:11:44,658 [INFO] Engine:301 - compute dependency for SwPack X-CUBE-GNSS1 have been done, and update is requested
2023-09-09 00:11:44,678 [INFO] Engine:301 - compute dependency for SwPack X-CUBE-ISPU have been done, and update is requested
2023-09-09 00:11:44,988 [INFO] ServerAccessManage:348 - Download File mcusDocs.json._tmp_
2023-09-09 00:11:45,489 [INFO] LoadUrlFilesThread:135 - End of LoadUrlFiles Thread
2023-09-09 00:11:45,718 [INFO] ServerAccessManage:348 - Download File mcusFeaturesAndDescription.json._tmp_
2023-09-09 00:11:45,749 [INFO] Engine:301 - compute dependency for SwPack X-CUBE-MEMS1 have been done, and update is requested
2023-09-09 00:11:45,769 [INFO] Engine:301 - compute dependency for SwPack X-CUBE-NFC4 have been done, and update is requested
2023-09-09 00:11:45,779 [INFO] Engine:301 - compute dependency for SwPack X-CUBE-NFC7 have been done, and update is requested
2023-09-09 00:11:45,794 [INFO] Engine:301 - compute dependency for SwPack X-CUBE-SFXS2LP1 have been done, and update is requested
2023-09-09 00:11:45,829 [INFO] Engine:301 - compute dependency for SwPack X-CUBE-SUBG2 have been done, and update is requested
2023-09-09 00:11:45,842 [INFO] Engine:305 - compute dependency for SwPack X-CUBE-TOUCHGFX have been done, no update is requested
2023-09-09 00:11:45,848 [INFO] Engine:301 - compute dependency for SwPack X-CUBE-ALGOBUILD have been done, and update is requested
2023-09-09 00:11:45,858 [INFO] Engine:301 - compute dependency for SwPack X-CUBE-AZRTOS-H7 have been done, and update is requested
2023-09-09 00:11:45,878 [INFO] Engine:301 - compute dependency for SwPack X-CUBE-AZRTOS-F4 have been done, and update is requested
2023-09-09 00:11:45,898 [INFO] Engine:301 - compute dependency for SwPack X-CUBE-AZRTOS-F7 have been done, and update is requested
2023-09-09 00:11:45,908 [INFO] Engine:301 - compute dependency for SwPack X-CUBE-AZRTOS-L4 have been done, and update is requested
2023-09-09 00:11:45,921 [ERROR] DependencyParser:1297 - StateRcvOpen_Cte Bad Token : )
2023-09-09 00:11:45,921 [ERROR] DependencyParser:1297 - StateRcvOpen_Cte Bad Token : )
2023-09-09 00:11:45,921 [ERROR] DependencyParser:1297 - StateRcvOpen_Cte Bad Token : )
2023-09-09 00:11:45,921 [ERROR] DependencyParser:1297 - StateRcvOpen_Cte Bad Token : )
2023-09-09 00:11:45,921 [ERROR] DependencyParser:1297 - StateRcvOpen_Cte Bad Token : )
2023-09-09 00:11:45,921 [ERROR] DependencyParser:1297 - StateRcvOpen_Cte Bad Token : )
2023-09-09 00:11:45,921 [ERROR] DependencyParser:1297 - StateRcvOpen_Cte Bad Token : )
2023-09-09 00:11:45,921 [ERROR] DependencyParser:1297 - StateRcvOpen_Cte Bad Token : )
2023-09-09 00:11:45,921 [ERROR] DependencyParser:1297 - StateRcvOpen_Cte Bad Token : )
2023-09-09 00:11:45,921 [ERROR] DependencyParser:1297 - StateRcvOpen_Cte Bad Token : )
2023-09-09 00:11:45,921 [ERROR] DependencyParser:1297 - StateRcvOpen_Cte Bad Token : )
2023-09-09 00:11:45,921 [ERROR] DependencyParser:1297 - StateRcvOpen_Cte Bad Token : )
2023-09-09 00:11:45,921 [ERROR] DependencyParser:1297 - StateRcvOpen_Cte Bad Token : )
2023-09-09 00:11:45,921 [ERROR] DependencyParser:1297 - StateRcvOpen_Cte Bad Token : )
2023-09-09 00:11:45,921 [ERROR] DependencyParser:1297 - StateRcvOpen_Cte Bad Token : )
2023-09-09 00:11:45,921 [ERROR] DependencyParser:1297 - StateRcvOpen_Cte Bad Token : )
2023-09-09 00:11:45,921 [ERROR] DependencyParser:1297 - StateRcvOpen_Cte Bad Token : )
2023-09-09 00:11:45,921 [ERROR] DependencyParser:1297 - StateRcvOpen_Cte Bad Token : )
2023-09-09 00:11:45,921 [ERROR] DependencyParser:1297 - StateRcvOpen_Cte Bad Token : )
2023-09-09 00:11:45,921 [ERROR] DependencyParser:1297 - StateRcvOpen_Cte Bad Token : )
2023-09-09 00:11:45,921 [ERROR] DependencyParser:1297 - StateRcvOpen_Cte Bad Token : )
2023-09-09 00:11:45,921 [ERROR] DependencyParser:1297 - StateRcvOpen_Cte Bad Token : )
2023-09-09 00:11:45,921 [ERROR] DependencyParser:1297 - StateRcvOpen_Cte Bad Token : )
2023-09-09 00:11:45,921 [ERROR] DependencyParser:1297 - StateRcvOpen_Cte Bad Token : )
2023-09-09 00:11:45,921 [ERROR] DependencyParser:1297 - StateRcvOpen_Cte Bad Token : )
2023-09-09 00:11:45,921 [ERROR] DependencyParser:1297 - StateRcvOpen_Cte Bad Token : )
2023-09-09 00:11:45,921 [ERROR] DependencyParser:1297 - StateRcvOpen_Cte Bad Token : )
2023-09-09 00:11:45,921 [ERROR] DependencyParser:1297 - StateRcvOpen_Cte Bad Token : )
2023-09-09 00:11:45,921 [ERROR] DependencyParser:1297 - StateRcvOpen_Cte Bad Token : )
2023-09-09 00:11:45,921 [ERROR] DependencyParser:1297 - StateRcvOpen_Cte Bad Token : )
2023-09-09 00:11:45,921 [ERROR] DependencyParser:1297 - StateRcvOpen_Cte Bad Token : )
2023-09-09 00:11:45,921 [ERROR] DependencyParser:1297 - StateRcvOpen_Cte Bad Token : )
2023-09-09 00:11:45,921 [ERROR] DependencyParser:1297 - StateRcvOpen_Cte Bad Token : )
2023-09-09 00:11:45,921 [ERROR] DependencyParser:1297 - StateRcvOpen_Cte Bad Token : )
2023-09-09 00:11:45,921 [ERROR] DependencyParser:1297 - StateRcvOpen_Cte Bad Token : )
2023-09-09 00:11:45,921 [ERROR] DependencyParser:1297 - StateRcvOpen_Cte Bad Token : )
2023-09-09 00:11:45,921 [ERROR] DependencyParser:1297 - StateRcvOpen_Cte Bad Token : )
2023-09-09 00:11:45,921 [ERROR] DependencyParser:1297 - StateRcvOpen_Cte Bad Token : )
2023-09-09 00:11:45,921 [ERROR] DependencyParser:1297 - StateRcvOpen_Cte Bad Token : )
2023-09-09 00:11:45,921 [ERROR] DependencyParser:1297 - StateRcvOpen_Cte Bad Token : )
2023-09-09 00:11:45,921 [ERROR] DependencyParser:1297 - StateRcvOpen_Cte Bad Token : )
2023-09-09 00:11:45,921 [ERROR] DependencyParser:1297 - StateRcvOpen_Cte Bad Token : )
2023-09-09 00:11:45,921 [ERROR] DependencyParser:1297 - StateRcvOpen_Cte Bad Token : )
2023-09-09 00:11:45,921 [ERROR] DependencyParser:1297 - StateRcvOpen_Cte Bad Token : )
2023-09-09 00:11:45,921 [ERROR] DependencyParser:1297 - StateRcvOpen_Cte Bad Token : )
2023-09-09 00:11:45,921 [ERROR] DependencyParser:1297 - StateRcvOpen_Cte Bad Token : )
2023-09-09 00:11:45,921 [INFO] Engine:305 - compute dependency for SwPack X-CUBE-AZRTOS-L5 have been done, no update is requested
2023-09-09 00:11:45,928 [INFO] Engine:301 - compute dependency for SwPack X-CUBE-AZRTOS-G0 have been done, and update is requested
2023-09-09 00:11:45,948 [INFO] Engine:301 - compute dependency for SwPack X-CUBE-AZRTOS-G4 have been done, and update is requested
2023-09-09 00:11:45,958 [INFO] Engine:301 - compute dependency for SwPack X-CUBE-AZRTOS-WB have been done, and update is requested
2023-09-09 00:11:45,969 [INFO] Engine:301 - compute dependency for SwPack X-CUBE-AZRTOS-WL have been done, and update is requested
2023-09-09 00:11:45,978 [INFO] Engine:301 - compute dependency for SwPack I-CUBE-wolfSSL have been done, and update is requested
2023-09-09 00:11:46,259 [INFO] Engine:301 - compute dependency for SwPack I-CUBE-embOS have been done, and update is requested
2023-09-09 00:11:46,270 [INFO] Engine:301 - compute dependency for SwPack I-Cube-SoM-uGOAL have been done, and update is requested
2023-09-09 00:11:46,278 [INFO] Engine:301 - compute dependency for SwPack I-CUBE-Cesium have been done, and update is requested
2023-09-09 00:11:46,304 [INFO] Engine:301 - compute dependency for SwPack X-CUBE-AI have been done, and update is requested
2023-09-09 00:11:46,329 [INFO] Engine:301 - compute dependency for SwPack X-CUBE-BLE1 have been done, and update is requested
2023-09-09 00:11:46,338 [ERROR] DependencyParser:1297 - StateRcvOpen_Cte Bad Token : )
2023-09-09 00:11:46,338 [ERROR] DependencyParser:1297 - StateRcvOpen_Cte Bad Token : )
2023-09-09 00:11:46,338 [ERROR] DependencyParser:1297 - StateRcvOpen_Cte Bad Token : )
2023-09-09 00:11:46,338 [ERROR] DependencyParser:1297 - StateRcvOpen_Cte Bad Token : )
2023-09-09 00:11:46,338 [ERROR] DependencyParser:1297 - StateRcvOpen_Cte Bad Token : )
2023-09-09 00:11:46,338 [ERROR] DependencyParser:1297 - StateRcvOpen_Cte Bad Token : )
2023-09-09 00:11:46,338 [ERROR] DependencyParser:1297 - StateRcvOpen_Cte Bad Token : )
2023-09-09 00:11:46,338 [ERROR] DependencyParser:1297 - StateRcvOpen_Cte Bad Token : )
2023-09-09 00:11:46,338 [ERROR] DependencyParser:1297 - StateRcvOpen_Cte Bad Token : )
2023-09-09 00:11:46,338 [ERROR] DependencyParser:1297 - StateRcvOpen_Cte Bad Token : )
2023-09-09 00:11:46,338 [ERROR] DependencyParser:1297 - StateRcvOpen_Cte Bad Token : )
2023-09-09 00:11:46,338 [ERROR] DependencyParser:1297 - StateRcvOpen_Cte Bad Token : )
2023-09-09 00:11:46,338 [ERROR] DependencyParser:1297 - StateRcvOpen_Cte Bad Token : )
2023-09-09 00:11:46,338 [ERROR] DependencyParser:1297 - StateRcvOpen_Cte Bad Token : )
2023-09-09 00:11:46,338 [ERROR] DependencyParser:1297 - StateRcvOpen_Cte Bad Token : )
2023-09-09 00:11:46,338 [ERROR] DependencyParser:1297 - StateRcvOpen_Cte Bad Token : )
2023-09-09 00:11:46,338 [ERROR] DependencyParser:1297 - StateRcvOpen_Cte Bad Token : )
2023-09-09 00:11:46,338 [ERROR] DependencyParser:1297 - StateRcvOpen_Cte Bad Token : )
2023-09-09 00:11:46,338 [ERROR] DependencyParser:1297 - StateRcvOpen_Cte Bad Token : )
2023-09-09 00:11:46,338 [ERROR] DependencyParser:1297 - StateRcvOpen_Cte Bad Token : )
2023-09-09 00:11:46,338 [ERROR] DependencyParser:1297 - StateRcvOpen_Cte Bad Token : )
2023-09-09 00:11:46,338 [ERROR] DependencyParser:1297 - StateRcvOpen_Cte Bad Token : )
2023-09-09 00:11:46,338 [ERROR] DependencyParser:1297 - StateRcvOpen_Cte Bad Token : )
2023-09-09 00:11:46,338 [ERROR] DependencyParser:1297 - StateRcvOpen_Cte Bad Token : )
2023-09-09 00:11:46,338 [ERROR] DependencyParser:1297 - StateRcvOpen_Cte Bad Token : )
2023-09-09 00:11:46,338 [ERROR] DependencyParser:1297 - StateRcvOpen_Cte Bad Token : )
2023-09-09 00:11:46,338 [ERROR] DependencyParser:1297 - StateRcvOpen_Cte Bad Token : )
2023-09-09 00:11:46,338 [ERROR] DependencyParser:1297 - StateRcvOpen_Cte Bad Token : )
2023-09-09 00:11:46,338 [ERROR] DependencyParser:1297 - StateRcvOpen_Cte Bad Token : )
2023-09-09 00:11:46,338 [ERROR] DependencyParser:1297 - StateRcvOpen_Cte Bad Token : )
2023-09-09 00:11:46,338 [ERROR] DependencyParser:1297 - StateRcvOpen_Cte Bad Token : )
2023-09-09 00:11:46,338 [ERROR] DependencyParser:1297 - StateRcvOpen_Cte Bad Token : )
2023-09-09 00:11:46,338 [ERROR] DependencyParser:1297 - StateRcvOpen_Cte Bad Token : )
2023-09-09 00:11:46,338 [ERROR] DependencyParser:1297 - StateRcvOpen_Cte Bad Token : )
2023-09-09 00:11:46,338 [ERROR] DependencyParser:1297 - StateRcvOpen_Cte Bad Token : )
2023-09-09 00:11:46,338 [ERROR] DependencyParser:1297 - StateRcvOpen_Cte Bad Token : )
2023-09-09 00:11:46,338 [ERROR] DependencyParser:1297 - StateRcvOpen_Cte Bad Token : )
2023-09-09 00:11:46,348 [ERROR] DependencyParser:1297 - StateRcvOpen_Cte Bad Token : )
2023-09-09 00:11:46,348 [ERROR] DependencyParser:1297 - StateRcvOpen_Cte Bad Token : )
2023-09-09 00:11:46,348 [ERROR] DependencyParser:1297 - StateRcvOpen_Cte Bad Token : )
2023-09-09 00:11:46,348 [ERROR] DependencyParser:1297 - StateRcvOpen_Cte Bad Token : )
2023-09-09 00:11:46,348 [ERROR] DependencyParser:1297 - StateRcvOpen_Cte Bad Token : )
2023-09-09 00:11:46,348 [ERROR] DependencyParser:1297 - StateRcvOpen_Cte Bad Token : )
2023-09-09 00:11:46,348 [ERROR] DependencyParser:1297 - StateRcvOpen_Cte Bad Token : )
2023-09-09 00:11:46,348 [ERROR] DependencyParser:1297 - StateRcvOpen_Cte Bad Token : )
2023-09-09 00:11:46,348 [ERROR] DependencyParser:1297 - StateRcvOpen_Cte Bad Token : )
2023-09-09 00:11:46,348 [INFO] Engine:305 - compute dependency for SwPack X-CUBE-AZRTOS-L5 have been done, no update is requested
2023-09-09 00:11:46,349 [INFO] Engine:301 - compute dependency for SwPack X-CUBE-AZRTOS-WB have been done, and update is requested
2023-09-09 00:11:46,378 [INFO] Engine:305 - compute dependency for SwPack FreeRTOS have been done, no update is requested
2023-09-09 00:11:46,378 [INFO] Engine:305 - compute dependency for SwPack lwIP have been done, no update is requested
2023-09-09 00:11:46,378 [INFO] Engine:305 - compute dependency for SwPack lwIP have been done, no update is requested
2023-09-09 00:11:46,378 [INFO] Engine:305 - compute dependency for SwPack MBEDTLS have been done, no update is requested
2023-09-09 00:11:46,378 [INFO] Engine:305 - compute dependency for SwPack MBEDTLS have been done, no update is requested
2023-09-09 00:11:46,378 [INFO] Engine:305 - compute dependency for SwPack PDM2PCM have been done, no update is requested
2023-09-09 00:11:46,378 [INFO] Engine:305 - compute dependency for SwPack PDM2PCM have been done, no update is requested
2023-09-09 00:11:46,378 [INFO] Engine:305 - compute dependency for SwPack PDM2PCM have been done, no update is requested
2023-09-09 00:11:46,384 [INFO] Engine:305 - compute dependency for SwPack USB_DEVICE have been done, no update is requested
2023-09-09 00:11:46,384 [INFO] Engine:305 - compute dependency for SwPack USB_DEVICE have been done, no update is requested
2023-09-09 00:11:46,384 [INFO] Engine:305 - compute dependency for SwPack USB_DEVICE have been done, no update is requested
2023-09-09 00:11:46,389 [INFO] Engine:305 - compute dependency for SwPack USB_HOST have been done, no update is requested
2023-09-09 00:11:46,389 [INFO] Engine:305 - compute dependency for SwPack USB_HOST have been done, no update is requested
2023-09-09 00:11:46,400 [INFO] Engine:301 - compute dependency for SwPack X-CUBE-NFC6 have been done, and update is requested
2023-09-09 00:11:46,418 [INFO] ThirdPartyDb:299 - Save Third Party DataBase File (C:/Users/Administrator/.stm32cubemx/plugins/thirdparty/db/thirdparties_db.xml) [forced]
2023-09-09 00:11:46,460 [INFO] LoadServerUpdatesThread:309 - End of LoadServerUpdate Thread
2023-09-09 00:11:47,419 [WARN] MainUpdater:1087 - Updater busy. Cannot search thirdparties
2023-09-09 00:11:50,419 [WARN] MainUpdater:1087 - Updater busy. Cannot search thirdparties
2023-09-09 00:11:53,422 [WARN] MainUpdater:1087 - Updater busy. Cannot search thirdparties
2023-09-09 00:11:55,119 [INFO] LoadUrlFilesThread:135 - End of LoadUrlFiles Thread
2023-09-09 00:11:55,269 [INFO] ServerAccessManage:348 - Download File boardsDocs.json._tmp_
2023-09-09 00:11:55,328 [INFO] LoadUrlFilesThread:135 - End of LoadUrlFiles Thread
2023-09-09 00:11:55,428 [INFO] ServerAccessManage:348 - Download File boards.json._tmp_
2023-09-09 00:11:55,934 [INFO] LoadUrlFilesThread:135 - End of LoadUrlFiles Thread
2023-09-09 00:11:56,437 [WARN] MainUpdater:1087 - Updater busy. Cannot search thirdparties
2023-09-09 00:11:59,438 [WARN] MainUpdater:1087 - Updater busy. Cannot search thirdparties
2023-09-09 00:12:02,449 [WARN] MainUpdater:1087 - Updater busy. Cannot search thirdparties
2023-09-09 00:12:05,460 [WARN] MainUpdater:1087 - Updater busy. Cannot search thirdparties
2023-09-09 00:12:08,463 [WARN] MainUpdater:1087 - Updater busy. Cannot search thirdparties
2023-09-09 00:12:11,469 [WARN] MainUpdater:1087 - Updater busy. Cannot search thirdparties
2023-09-09 00:12:12,018 [INFO] ServerAccessManage:348 - Download File cube-finder-db.zip
2023-09-09 00:12:14,470 [WARN] MainUpdater:1087 - Updater busy. Cannot search thirdparties
2023-09-09 00:12:17,482 [WARN] MainUpdater:1087 - Updater busy. Cannot search thirdparties
2023-09-09 00:12:20,491 [WARN] MainUpdater:1087 - Updater busy. Cannot search thirdparties
2023-09-09 00:12:23,494 [WARN] MainUpdater:1087 - Updater busy. Cannot search thirdparties
2023-09-09 00:12:26,495 [ERROR] IntegrityCheckThread:67 - Unexpected exception IntegrityCheckThread Thread:
2023-09-09 00:12:26,495 [ERROR] IntegrityCheckThread:70 - java.lang.Exception: Updater error
	at com.st.microxplorer.plugins.thirdparty.engine.IntegrityCheckThread.getUpdaterThirdPartyList(IntegrityCheckThread.java:296)
	at com.st.microxplorer.plugins.thirdparty.engine.IntegrityCheckThread.runProcess(IntegrityCheckThread.java:84)
	at com.st.microxplorer.plugins.thirdparty.engine.IntegrityCheckThread.run(IntegrityCheckThread.java:65)

2023-09-09 00:12:26,496 [INFO] ThirdPartyDb:299 - Save Third Party DataBase File (C:/Users/Administrator/.stm32cubemx/plugins/thirdparty/db/thirdparties_db.xml) [forced]
2023-09-09 00:12:26,528 [INFO] IntegrityCheckThread:76 - exiting critical section [integrity check]
2023-09-09 00:12:26,528 [INFO] IntegrityCheckThread:79 - End integrity checks thread
2023-09-09 00:12:41,286 [INFO] FileExtend:225 - Unzip File : cube-finder-db.zip
2023-09-09 00:12:41,289 [INFO] FileExtend:240 - Standard Zip Deflate
2023-09-09 00:12:42,018 [INFO] LoadUrlFilesThread:135 - End of LoadUrlFiles Thread
2023-09-09 00:12:42,697 [INFO] ServerAccessManage:348 - Download File crdb.zip
2023-09-09 00:12:44,252 [INFO] FileExtend:225 - Unzip File : crdb.zip
2023-09-09 00:12:44,254 [INFO] FileExtend:240 - Standard Zip Deflate
2023-09-09 00:12:44,289 [INFO] LoadUrlFilesThread:135 - End of LoadUrlFiles Thread
2023-09-09 00:12:44,684 [INFO] ServerAccessManage:348 - Download File tutoVideoDB.zip
2023-09-09 00:12:44,903 [INFO] FileExtend:225 - Unzip File : tutoVideoDB.zip
2023-09-09 00:12:44,906 [INFO] FileExtend:240 - Standard Zip Deflate
2023-09-09 00:12:44,918 [INFO] LoadUrlFilesThread:135 - End of LoadUrlFiles Thread
2023-09-09 00:12:44,944 [INFO] DbMcusDocs:145 - JSON generation date=Tue Nov 16 18:17:54 EET 2021 (1637079474)
2023-09-09 00:12:44,945 [INFO] DbMcusXml:100 - Load MCU database from C:\ST\STM32CubeIDE_1.4.0\STM32CubeIDE\plugins\com.st.stm32cube.common.mx_6.0.0.202007160824\\db\/mcu/families.xml
2023-09-09 00:12:45,708 [INFO] DbMcusJson:92 - JSON generation date=Tue Nov 16 18:17:54 EET 2021 (1637079474)
2023-09-09 00:12:47,106 [INFO] DbMcus:175 - Found 1761 MCUs (1722 are supported by CubeMX, 1911 are visible in CubeMX)
2023-09-09 00:12:47,107 [INFO] ApiDb:201 - Load user favorites file C:\Users\Administrator/.stm32cubemx/favorites.mcus.txt: 0 item(s)
2023-09-09 00:12:47,107 [INFO] ApiDb:205 - User favorites MCUs=[]
2023-09-09 00:12:47,107 [INFO] DbMcus:187 - Set 0 / 0 favorites MCUs
2023-09-09 00:12:47,533 [INFO] DbMcusDocs:81 - Found 682 MCUs documents
2023-09-09 00:12:47,535 [INFO] ApiDb:226 - Save user favorites file C:\Users\Administrator/.stm32cubemx/favorites.mcus.txt: 0 item(s)
2023-09-09 00:12:47,535 [INFO] ApiDb:230 - User favorites MCUs=[]
2023-09-09 00:12:47,536 [INFO] DbMcusXml:100 - Load MCU database from C:\ST\STM32CubeIDE_1.4.0\STM32CubeIDE\plugins\com.st.stm32cube.common.mx_6.0.0.202007160824\\db\/mcu/families.xml
2023-09-09 00:12:49,828 [INFO] DbMcusJson:92 - JSON generation date=Tue Nov 16 18:17:54 EET 2021 (1637079474)
2023-09-09 00:12:50,297 [INFO] DbMcus:175 - Found 1761 MCUs (1722 are supported by CubeMX, 1911 are visible in CubeMX)
2023-09-09 00:12:50,297 [INFO] ApiDb:201 - Load user favorites file C:\Users\Administrator/.stm32cubemx/favorites.mcus.txt: 0 item(s)
2023-09-09 00:12:50,297 [INFO] ApiDb:205 - User favorites MCUs=[]
2023-09-09 00:12:50,297 [INFO] DbMcus:187 - Set 0 / 0 favorites MCUs
2023-09-09 00:12:50,307 [INFO] DbBoardsDocs:145 - JSON generation date=Tue Nov 16 18:17:54 EET 2021 (1637079474)
2023-09-09 00:12:50,321 [INFO] DbBoardsPdsc:94 - Found 23 items
2023-09-09 00:12:50,323 [INFO] DbBoardsPdsc:94 - Found 9 items
2023-09-09 00:12:50,327 [INFO] DbBoardsPdsc:94 - Found 29 items
2023-09-09 00:12:50,329 [INFO] DbBoardsPdsc:94 - Found 1 items
2023-09-09 00:12:50,334 [INFO] DbBoardsPdsc:94 - Found 44 items
2023-09-09 00:12:50,341 [INFO] DbBoardsPdsc:94 - Found 40 items
2023-09-09 00:12:50,344 [INFO] DbBoardsPdsc:94 - Found 2 items
2023-09-09 00:12:50,346 [INFO] DbBoardsPdsc:94 - Found 4 items
2023-09-09 00:12:50,353 [WARN] DbBoardsPdsc:258 - Board STM32H7B3I-DK: unknown feature type=Audio, name=, username=Audio stereo codec with Headphone Amp (CS42L51-CNZ), n=1
2023-09-09 00:12:50,354 [WARN] DbBoardsPdsc:258 - Board STM32H735G-DK: unknown feature type=Audio, name=, username=Audio stereo codec with Headphone Amp (WM8994ECS/R), n=1
2023-09-09 00:12:50,355 [WARN] DbBoardsPdsc:258 - Board STM32H7B3I-EVAL: unknown feature type=Audio, name=, username=Multi-Channel Audio Codec (CS42L51-CNZ), n=1
2023-09-09 00:12:50,355 [WARN] DbBoardsPdsc:258 - Board STM32H7B3I-EVAL: unknown feature type=Meter, name=, username=Power-metering and Temperature-monitoring with sigma-delta modulators, n=1
2023-09-09 00:12:50,356 [WARN] DbBoardsPdsc:258 - Board STM32H7B3I-EVAL: unknown feature type=Motor, name=, username=Motor Control, n=1
2023-09-09 00:12:50,387 [INFO] DbBoardsJson:85 - JSON generation date=Tue Nov 16 18:17:54 EET 2021 (1637079474)
2023-09-09 00:12:50,397 [INFO] DbBoards:117 - Found 166 boards (149 are supported by CubeMX)
2023-09-09 00:12:50,398 [INFO] DbBoardsDocs:145 - JSON generation date=Tue Nov 16 18:17:54 EET 2021 (1637079474)
2023-09-09 00:12:50,403 [INFO] DbBoardsDocs:81 - Found 209 boards documents
2023-09-09 00:12:50,405 [WARN] DbBoards:127 - board B-L475E-IOT01A2 has no document id list !
2023-09-09 00:12:50,407 [WARN] DbBoards:127 - board NUCLEO-H743ZI has no document id list !
2023-09-09 00:12:50,408 [WARN] DbBoards:127 - board P-NUCLEO-WB55-Nucleo has no document id list !
2023-09-09 00:12:50,408 [WARN] DbBoards:127 - board P-NUCLEO-WB55-USBDongle has no document id list !
2023-09-09 00:12:50,408 [WARN] DbBoards:127 - board STEVAL-BFA001V1B has no document id list !
2023-09-09 00:12:50,408 [WARN] DbBoards:127 - board STEVAL-BFA001V2B has no document id list !
2023-09-09 00:12:50,408 [WARN] DbBoards:127 - board STEVAL-IDP005V1 has no document id list !
2023-09-09 00:12:50,409 [WARN] DbBoards:127 - board STEVAL-IDP005V2 has no document id list !
2023-09-09 00:12:50,409 [WARN] DbBoards:127 - board STEVAL-MKSBOX1V1 has no document id list !
2023-09-09 00:12:50,409 [WARN] DbBoards:127 - board STEVAL-STWINKT1 has no document id list !
2023-09-09 00:12:50,409 [WARN] DbBoards:127 - board STEVAL-STWINKT1B has no document id list !
2023-09-09 00:12:50,409 [WARN] DbBoards:127 - board STM32439I-EVAL2 has no document id list !
2023-09-09 00:12:50,409 [WARN] DbBoards:127 - board STM32F401C-DISCO has no document id list !
2023-09-09 00:12:50,410 [WARN] DbBoards:127 - board STM32F769I-DISC1 has no document id list !
2023-09-09 00:12:50,410 [WARN] DbBoards:127 - board STM32G474E-EVAL1 has no document id list !
2023-09-09 00:12:50,410 [WARN] DbBoards:127 - board STM32H743I-EVAL2 has no document id list !
2023-09-09 00:12:50,410 [WARN] DbBoards:127 - board STM32H747I-DISC1 has no document id list !
2023-09-09 00:12:50,411 [WARN] DbBoards:127 - board STM32H753I-EVAL2 has no document id list !
2023-09-09 00:12:50,411 [WARN] DbBoards:127 - board STM32L-DISCOVERY has no document id list !
2023-09-09 00:12:50,521 [ERROR] DbBoards:189 - Image file not found for board B-L462E-CELL1: C:\ST\STM32CubeIDE_1.4.0\STM32CubeIDE\plugins\com.st.stm32cube.common.mx_6.0.0.202007160824\\db\/plugins/mcufinder/images/boards/B-L462E-CELL1_small.jpg
2023-09-09 00:12:50,607 [ERROR] DbBoards:189 - Image file not found for board B-U585I-IOT02A: C:\ST\STM32CubeIDE_1.4.0\STM32CubeIDE\plugins\com.st.stm32cube.common.mx_6.0.0.202007160824\\db\/plugins/mcufinder/images/boards/B-U585I-IOT02A_small.jpg
2023-09-09 00:12:50,729 [ERROR] DbBoards:189 - Image file not found for board NUCLEO-F413ZH: C:\ST\STM32CubeIDE_1.4.0\STM32CubeIDE\plugins\com.st.stm32cube.common.mx_6.0.0.202007160824\\db\/plugins/mcufinder/images/boards/nucleo-f413zh_small.jpg
2023-09-09 00:12:50,963 [ERROR] DbBoards:189 - Image file not found for board NUCLEO-L552ZE-Q: C:\ST\STM32CubeIDE_1.4.0\STM32CubeIDE\plugins\com.st.stm32cube.common.mx_6.0.0.202007160824\\db\/plugins/mcufinder/images/boards/nucleo_l552ze_q_small.jpg
2023-09-09 00:12:50,964 [ERROR] DbBoards:189 - Image file not found for board NUCLEO-U575ZI-Q: C:\ST\STM32CubeIDE_1.4.0\STM32CubeIDE\plugins\com.st.stm32cube.common.mx_6.0.0.202007160824\\db\/plugins/mcufinder/images/boards/nucleo-u575zi-q_small.jpg
2023-09-09 00:12:50,964 [ERROR] DbBoards:189 - Image file not found for board NUCLEO-WB15CC: C:\ST\STM32CubeIDE_1.4.0\STM32CubeIDE\plugins\com.st.stm32cube.common.mx_6.0.0.202007160824\\db\/plugins/mcufinder/images/boards/nucleo-wb15cc_small.jpg
2023-09-09 00:12:50,964 [ERROR] DbBoards:189 - Image file not found for board NUCLEO-WB55RG: C:\ST\STM32CubeIDE_1.4.0\STM32CubeIDE\plugins\com.st.stm32cube.common.mx_6.0.0.202007160824\\db\/plugins/mcufinder/images/boards/nucleo-wb55rg_small.jpg
2023-09-09 00:12:50,964 [ERROR] DbBoards:189 - Image file not found for board NUCLEO-WL55JC: C:\ST\STM32CubeIDE_1.4.0\STM32CubeIDE\plugins\com.st.stm32cube.common.mx_6.0.0.202007160824\\db\/plugins/mcufinder/images/boards/nucleo-wl55jc-small.jpg
2023-09-09 00:12:51,197 [ERROR] DbBoards:189 - Image file not found for board STEVAL-STWINKT1B: C:\ST\STM32CubeIDE_1.4.0\STM32CubeIDE\plugins\com.st.stm32cube.common.mx_6.0.0.202007160824\\db\/plugins/mcufinder/images/boards/steval-stwinkt1b_small.jpg
2023-09-09 00:12:51,629 [ERROR] DbBoards:189 - Image file not found for board STM32G0C1E-EV: C:\ST\STM32CubeIDE_1.4.0\STM32CubeIDE\plugins\com.st.stm32cube.common.mx_6.0.0.202007160824\\db\/plugins/mcufinder/images/boards/stm32g0c1e-eval_small.jpg
2023-09-09 00:12:51,719 [ERROR] DbBoards:189 - Image file not found for board STM32H7B3I-EVAL: C:\ST\STM32CubeIDE_1.4.0\STM32CubeIDE\plugins\com.st.stm32cube.common.mx_6.0.0.202007160824\\db\/plugins/mcufinder/images/boards/stm32h7b3ieval_small.jpg
2023-09-09 00:12:51,896 [ERROR] DbBoards:189 - Image file not found for board STM32U575I-EV: C:\ST\STM32CubeIDE_1.4.0\STM32CubeIDE\plugins\com.st.stm32cube.common.mx_6.0.0.202007160824\\db\/plugins/mcufinder/images/boards/stm32u575i-ev_small.jpg
2023-09-09 00:12:51,925 [ERROR] DbBoards:189 - Image file not found for board STM32WB5MM-DK: C:\ST\STM32CubeIDE_1.4.0\STM32CubeIDE\plugins\com.st.stm32cube.common.mx_6.0.0.202007160824\\db\/plugins/mcufinder/images/boards/STM32WB5MM-DK_small.jpg
2023-09-09 00:12:51,926 [INFO] ApiDb:201 - Load user favorites file C:\Users\Administrator/.stm32cubemx/favorites.boards.txt: 0 item(s)
2023-09-09 00:12:51,926 [INFO] ApiDb:205 - User favorites Boards=[]
2023-09-09 00:12:51,926 [INFO] DbBoards:206 - Set 0 / 0 favorites Boards
2023-09-09 00:12:51,929 [INFO] DbBoardsDocs:81 - Found 418 boards documents
2023-09-09 00:12:51,929 [INFO] ApiDb:226 - Save user favorites file C:\Users\Administrator/.stm32cubemx/favorites.boards.txt: 0 item(s)
2023-09-09 00:12:51,930 [INFO] ApiDb:230 - User favorites Boards=[]
2023-09-09 00:12:51,932 [INFO] DbBoardsPdsc:94 - Found 23 items
2023-09-09 00:12:51,934 [INFO] DbBoardsPdsc:94 - Found 9 items
2023-09-09 00:12:51,936 [INFO] DbBoardsPdsc:94 - Found 29 items
2023-09-09 00:12:51,937 [INFO] DbBoardsPdsc:94 - Found 1 items
2023-09-09 00:12:51,942 [INFO] DbBoardsPdsc:94 - Found 44 items
2023-09-09 00:12:51,947 [INFO] DbBoardsPdsc:94 - Found 40 items
2023-09-09 00:12:51,949 [INFO] DbBoardsPdsc:94 - Found 2 items
2023-09-09 00:12:51,950 [INFO] DbBoardsPdsc:94 - Found 4 items
2023-09-09 00:12:51,954 [WARN] DbBoardsPdsc:258 - Board STM32H7B3I-DK: unknown feature type=Audio, name=, username=Audio stereo codec with Headphone Amp (CS42L51-CNZ), n=1
2023-09-09 00:12:51,954 [WARN] DbBoardsPdsc:258 - Board STM32H735G-DK: unknown feature type=Audio, name=, username=Audio stereo codec with Headphone Amp (WM8994ECS/R), n=1
2023-09-09 00:12:51,958 [WARN] DbBoardsPdsc:258 - Board STM32H7B3I-EVAL: unknown feature type=Audio, name=, username=Multi-Channel Audio Codec (CS42L51-CNZ), n=1
2023-09-09 00:12:51,958 [WARN] DbBoardsPdsc:258 - Board STM32H7B3I-EVAL: unknown feature type=Meter, name=, username=Power-metering and Temperature-monitoring with sigma-delta modulators, n=1
2023-09-09 00:12:51,959 [WARN] DbBoardsPdsc:258 - Board STM32H7B3I-EVAL: unknown feature type=Motor, name=, username=Motor Control, n=1
2023-09-09 00:12:51,974 [INFO] DbBoardsJson:85 - JSON generation date=Tue Nov 16 18:17:54 EET 2021 (1637079474)
2023-09-09 00:12:51,980 [INFO] DbBoards:117 - Found 166 boards (149 are supported by CubeMX)
2023-09-09 00:12:51,980 [WARN] DbBoards:127 - board B-L475E-IOT01A2 has no document id list !
2023-09-09 00:12:51,981 [WARN] DbBoards:127 - board NUCLEO-H743ZI has no document id list !
2023-09-09 00:12:51,981 [WARN] DbBoards:127 - board P-NUCLEO-WB55-Nucleo has no document id list !
2023-09-09 00:12:51,981 [WARN] DbBoards:127 - board P-NUCLEO-WB55-USBDongle has no document id list !
2023-09-09 00:12:51,981 [WARN] DbBoards:127 - board STEVAL-BFA001V1B has no document id list !
2023-09-09 00:12:51,981 [WARN] DbBoards:127 - board STEVAL-BFA001V2B has no document id list !
2023-09-09 00:12:51,982 [WARN] DbBoards:127 - board STEVAL-IDP005V1 has no document id list !
2023-09-09 00:12:51,982 [WARN] DbBoards:127 - board STEVAL-IDP005V2 has no document id list !
2023-09-09 00:12:51,982 [WARN] DbBoards:127 - board STEVAL-MKSBOX1V1 has no document id list !
2023-09-09 00:12:51,982 [WARN] DbBoards:127 - board STEVAL-STWINKT1 has no document id list !
2023-09-09 00:12:51,982 [WARN] DbBoards:127 - board STEVAL-STWINKT1B has no document id list !
2023-09-09 00:12:51,982 [WARN] DbBoards:127 - board STM32439I-EVAL2 has no document id list !
2023-09-09 00:12:51,982 [WARN] DbBoards:127 - board STM32F401C-DISCO has no document id list !
2023-09-09 00:12:51,982 [WARN] DbBoards:127 - board STM32F769I-DISC1 has no document id list !
2023-09-09 00:12:51,983 [WARN] DbBoards:127 - board STM32G474E-EVAL1 has no document id list !
2023-09-09 00:12:51,983 [WARN] DbBoards:127 - board STM32H743I-EVAL2 has no document id list !
2023-09-09 00:12:51,983 [WARN] DbBoards:127 - board STM32H747I-DISC1 has no document id list !
2023-09-09 00:12:51,983 [WARN] DbBoards:127 - board STM32H753I-EVAL2 has no document id list !
2023-09-09 00:12:51,983 [WARN] DbBoards:127 - board STM32L-DISCOVERY has no document id list !
2023-09-09 00:12:52,030 [ERROR] DbBoards:189 - Image file not found for board B-L462E-CELL1: C:\ST\STM32CubeIDE_1.4.0\STM32CubeIDE\plugins\com.st.stm32cube.common.mx_6.0.0.202007160824\\db\/plugins/mcufinder/images/boards/B-L462E-CELL1_small.jpg
2023-09-09 00:12:52,064 [ERROR] DbBoards:189 - Image file not found for board B-U585I-IOT02A: C:\ST\STM32CubeIDE_1.4.0\STM32CubeIDE\plugins\com.st.stm32cube.common.mx_6.0.0.202007160824\\db\/plugins/mcufinder/images/boards/B-U585I-IOT02A_small.jpg
2023-09-09 00:12:52,134 [ERROR] DbBoards:189 - Image file not found for board NUCLEO-F413ZH: C:\ST\STM32CubeIDE_1.4.0\STM32CubeIDE\plugins\com.st.stm32cube.common.mx_6.0.0.202007160824\\db\/plugins/mcufinder/images/boards/nucleo-f413zh_small.jpg
2023-09-09 00:12:52,298 [ERROR] DbBoards:189 - Image file not found for board NUCLEO-L552ZE-Q: C:\ST\STM32CubeIDE_1.4.0\STM32CubeIDE\plugins\com.st.stm32cube.common.mx_6.0.0.202007160824\\db\/plugins/mcufinder/images/boards/nucleo_l552ze_q_small.jpg
2023-09-09 00:12:52,298 [ERROR] DbBoards:189 - Image file not found for board NUCLEO-U575ZI-Q: C:\ST\STM32CubeIDE_1.4.0\STM32CubeIDE\plugins\com.st.stm32cube.common.mx_6.0.0.202007160824\\db\/plugins/mcufinder/images/boards/nucleo-u575zi-q_small.jpg
2023-09-09 00:12:52,298 [ERROR] DbBoards:189 - Image file not found for board NUCLEO-WB15CC: C:\ST\STM32CubeIDE_1.4.0\STM32CubeIDE\plugins\com.st.stm32cube.common.mx_6.0.0.202007160824\\db\/plugins/mcufinder/images/boards/nucleo-wb15cc_small.jpg
2023-09-09 00:12:52,298 [ERROR] DbBoards:189 - Image file not found for board NUCLEO-WB55RG: C:\ST\STM32CubeIDE_1.4.0\STM32CubeIDE\plugins\com.st.stm32cube.common.mx_6.0.0.202007160824\\db\/plugins/mcufinder/images/boards/nucleo-wb55rg_small.jpg
2023-09-09 00:12:52,299 [ERROR] DbBoards:189 - Image file not found for board NUCLEO-WL55JC: C:\ST\STM32CubeIDE_1.4.0\STM32CubeIDE\plugins\com.st.stm32cube.common.mx_6.0.0.202007160824\\db\/plugins/mcufinder/images/boards/nucleo-wl55jc-small.jpg
2023-09-09 00:12:52,422 [ERROR] DbBoards:189 - Image file not found for board STEVAL-STWINKT1B: C:\ST\STM32CubeIDE_1.4.0\STM32CubeIDE\plugins\com.st.stm32cube.common.mx_6.0.0.202007160824\\db\/plugins/mcufinder/images/boards/steval-stwinkt1b_small.jpg
2023-09-09 00:12:52,651 [ERROR] DbBoards:189 - Image file not found for board STM32G0C1E-EV: C:\ST\STM32CubeIDE_1.4.0\STM32CubeIDE\plugins\com.st.stm32cube.common.mx_6.0.0.202007160824\\db\/plugins/mcufinder/images/boards/stm32g0c1e-eval_small.jpg
2023-09-09 00:12:52,739 [ERROR] DbBoards:189 - Image file not found for board STM32H7B3I-EVAL: C:\ST\STM32CubeIDE_1.4.0\STM32CubeIDE\plugins\com.st.stm32cube.common.mx_6.0.0.202007160824\\db\/plugins/mcufinder/images/boards/stm32h7b3ieval_small.jpg
2023-09-09 00:12:52,886 [ERROR] DbBoards:189 - Image file not found for board STM32U575I-EV: C:\ST\STM32CubeIDE_1.4.0\STM32CubeIDE\plugins\com.st.stm32cube.common.mx_6.0.0.202007160824\\db\/plugins/mcufinder/images/boards/stm32u575i-ev_small.jpg
2023-09-09 00:12:52,910 [ERROR] DbBoards:189 - Image file not found for board STM32WB5MM-DK: C:\ST\STM32CubeIDE_1.4.0\STM32CubeIDE\plugins\com.st.stm32cube.common.mx_6.0.0.202007160824\\db\/plugins/mcufinder/images/boards/STM32WB5MM-DK_small.jpg
2023-09-09 00:12:52,911 [INFO] ApiDb:201 - Load user favorites file C:\Users\Administrator/.stm32cubemx/favorites.boards.txt: 0 item(s)
2023-09-09 00:12:52,911 [INFO] ApiDb:205 - User favorites Boards=[]
2023-09-09 00:12:52,911 [INFO] DbBoards:206 - Set 0 / 0 favorites Boards
2023-09-09 00:12:53,029 [INFO] DbExamplesSqlite:156 - SQLite db open (C:\Users\Administrator\.stmcufinder\plugins\mcufinder\mcu\cube-finder-db.db)
2023-09-09 00:12:53,911 [INFO] DbExamplesSqlite:447 - Ignored 0 examples not supported by CubeIDE
2023-09-09 00:12:53,911 [INFO] DbExamplesSqlite:448 - Found 7231 examples active
2023-09-09 00:12:53,911 [INFO] DbExamplesSqlite:449 - Found 677 examples obsolete
2023-09-09 00:12:53,911 [INFO] DbExamplesSqlite:450 - Found 0 examples under development
2023-09-09 00:12:53,911 [INFO] DbExamplesSqlite:451 - Found 74 examples not building
2023-09-09 00:12:53,985 [INFO] DbExamplesSqlite:130 - SQLite Data Model version=2.1
2023-09-09 00:12:53,985 [INFO] DbExamplesSqlite:131 - SQLite Configuration version=3.0.37
2023-09-09 00:12:53,985 [INFO] DbExamplesSqlite:132 - SQLite generation date=2023-08-09 (1691586011)
2023-09-09 00:12:53,985 [INFO] DbExamplesSqlite:133 - SQLite FW Pack versions=[FP-ATR-ASTRA1_V2.0.0, FP-SNS-FLIGHT1_V5.0.1, FP-SNS-FLIGHT1_V5.0.2, FP-SNS-MOTENV1_V4.3.1, FP-SNS-MOTENV1_V4.3.2, STM32Cube_FW_C0_V1.1.0, STM32Cube_FW_F4_V1.27.1, STM32Cube_FW_F7_V1.17.0, STM32Cube_FW_G0_V1.6.1, STM32Cube_FW_G4_V1.5.1, STM32Cube_FW_H5_V0.5.1, STM32Cube_FW_H5_V1.1.0, STM32Cube_FW_H7_V1.11.0, STM32Cube_FW_L0_V1.12.2, STM32Cube_FW_L5_V1.5.0, STM32Cube_FW_U5_V1.3.0, STM32Cube_FW_U5_V1.3.0RC4, STM32Cube_FW_WBA_V1.0.0RC1, STM32Cube_FW_WBA_V1.1.0, STM32Cube_FW_WBA_V1.1.0RC1, STM32Cube_FW_WB_V1.15.0RC1, STM32Cube_FW_WB_V1.16.0, STM32Cube_FW_WB_V1.16.0RC2, STM32Cube_FW_WB_V1.17.0, STM32Cube_FW_WL_V1.3.0, X-CUBE-ALGOBUILD_V1.3.0, X-CUBE-ALS_V1.0.1, X-CUBE-AZRTOS-F4_V1.1.0, X-CUBE-AZRTOS-F7_V1.1.0, X-CUBE-AZRTOS-G0_V1.1.0, X-CUBE-AZRTOS-G4_V2.0.0, X-CUBE-AZRTOS-H7_V3.1.0, X-CUBE-AZRTOS-L4_V1.0.0, X-CUBE-AZRTOS-L4_V2.0.0, X-CUBE-AZRTOS-L5_V1.1.0, X-CUBE-AZRTOS-WB_V1.1.0, X-CUBE-AZRTOS-WL_V2.0.0, X-CUBE-BLE1_V7.0.0, X-CUBE-BLE2_V3.3.0, X-CUBE-BLEMGR_V2.0.0, X-CUBE-EEPRMA1_V4.1.0, X-CUBE-FREERTOS_V1.1.0, X-CUBE-GNSS1_V6.0.0, X-CUBE-MEMS1_V9.1.0, X-CUBE-MEMS1_V9.4.0, X-CUBE-MEMS1_V9.6.0, X-CUBE-NFC4_V3.0.0, X-CUBE-NFC7_V1.0.0, X-CUBE-SFXS2LP1_V4.0.0, X-CUBE-SUBG2_V5.0.0, X-CUBE-TOF1_V3.3.1]
2023-09-09 00:12:53,986 [INFO] DbExamples:123 - Found 7305 examples
2023-09-09 00:12:54,574 [ERROR] DbExamples:199 - Found 7305 examples with invalid data (board or MCU)
2023-09-09 00:12:54,575 [INFO] DbExamples:215 - Found 77 boards with related examples
2023-09-09 00:12:54,575 [INFO] DbExamples:228 - Found 0 MCUs with related examples
2023-09-09 00:12:54,602 [INFO] ApiDb:192 - User favorites file not found: C:\Users\Administrator/.stm32cubemx/favorites.examples.txt
2023-09-09 00:12:54,602 [INFO] DbExamples:249 - Set 0 / 0 favorites Examples
2023-09-09 00:12:54,768 [INFO] McuFinderGlobals:40 - Set McuFinder mode to 2 (CubeIDE integrated)
2023-09-09 00:12:54,924 [INFO] CrossSelectorPresenter:1330 - Cross Selector saved comparison directory: C:\Users\Administrator\.stmcufinder\plugins\mcufinder\mcu\cs_comparisons_mx
2023-09-09 00:12:54,932 [INFO] MultiScanPanel:193 - Auto-refresh data requested => check proxy status ongoing
2023-09-09 00:12:54,935 [INFO] FinderPluginLoader:87 - Searching for filters in installed packs
2023-09-09 00:12:55,426 [INFO] LoadUrlFilesThread:162 - End of LoadServerUrlFiles without Thread
2023-09-09 00:12:55,468 [INFO] DetailPanel:331 - Set advertising image to C:/Users/Administrator/STM32Cube/Repository/\stm32cubemx-promo_image.jpg
2023-09-09 00:12:55,853 [INFO] McuFilterPanel:245 - Update 0 favorites MCUs
2023-09-09 00:14:09,085 [INFO] ApiDb:226 - Save user favorites file C:\Users\Administrator/.stm32cubeide/favorites.mcus.txt: 0 item(s)
2023-09-09 00:14:09,086 [INFO] ApiDb:230 - User favorites MCUs=[]
