2023-09-24 07:53:36,452 [INFO] Activator:178 - 


2023-09-24 07:53:36,455 [INFO] Activator:179 - !SESSION log4j initialized
2023-09-24 07:54:45,796 [INFO] RetryExec:97 - I/O exception (org.apache.http.NoHttpResponseException) caught when processing request to {s}->https://download.eclipse.org:443: The target server failed to respond
2023-09-24 07:54:45,799 [INFO] RetryExec:113 - Retrying request to {s}->https://download.eclipse.org:443
2023-09-24 07:54:46,681 [INFO] RetryExec:97 - I/O exception (org.apache.http.NoHttpResponseException) caught when processing request to {s}->https://archive.eclipse.org:443: The target server failed to respond
2023-09-24 07:54:46,681 [INFO] RetryExec:113 - Retrying request to {s}->https://archive.eclipse.org:443
2023-09-24 07:54:47,707 [INFO] RetryExec:97 - I/O exception (org.apache.http.NoHttpResponseException) caught when processing request to {s}->https://download.eclipse.org:443: The target server failed to respond
2023-09-24 07:54:47,707 [INFO] RetryExec:113 - Retrying request to {s}->https://download.eclipse.org:443
2023-09-24 10:07:22,528 [INFO] ApplicationProperties:181 - Using Application install path: C:\ST\STM32CubeIDE_1.4.0\STM32CubeIDE\plugins\com.st.stm32cube.common.mx_6.0.0.202007160824
2023-09-24 10:07:22,538 [INFO] DbMcusXml:70 - Set database path to: C:\ST\STM32CubeIDE_1.4.0\STM32CubeIDE\plugins\com.st.stm32cube.common.mx_6.0.0.202007160824\\db\/mcu/
2023-09-24 10:07:22,543 [INFO] DbBoardsPdsc:56 - Set plugin database path to: C:\ST\STM32CubeIDE_1.4.0\STM32CubeIDE\plugins\com.st.stm32cube.common.mx_6.0.0.202007160824\\db\/plugins/boardmanager/
2023-09-24 10:07:22,543 [INFO] DbMcus:258 - Set plugin images path to: C:\ST\STM32CubeIDE_1.4.0\STM32CubeIDE\plugins\com.st.stm32cube.common.mx_6.0.0.202007160824\\db\/plugins/mcufinder/images/
2023-09-24 10:07:22,543 [INFO] DbBoards:264 - Set plugin images path to: C:\ST\STM32CubeIDE_1.4.0\STM32CubeIDE\plugins\com.st.stm32cube.common.mx_6.0.0.202007160824\\db\/plugins/mcufinder/images/
2023-09-24 10:07:22,547 [INFO] DbExamples:326 - Set plugin images path to: C:\ST\STM32CubeIDE_1.4.0\STM32CubeIDE\plugins\com.st.stm32cube.common.mx_6.0.0.202007160824\\db\/plugins/mcufinder/images/
2023-09-24 10:07:22,557 [INFO] DbMcusDocs:112 - Set database path to: C:\Users\Administrator\.stmcufinder\plugins\mcufinder//mcu/
2023-09-24 10:07:22,559 [INFO] DbMcusJson:63 - Set database path to: C:\Users\Administrator\.stmcufinder\plugins\mcufinder//mcu/
2023-09-24 10:07:22,559 [INFO] DbBoardsDocs:112 - Set database path to: C:\Users\Administrator\.stmcufinder\plugins\mcufinder//mcu/
2023-09-24 10:07:22,559 [INFO] DbBoardsJson:56 - Set database path to: C:\Users\Administrator\.stmcufinder\plugins\mcufinder//mcu/
2023-09-24 10:07:22,638 [INFO] CrossReferenceDbSqlite:196 - Set database path to: C:\Users\Administrator\.stmcufinder\plugins\mcufinder//mcu/cs/
2023-09-24 10:07:22,638 [INFO] DbExamplesSqlite:800 - Set database path to: C:\Users\Administrator\.stmcufinder\plugins\mcufinder//mcu/
2023-09-24 10:07:22,732 [INFO] RulesReader:52 - Compatibility file has been processed (209 Rules)
2023-09-24 10:07:22,815 [INFO] MicroXplorer:564 - Detected Java Version = 1.8.0_252
2023-09-24 10:07:22,815 [INFO] DbMcusXml:70 - Set database path to: C:\ST\STM32CubeIDE_1.4.0\STM32CubeIDE\plugins\com.st.stm32cube.common.mx_6.0.0.202007160824\\db\/mcu/
2023-09-24 10:07:22,815 [INFO] DbBoardsPdsc:56 - Set plugin database path to: C:\ST\STM32CubeIDE_1.4.0\STM32CubeIDE\plugins\com.st.stm32cube.common.mx_6.0.0.202007160824\\db\/plugins/boardmanager/
2023-09-24 10:07:22,818 [INFO] DbMcus:258 - Set plugin images path to: C:\ST\STM32CubeIDE_1.4.0\STM32CubeIDE\plugins\com.st.stm32cube.common.mx_6.0.0.202007160824\\db\/plugins/mcufinder/images/
2023-09-24 10:07:22,818 [INFO] DbBoards:264 - Set plugin images path to: C:\ST\STM32CubeIDE_1.4.0\STM32CubeIDE\plugins\com.st.stm32cube.common.mx_6.0.0.202007160824\\db\/plugins/mcufinder/images/
2023-09-24 10:07:22,818 [INFO] DbExamples:326 - Set plugin images path to: C:\ST\STM32CubeIDE_1.4.0\STM32CubeIDE\plugins\com.st.stm32cube.common.mx_6.0.0.202007160824\\db\/plugins/mcufinder/images/
2023-09-24 10:07:22,818 [WARN] DbFile:36 - Overriding database path with different value: C:\Users\Administrator\.stmcufinder\plugins\mcufinder/ => C:\Users\Administrator\.stmcufinder\plugins\mcufinder
2023-09-24 10:07:22,818 [INFO] DbMcusDocs:112 - Set database path to: C:\Users\Administrator\.stmcufinder\plugins\mcufinder//mcu/
2023-09-24 10:07:22,818 [WARN] DbFile:36 - Overriding database path with different value: C:\Users\Administrator\.stmcufinder\plugins\mcufinder/ => C:\Users\Administrator\.stmcufinder\plugins\mcufinder
2023-09-24 10:07:22,818 [INFO] DbMcusJson:63 - Set database path to: C:\Users\Administrator\.stmcufinder\plugins\mcufinder//mcu/
2023-09-24 10:07:22,818 [WARN] DbFile:36 - Overriding database path with different value: C:\Users\Administrator\.stmcufinder\plugins\mcufinder/ => C:\Users\Administrator\.stmcufinder\plugins\mcufinder
2023-09-24 10:07:22,818 [INFO] DbBoardsDocs:112 - Set database path to: C:\Users\Administrator\.stmcufinder\plugins\mcufinder//mcu/
2023-09-24 10:07:22,818 [WARN] DbFile:36 - Overriding database path with different value: C:\Users\Administrator\.stmcufinder\plugins\mcufinder/ => C:\Users\Administrator\.stmcufinder\plugins\mcufinder
2023-09-24 10:07:22,818 [INFO] DbBoardsJson:56 - Set database path to: C:\Users\Administrator\.stmcufinder\plugins\mcufinder//mcu/
2023-09-24 10:07:22,818 [WARN] DbFile:36 - Overriding database path with different value: C:\Users\Administrator\.stmcufinder\plugins\mcufinder/ => C:\Users\Administrator\.stmcufinder\plugins\mcufinder
2023-09-24 10:07:22,818 [WARN] DbFile:36 - Overriding database path with different value: C:\Users\Administrator\.stmcufinder\plugins\mcufinder/ => C:\Users\Administrator\.stmcufinder\plugins\mcufinder
2023-09-24 10:07:22,818 [INFO] CrossReferenceDbSqlite:196 - Set database path to: C:\Users\Administrator\.stmcufinder\plugins\mcufinder//mcu/cs/
2023-09-24 10:07:22,818 [WARN] DbFile:36 - Overriding database path with different value: C:\Users\Administrator\.stmcufinder\plugins\mcufinder/ => C:\Users\Administrator\.stmcufinder\plugins\mcufinder
2023-09-24 10:07:22,818 [INFO] DbExamplesSqlite:800 - Set database path to: C:\Users\Administrator\.stmcufinder\plugins\mcufinder//mcu/
2023-09-24 10:07:22,889 [INFO] MainPanel:189 - HeapMemory: 790626304
2023-09-24 10:07:22,970 [INFO] DbMcusXml:70 - Set database path to: C:\ST\STM32CubeIDE_1.4.0\STM32CubeIDE\plugins\com.st.stm32cube.common.mx_6.0.0.202007160824\\db\/mcu/
2023-09-24 10:07:22,970 [INFO] DbBoardsPdsc:56 - Set plugin database path to: C:\ST\STM32CubeIDE_1.4.0\STM32CubeIDE\plugins\com.st.stm32cube.common.mx_6.0.0.202007160824\\db\/plugins/boardmanager/
2023-09-24 10:07:22,970 [INFO] DbMcus:258 - Set plugin images path to: C:\ST\STM32CubeIDE_1.4.0\STM32CubeIDE\plugins\com.st.stm32cube.common.mx_6.0.0.202007160824\\db\/plugins/mcufinder/images/
2023-09-24 10:07:22,970 [INFO] DbBoards:264 - Set plugin images path to: C:\ST\STM32CubeIDE_1.4.0\STM32CubeIDE\plugins\com.st.stm32cube.common.mx_6.0.0.202007160824\\db\/plugins/mcufinder/images/
2023-09-24 10:07:22,970 [INFO] DbExamples:326 - Set plugin images path to: C:\ST\STM32CubeIDE_1.4.0\STM32CubeIDE\plugins\com.st.stm32cube.common.mx_6.0.0.202007160824\\db\/plugins/mcufinder/images/
2023-09-24 10:07:22,970 [WARN] DbFile:36 - Overriding database path with different value: C:\Users\Administrator\.stmcufinder\plugins\mcufinder/ => C:\Users\Administrator\.stmcufinder\plugins\mcufinder
2023-09-24 10:07:22,970 [INFO] DbMcusDocs:112 - Set database path to: C:\Users\Administrator\.stmcufinder\plugins\mcufinder//mcu/
2023-09-24 10:07:22,970 [WARN] DbFile:36 - Overriding database path with different value: C:\Users\Administrator\.stmcufinder\plugins\mcufinder/ => C:\Users\Administrator\.stmcufinder\plugins\mcufinder
2023-09-24 10:07:22,970 [INFO] DbMcusJson:63 - Set database path to: C:\Users\Administrator\.stmcufinder\plugins\mcufinder//mcu/
2023-09-24 10:07:22,970 [WARN] DbFile:36 - Overriding database path with different value: C:\Users\Administrator\.stmcufinder\plugins\mcufinder/ => C:\Users\Administrator\.stmcufinder\plugins\mcufinder
2023-09-24 10:07:22,970 [INFO] DbBoardsDocs:112 - Set database path to: C:\Users\Administrator\.stmcufinder\plugins\mcufinder//mcu/
2023-09-24 10:07:22,970 [WARN] DbFile:36 - Overriding database path with different value: C:\Users\Administrator\.stmcufinder\plugins\mcufinder/ => C:\Users\Administrator\.stmcufinder\plugins\mcufinder
2023-09-24 10:07:22,970 [INFO] DbBoardsJson:56 - Set database path to: C:\Users\Administrator\.stmcufinder\plugins\mcufinder//mcu/
2023-09-24 10:07:22,970 [WARN] DbFile:36 - Overriding database path with different value: C:\Users\Administrator\.stmcufinder\plugins\mcufinder/ => C:\Users\Administrator\.stmcufinder\plugins\mcufinder
2023-09-24 10:07:22,970 [WARN] DbFile:36 - Overriding database path with different value: C:\Users\Administrator\.stmcufinder\plugins\mcufinder/ => C:\Users\Administrator\.stmcufinder\plugins\mcufinder
2023-09-24 10:07:22,970 [INFO] CrossReferenceDbSqlite:196 - Set database path to: C:\Users\Administrator\.stmcufinder\plugins\mcufinder//mcu/cs/
2023-09-24 10:07:22,970 [WARN] DbFile:36 - Overriding database path with different value: C:\Users\Administrator\.stmcufinder\plugins\mcufinder/ => C:\Users\Administrator\.stmcufinder\plugins\mcufinder
2023-09-24 10:07:22,970 [INFO] DbExamplesSqlite:800 - Set database path to: C:\Users\Administrator\.stmcufinder\plugins\mcufinder//mcu/
2023-09-24 10:07:22,987 [INFO] ApplicationProperties:181 - Using Application install path: C:\ST\STM32CubeIDE_1.4.0\STM32CubeIDE\plugins\com.st.stm32cube.common.mx_6.0.0.202007160824
2023-09-24 10:07:22,994 [INFO] PluginManage:178 - Search for loadable plugins [exclusion list=, ]
2023-09-24 10:07:22,994 [INFO] PluginManage:292 - Check plugin analytics
2023-09-24 10:07:23,137 [INFO] AnalyticsPlugin:203 - Accepted Software Licenses: 
2023-09-24 10:07:23,137 [INFO] AnalyticsPlugin:205 - Accepted CMSIS Pack Licenses: 
2023-09-24 10:07:23,137 [INFO] AnalyticsPlugin:207 - Accepted Firmware Licenses: 
2023-09-24 10:07:23,137 [INFO] PluginManage:342 - Loaded plugin analytics (category:tool,tabindex:-1)
2023-09-24 10:07:23,137 [INFO] PluginManage:292 - Check plugin clock
2023-09-24 10:07:23,150 [INFO] PluginManage:342 - Loaded plugin clock (category:base,tabindex:2)
2023-09-24 10:07:23,150 [INFO] PluginManage:292 - Check plugin ddr
2023-09-24 10:07:23,157 [INFO] PluginManage:342 - Loaded plugin ddr (category:tool,tabindex:6)
2023-09-24 10:07:23,158 [INFO] PluginManage:292 - Check plugin filemanager
2023-09-24 10:07:23,267 [INFO] PluginManage:342 - Loaded plugin filemanager (category:base,tabindex:10)
2023-09-24 10:07:23,267 [INFO] PluginManage:292 - Check plugin ipmanager
2023-09-24 10:07:23,279 [INFO] PluginManage:342 - Loaded plugin ipmanager (category:base,tabindex:5)
2023-09-24 10:07:23,279 [INFO] PluginManage:292 - Check plugin pinoutandconfiguration
2023-09-24 10:07:23,290 [INFO] PluginManage:342 - Loaded plugin pinoutandconfiguration (category:base,tabindex:1)
2023-09-24 10:07:23,290 [INFO] PluginManage:292 - Check plugin pinoutconfig
2023-09-24 10:07:23,318 [INFO] PluginManage:342 - Loaded plugin pinoutconfig (category:base,tabindex:0)
2023-09-24 10:07:23,318 [INFO] PluginManage:292 - Check plugin power
2023-09-24 10:07:23,327 [INFO] PluginManage:342 - Loaded plugin power (category:power,tabindex:4)
2023-09-24 10:07:23,331 [INFO] PluginManage:292 - Check plugin projectmanager
2023-09-24 10:07:23,347 [INFO] PluginManage:342 - Loaded plugin projectmanager (category:projectmanager,tabindex:3)
2023-09-24 10:07:23,347 [INFO] PluginManage:292 - Check plugin thirdparty
2023-09-24 10:07:23,480 [INFO] ThirdPartyDb:333 - Open Third Party DataBase File (C:/Users/Administrator/.stm32cubemx/plugins/thirdparty/db/thirdparties_db.xml) : 63 ms. number of Sw pack : 48
2023-09-24 10:07:23,485 [INFO] PluginManage:342 - Loaded plugin thirdparty (category:base,tabindex:-1)
2023-09-24 10:07:23,487 [INFO] PluginManage:292 - Check plugin tools
2023-09-24 10:07:23,494 [INFO] PluginManage:342 - Loaded plugin tools (category:base,tabindex:7)
2023-09-24 10:07:23,494 [INFO] PluginManage:292 - Check plugin tutovideos
2023-09-24 10:07:23,698 [INFO] PluginManage:342 - Loaded plugin tutovideos (category:base,tabindex:-1)
2023-09-24 10:07:23,706 [INFO] PluginManage:292 - Check plugin updater
2023-09-24 10:07:23,717 [INFO] PluginManage:342 - Loaded plugin updater (category:base,tabindex:12)
2023-09-24 10:07:23,717 [INFO] PluginManage:265 - PluginManage : Loaded plugins [13]
2023-09-24 10:07:23,888 [INFO] PinOutPanel:1418 - setPackage(No Configuration,No Configuration)
2023-09-24 10:07:23,981 [INFO] IPUIPlugin:64 - create IPUIPlugin
2023-09-24 10:07:23,981 [INFO] PluginManager:200 - loadIPPluginJar : add adc
2023-09-24 10:07:23,984 [INFO] IPUIPlugin:64 - create IPUIPlugin
2023-09-24 10:07:23,984 [INFO] PluginManager:200 - loadIPPluginJar : add aes
2023-09-24 10:07:23,987 [INFO] IPUIPlugin:64 - create IPUIPlugin
2023-09-24 10:07:23,987 [INFO] PluginManager:200 - loadIPPluginJar : add can
2023-09-24 10:07:23,992 [INFO] IPUIPlugin:64 - create IPUIPlugin
2023-09-24 10:07:23,992 [INFO] PluginManager:200 - loadIPPluginJar : add comp
2023-09-24 10:07:23,992 [INFO] IPUIPlugin:64 - create IPUIPlugin
2023-09-24 10:07:23,992 [INFO] PluginManager:200 - loadIPPluginJar : add cryp
2023-09-24 10:07:23,997 [INFO] IPUIPlugin:64 - create IPUIPlugin
2023-09-24 10:07:23,997 [INFO] PluginManager:200 - loadIPPluginJar : add dfsdm
2023-09-24 10:07:24,000 [INFO] IPUIPlugin:64 - create IPUIPlugin
2023-09-24 10:07:24,000 [INFO] PluginManager:200 - loadIPPluginJar : add dma
2023-09-24 10:07:24,007 [INFO] IPUIPlugin:64 - create IPUIPlugin
2023-09-24 10:07:24,008 [INFO] PluginManager:200 - loadIPPluginJar : add fatfs
2023-09-24 10:07:24,009 [INFO] IPUIPlugin:64 - create IPUIPlugin
2023-09-24 10:07:24,009 [INFO] PluginManager:200 - loadIPPluginJar : add fmc
2023-09-24 10:07:24,017 [INFO] IPUIPlugin:64 - create IPUIPlugin
2023-09-24 10:07:24,017 [INFO] PluginManager:200 - loadIPPluginJar : add freertos
2023-09-24 10:07:24,017 [INFO] IPUIPlugin:64 - create IPUIPlugin
2023-09-24 10:07:24,017 [INFO] PluginManager:200 - loadIPPluginJar : add genericplugin
2023-09-24 10:07:24,017 [INFO] IPUIPlugin:64 - create IPUIPlugin
2023-09-24 10:07:24,017 [INFO] PluginManager:200 - loadIPPluginJar : add gfxmmu
2023-09-24 10:07:24,027 [INFO] IPUIPlugin:64 - create IPUIPlugin
2023-09-24 10:07:24,027 [INFO] PluginManager:200 - loadIPPluginJar : add gic
2023-09-24 10:07:24,034 [INFO] IPUIPlugin:64 - create IPUIPlugin
2023-09-24 10:07:24,034 [INFO] PluginManager:200 - loadIPPluginJar : add gpio
2023-09-24 10:07:24,037 [INFO] IPUIPlugin:64 - create IPUIPlugin
2023-09-24 10:07:24,037 [INFO] PluginManager:200 - loadIPPluginJar : add gtzc
2023-09-24 10:07:24,037 [INFO] IPUIPlugin:64 - create IPUIPlugin
2023-09-24 10:07:24,037 [INFO] PluginManager:200 - loadIPPluginJar : add hash
2023-09-24 10:07:24,042 [INFO] IPUIPlugin:64 - create IPUIPlugin
2023-09-24 10:07:24,042 [INFO] PluginManager:200 - loadIPPluginJar : add i2c
2023-09-24 10:07:24,047 [INFO] IPUIPlugin:64 - create IPUIPlugin
2023-09-24 10:07:24,047 [INFO] PluginManager:200 - loadIPPluginJar : add i2s
2023-09-24 10:07:24,050 [INFO] IPUIPlugin:64 - create IPUIPlugin
2023-09-24 10:07:24,050 [INFO] PluginManager:200 - loadIPPluginJar : add ipddr
2023-09-24 10:07:24,050 [INFO] IPUIPlugin:64 - create IPUIPlugin
2023-09-24 10:07:24,050 [INFO] PluginManager:200 - loadIPPluginJar : add ltdc
2023-09-24 10:07:24,050 [INFO] IPUIPlugin:64 - create IPUIPlugin
2023-09-24 10:07:24,050 [INFO] PluginManager:200 - loadIPPluginJar : add mdma
2023-09-24 10:07:24,058 [INFO] IPUIPlugin:64 - create IPUIPlugin
2023-09-24 10:07:24,058 [INFO] PluginManager:200 - loadIPPluginJar : add nvic
2023-09-24 10:07:24,058 [INFO] IPUIPlugin:64 - create IPUIPlugin
2023-09-24 10:07:24,058 [INFO] PluginManager:200 - loadIPPluginJar : add opamp
2023-09-24 10:07:24,067 [INFO] IPUIPlugin:64 - create IPUIPlugin
2023-09-24 10:07:24,068 [INFO] PluginManager:200 - loadIPPluginJar : add openamp
2023-09-24 10:07:24,068 [INFO] IPUIPlugin:64 - create IPUIPlugin
2023-09-24 10:07:24,068 [INFO] PluginManager:200 - loadIPPluginJar : add pdm2pcm
2023-09-24 10:07:24,077 [INFO] IPUIPlugin:64 - create IPUIPlugin
2023-09-24 10:07:24,083 [INFO] PluginManager:200 - loadIPPluginJar : add plateformsettings
2023-09-24 10:07:24,083 [INFO] IPUIPlugin:64 - create IPUIPlugin
2023-09-24 10:07:24,083 [INFO] PluginManager:200 - loadIPPluginJar : add quadspi
2023-09-24 10:07:24,087 [INFO] IPUIPlugin:64 - create IPUIPlugin
2023-09-24 10:07:24,087 [INFO] PluginManager:200 - loadIPPluginJar : add resmgrutility
2023-09-24 10:07:24,091 [INFO] IPUIPlugin:64 - create IPUIPlugin
2023-09-24 10:07:24,091 [INFO] PluginManager:200 - loadIPPluginJar : add sai
2023-09-24 10:07:24,091 [INFO] IPUIPlugin:64 - create IPUIPlugin
2023-09-24 10:07:24,091 [INFO] PluginManager:200 - loadIPPluginJar : add spi
2023-09-24 10:07:24,099 [INFO] IPUIPlugin:64 - create IPUIPlugin
2023-09-24 10:07:24,099 [INFO] PluginManager:200 - loadIPPluginJar : add stm32_wpan
2023-09-24 10:07:24,099 [INFO] IPUIPlugin:64 - create IPUIPlugin
2023-09-24 10:07:24,099 [INFO] PluginManager:200 - loadIPPluginJar : add tim
2023-09-24 10:07:24,099 [INFO] IPUIPlugin:64 - create IPUIPlugin
2023-09-24 10:07:24,099 [INFO] PluginManager:200 - loadIPPluginJar : add touchsensing
2023-09-24 10:07:24,107 [INFO] IPUIPlugin:64 - create IPUIPlugin
2023-09-24 10:07:24,107 [INFO] PluginManager:200 - loadIPPluginJar : add tracer_emb
2023-09-24 10:07:24,107 [INFO] IPUIPlugin:64 - create IPUIPlugin
2023-09-24 10:07:24,107 [INFO] PluginManager:200 - loadIPPluginJar : add ts
2023-09-24 10:07:24,112 [INFO] IPUIPlugin:64 - create IPUIPlugin
2023-09-24 10:07:24,112 [INFO] PluginManager:200 - loadIPPluginJar : add tsc
2023-09-24 10:07:24,115 [INFO] IPUIPlugin:64 - create IPUIPlugin
2023-09-24 10:07:24,117 [INFO] PluginManager:200 - loadIPPluginJar : add ucpd
2023-09-24 10:07:24,117 [INFO] IPUIPlugin:64 - create IPUIPlugin
2023-09-24 10:07:24,117 [INFO] PluginManager:200 - loadIPPluginJar : add usart
2023-09-24 10:07:25,041 [INFO] CubeProgrammer:457 - [DDR PANEL] - PathOfProgrammer: null
2023-09-24 10:07:25,827 [FATAL] Updater:282 - Updater called before beeing initialized
2023-09-24 10:07:27,228 [FATAL] Updater:282 - Updater called before beeing initialized
2023-09-24 10:07:27,228 [WARN] ThirdParty:775 - waiting for thirdparty lock release [close project]
2023-09-24 10:07:27,228 [INFO] ThirdParty:777 - entering critical section [close project]
2023-09-24 10:07:27,228 [INFO] ThirdParty:790 - exiting critical section [close project]
2023-09-24 10:07:27,237 [INFO] PinOutPanel:1418 - setPackage(No Configuration,No Configuration)
2023-09-24 10:07:27,237 [FATAL] Updater:282 - Updater called before beeing initialized
2023-09-24 10:07:27,237 [ERROR] Updater:967 - MainUpdater not yet initialized. External WinMGr cannot be set.
2023-09-24 10:07:27,245 [INFO] CubeProgrammer:457 - [DDR PANEL] - PathOfProgrammer: C:\ST\STM32CubeIDE_1.4.0\STM32CubeIDE\plugins\com.st.stm32cube.ide.mcu.externaltools.cubeprogrammer.win32_1.4.0.202007081208\tools\bin
2023-09-24 10:07:27,248 [INFO] ProgrammerExecThread:148 - [ProgrammerAPI] CubeProgrammer command construction: C:\ST\STM32CubeIDE_1.4.0\STM32CubeIDE\plugins\com.st.stm32cube.ide.mcu.externaltools.cubeprogrammer.win32_1.4.0.202007081208\tools\bin\STM32_Programmer_CLI.exe -l
2023-09-24 10:07:27,351 [INFO] MainDdrPanel:49 - [DDR PANEL] SETTER - Set cubeProgrammerPath to: C:\ST\STM32CubeIDE_1.4.0\STM32CubeIDE\plugins\com.st.stm32cube.ide.mcu.externaltools.cubeprogrammer.win32_1.4.0.202007081208\tools\bin
2023-09-24 10:07:27,377 [INFO] Updater:904 - Updater Version found : 6.0.0
2023-09-24 10:07:27,400 [INFO] ApplicationProperties:181 - Using Application install path: C:\ST\STM32CubeIDE_1.4.0\STM32CubeIDE\plugins\com.st.stm32cube.common.mx_6.0.0.202007160824
2023-09-24 10:07:27,888 [INFO] MainUpdater:2268 - connection check result : 10
2023-09-24 10:07:27,888 [INFO] MainUpdater:2935 - Updater definition file requires update
2023-09-24 10:07:27,888 [INFO] MainUpdater:239 - Updater Check For Update Now.
2023-09-24 10:07:27,888 [INFO] MicroXplorer:414 - Change Database Version : DB.6.0.0
2023-09-24 10:07:28,190 [INFO] ServerAccessManage:348 - Download File updaters.zip
2023-09-24 10:07:28,504 [INFO] FileExtend:225 - Unzip File : updaters.zip
2023-09-24 10:07:28,504 [INFO] FileExtend:240 - Standard Zip Deflate
2023-09-24 10:07:29,457 [INFO] ServerAccessManage:348 - Download File PacksControlFlags.xml
2023-09-24 10:07:29,820 [INFO] ServerAccessManage:348 - Download File cubemx.pidx
2023-09-24 10:07:29,947 [INFO] LoadServerUpdatesThread:309 - End of LoadServerUpdate Thread
2023-09-24 10:07:30,017 [INFO] CheckServerUpdateThread:102 - End of CheckServer Thread
2023-09-24 10:07:30,040 [INFO] MainUpdater:2268 - connection check result : 10
2023-09-24 10:07:30,056 [WARN] IntegrityCheckThread:61 - waiting for thirdparty lock release [integrity check]
2023-09-24 10:07:30,056 [INFO] IntegrityCheckThread:63 - entering critical section [integrity check]
2023-09-24 10:07:30,342 [INFO] McuFinderGlobals:40 - Set McuFinder mode to 2 (CubeIDE integrated)
2023-09-24 10:07:30,480 [INFO] CrossSelectorPresenter:1330 - Cross Selector saved comparison directory: C:\Users\Administrator\.stmcufinder\plugins\mcufinder\mcu\cs_comparisons_mx
2023-09-24 10:07:30,488 [INFO] MultiScanPanel:193 - Auto-refresh data requested => check proxy status ongoing
2023-09-24 10:07:30,488 [INFO] FinderPluginLoader:87 - Searching for filters in installed packs
2023-09-24 10:07:30,488 [INFO] DbMcusXml:100 - Load MCU database from C:\ST\STM32CubeIDE_1.4.0\STM32CubeIDE\plugins\com.st.stm32cube.common.mx_6.0.0.202007160824\\db\/mcu/families.xml
2023-09-24 10:07:30,578 [INFO] ThirdPartyDb:299 - Save Third Party DataBase File (C:/Users/Administrator/.stm32cubemx/plugins/thirdparty/db/thirdparties_db.xml) [forced]
2023-09-24 10:07:30,652 [INFO] ThirdPartyDb:299 - Save Third Party DataBase File (C:/Users/Administrator/.stm32cubemx/plugins/thirdparty/db/thirdparties_db.xml) [forced]
2023-09-24 10:07:30,701 [INFO] IntegrityCheckThread:76 - exiting critical section [integrity check]
2023-09-24 10:07:30,701 [INFO] IntegrityCheckThread:79 - End integrity checks thread
2023-09-24 10:07:31,689 [INFO] DbMcusJson:92 - JSON generation date=Tue Nov 16 18:17:54 EET 2021 (1637079474)
2023-09-24 10:07:32,552 [INFO] DbMcus:175 - Found 1761 MCUs (1722 are supported by CubeMX, 1911 are visible in CubeMX)
2023-09-24 10:07:32,557 [INFO] ApiDb:201 - Load user favorites file C:\Users\Administrator/.stm32cubeide/favorites.mcus.txt: 0 item(s)
2023-09-24 10:07:32,557 [INFO] ApiDb:205 - User favorites MCUs=[]
2023-09-24 10:07:32,557 [INFO] DbMcus:187 - Set 0 / 0 favorites MCUs
2023-09-24 10:07:33,047 [INFO] LoadUrlFilesThread:162 - End of LoadServerUrlFiles without Thread
2023-09-24 10:07:33,057 [INFO] DetailPanel:331 - Set advertising image to C:/Users/Administrator/STM32Cube/Repository/\stm32cubemx-promo_image.jpg
2023-09-24 10:07:33,520 [INFO] McuFilterPanel:245 - Update 0 favorites MCUs
2023-09-24 10:07:33,602 [INFO] DbBoardsPdsc:94 - Found 23 items
2023-09-24 10:07:33,602 [INFO] DbBoardsPdsc:94 - Found 9 items
2023-09-24 10:07:33,607 [INFO] DbBoardsPdsc:94 - Found 29 items
2023-09-24 10:07:33,610 [INFO] DbBoardsPdsc:94 - Found 1 items
2023-09-24 10:07:33,610 [INFO] DbBoardsPdsc:94 - Found 44 items
2023-09-24 10:07:33,622 [INFO] DbBoardsPdsc:94 - Found 40 items
2023-09-24 10:07:33,622 [INFO] DbBoardsPdsc:94 - Found 2 items
2023-09-24 10:07:33,627 [INFO] DbBoardsPdsc:94 - Found 4 items
2023-09-24 10:07:33,634 [WARN] DbBoardsPdsc:258 - Board STM32H7B3I-DK: unknown feature type=Audio, name=, username=Audio stereo codec with Headphone Amp (CS42L51-CNZ), n=1
2023-09-24 10:07:33,634 [WARN] DbBoardsPdsc:258 - Board STM32H735G-DK: unknown feature type=Audio, name=, username=Audio stereo codec with Headphone Amp (WM8994ECS/R), n=1
2023-09-24 10:07:33,634 [WARN] DbBoardsPdsc:258 - Board STM32H7B3I-EVAL: unknown feature type=Audio, name=, username=Multi-Channel Audio Codec (CS42L51-CNZ), n=1
2023-09-24 10:07:33,634 [WARN] DbBoardsPdsc:258 - Board STM32H7B3I-EVAL: unknown feature type=Meter, name=, username=Power-metering and Temperature-monitoring with sigma-delta modulators, n=1
2023-09-24 10:07:33,634 [WARN] DbBoardsPdsc:258 - Board STM32H7B3I-EVAL: unknown feature type=Motor, name=, username=Motor Control, n=1
2023-09-24 10:07:33,650 [INFO] DbBoardsJson:85 - JSON generation date=Tue Nov 16 18:17:54 EET 2021 (1637079474)
2023-09-24 10:07:33,650 [INFO] DbBoards:117 - Found 166 boards (149 are supported by CubeMX)
2023-09-24 10:07:33,657 [INFO] DbBoardsDocs:145 - JSON generation date=Tue Nov 16 18:17:54 EET 2021 (1637079474)
2023-09-24 10:07:33,663 [INFO] DbBoardsDocs:81 - Found 209 boards documents
2023-09-24 10:07:33,663 [WARN] DbBoards:127 - board B-L475E-IOT01A2 has no document id list !
2023-09-24 10:07:33,666 [WARN] DbBoards:127 - board NUCLEO-H743ZI has no document id list !
2023-09-24 10:07:33,667 [WARN] DbBoards:127 - board P-NUCLEO-WB55-Nucleo has no document id list !
2023-09-24 10:07:33,667 [WARN] DbBoards:127 - board P-NUCLEO-WB55-USBDongle has no document id list !
2023-09-24 10:07:33,667 [WARN] DbBoards:127 - board STEVAL-BFA001V1B has no document id list !
2023-09-24 10:07:33,667 [WARN] DbBoards:127 - board STEVAL-BFA001V2B has no document id list !
2023-09-24 10:07:33,667 [WARN] DbBoards:127 - board STEVAL-IDP005V1 has no document id list !
2023-09-24 10:07:33,667 [WARN] DbBoards:127 - board STEVAL-IDP005V2 has no document id list !
2023-09-24 10:07:33,667 [WARN] DbBoards:127 - board STEVAL-MKSBOX1V1 has no document id list !
2023-09-24 10:07:33,667 [WARN] DbBoards:127 - board STEVAL-STWINKT1 has no document id list !
2023-09-24 10:07:33,667 [WARN] DbBoards:127 - board STEVAL-STWINKT1B has no document id list !
2023-09-24 10:07:33,667 [WARN] DbBoards:127 - board STM32439I-EVAL2 has no document id list !
2023-09-24 10:07:33,667 [WARN] DbBoards:127 - board STM32F401C-DISCO has no document id list !
2023-09-24 10:07:33,667 [WARN] DbBoards:127 - board STM32F769I-DISC1 has no document id list !
2023-09-24 10:07:33,667 [WARN] DbBoards:127 - board STM32G474E-EVAL1 has no document id list !
2023-09-24 10:07:33,667 [WARN] DbBoards:127 - board STM32H743I-EVAL2 has no document id list !
2023-09-24 10:07:33,667 [WARN] DbBoards:127 - board STM32H747I-DISC1 has no document id list !
2023-09-24 10:07:33,667 [WARN] DbBoards:127 - board STM32H753I-EVAL2 has no document id list !
2023-09-24 10:07:33,667 [WARN] DbBoards:127 - board STM32L-DISCOVERY has no document id list !
2023-09-24 10:07:33,757 [ERROR] DbBoards:189 - Image file not found for board B-L462E-CELL1: C:\ST\STM32CubeIDE_1.4.0\STM32CubeIDE\plugins\com.st.stm32cube.common.mx_6.0.0.202007160824\\db\/plugins/mcufinder/images/boards/B-L462E-CELL1_small.jpg
2023-09-24 10:07:33,807 [ERROR] DbBoards:189 - Image file not found for board B-U585I-IOT02A: C:\ST\STM32CubeIDE_1.4.0\STM32CubeIDE\plugins\com.st.stm32cube.common.mx_6.0.0.202007160824\\db\/plugins/mcufinder/images/boards/B-U585I-IOT02A_small.jpg
2023-09-24 10:07:33,928 [ERROR] DbBoards:189 - Image file not found for board NUCLEO-F413ZH: C:\ST\STM32CubeIDE_1.4.0\STM32CubeIDE\plugins\com.st.stm32cube.common.mx_6.0.0.202007160824\\db\/plugins/mcufinder/images/boards/nucleo-f413zh_small.jpg
2023-09-24 10:07:34,097 [ERROR] DbBoards:189 - Image file not found for board NUCLEO-L552ZE-Q: C:\ST\STM32CubeIDE_1.4.0\STM32CubeIDE\plugins\com.st.stm32cube.common.mx_6.0.0.202007160824\\db\/plugins/mcufinder/images/boards/nucleo_l552ze_q_small.jpg
2023-09-24 10:07:34,097 [ERROR] DbBoards:189 - Image file not found for board NUCLEO-U575ZI-Q: C:\ST\STM32CubeIDE_1.4.0\STM32CubeIDE\plugins\com.st.stm32cube.common.mx_6.0.0.202007160824\\db\/plugins/mcufinder/images/boards/nucleo-u575zi-q_small.jpg
2023-09-24 10:07:34,099 [ERROR] DbBoards:189 - Image file not found for board NUCLEO-WB15CC: C:\ST\STM32CubeIDE_1.4.0\STM32CubeIDE\plugins\com.st.stm32cube.common.mx_6.0.0.202007160824\\db\/plugins/mcufinder/images/boards/nucleo-wb15cc_small.jpg
2023-09-24 10:07:34,099 [ERROR] DbBoards:189 - Image file not found for board NUCLEO-WB55RG: C:\ST\STM32CubeIDE_1.4.0\STM32CubeIDE\plugins\com.st.stm32cube.common.mx_6.0.0.202007160824\\db\/plugins/mcufinder/images/boards/nucleo-wb55rg_small.jpg
2023-09-24 10:07:34,099 [ERROR] DbBoards:189 - Image file not found for board NUCLEO-WL55JC: C:\ST\STM32CubeIDE_1.4.0\STM32CubeIDE\plugins\com.st.stm32cube.common.mx_6.0.0.202007160824\\db\/plugins/mcufinder/images/boards/nucleo-wl55jc-small.jpg
2023-09-24 10:07:34,270 [ERROR] DbBoards:189 - Image file not found for board STEVAL-STWINKT1B: C:\ST\STM32CubeIDE_1.4.0\STM32CubeIDE\plugins\com.st.stm32cube.common.mx_6.0.0.202007160824\\db\/plugins/mcufinder/images/boards/steval-stwinkt1b_small.jpg
2023-09-24 10:07:34,597 [ERROR] DbBoards:189 - Image file not found for board STM32G0C1E-EV: C:\ST\STM32CubeIDE_1.4.0\STM32CubeIDE\plugins\com.st.stm32cube.common.mx_6.0.0.202007160824\\db\/plugins/mcufinder/images/boards/stm32g0c1e-eval_small.jpg
2023-09-24 10:07:34,692 [ERROR] DbBoards:189 - Image file not found for board STM32H7B3I-EVAL: C:\ST\STM32CubeIDE_1.4.0\STM32CubeIDE\plugins\com.st.stm32cube.common.mx_6.0.0.202007160824\\db\/plugins/mcufinder/images/boards/stm32h7b3ieval_small.jpg
2023-09-24 10:07:34,868 [ERROR] DbBoards:189 - Image file not found for board STM32U575I-EV: C:\ST\STM32CubeIDE_1.4.0\STM32CubeIDE\plugins\com.st.stm32cube.common.mx_6.0.0.202007160824\\db\/plugins/mcufinder/images/boards/stm32u575i-ev_small.jpg
2023-09-24 10:07:34,902 [ERROR] DbBoards:189 - Image file not found for board STM32WB5MM-DK: C:\ST\STM32CubeIDE_1.4.0\STM32CubeIDE\plugins\com.st.stm32cube.common.mx_6.0.0.202007160824\\db\/plugins/mcufinder/images/boards/STM32WB5MM-DK_small.jpg
2023-09-24 10:07:34,902 [INFO] ApiDb:201 - Load user favorites file C:\Users\Administrator/.stm32cubeide/favorites.boards.txt: 0 item(s)
2023-09-24 10:07:34,902 [INFO] ApiDb:205 - User favorites Boards=[]
2023-09-24 10:07:34,902 [INFO] DbBoards:206 - Set 0 / 0 favorites Boards
2023-09-24 10:07:45,467 [INFO] DbMcusDocs:145 - JSON generation date=Tue Nov 16 18:17:54 EET 2021 (1637079474)
2023-09-24 10:07:45,720 [INFO] DbMcusDocs:81 - Found 682 MCUs documents
2023-09-24 10:08:09,715 [INFO] LogOutputStream:76 - [STDOUT_REDIRECT] withoutVersionV1.8.4
2023-09-24 10:08:09,717 [INFO] LogOutputStream:76 - [STDOUT_REDIRECT] withoutVersionV1.8.3
2023-09-24 10:08:09,717 [INFO] LogOutputStream:76 - [STDOUT_REDIRECT] withoutVersionV1.8.2
2023-09-24 10:08:09,717 [INFO] LogOutputStream:76 - [STDOUT_REDIRECT] withoutVersionV1.8.1
2023-09-24 10:08:09,717 [INFO] LogOutputStream:76 - [STDOUT_REDIRECT] withoutVersionV1.8.0
2023-09-24 10:08:12,178 [INFO] ApiDb:226 - Save user favorites file C:\Users\Administrator/.stm32cubeide/favorites.mcus.txt: 0 item(s)
2023-09-24 10:08:12,187 [INFO] ApiDb:230 - User favorites MCUs=[]
2023-09-25 03:25:29,005 [INFO] Activator:178 - 


2023-09-25 03:25:29,019 [INFO] Activator:179 - !SESSION log4j initialized
2023-09-25 03:26:35,633 [INFO] RetryExec:97 - I/O exception (org.apache.http.NoHttpResponseException) caught when processing request to {s}->https://download.eclipse.org:443: The target server failed to respond
2023-09-25 03:26:35,637 [INFO] RetryExec:113 - Retrying request to {s}->https://download.eclipse.org:443
2023-09-25 03:26:36,522 [INFO] RetryExec:97 - I/O exception (org.apache.http.NoHttpResponseException) caught when processing request to {s}->https://archive.eclipse.org:443: The target server failed to respond
2023-09-25 03:26:36,523 [INFO] RetryExec:113 - Retrying request to {s}->https://archive.eclipse.org:443
2023-09-25 03:26:37,458 [INFO] RetryExec:97 - I/O exception (org.apache.http.NoHttpResponseException) caught when processing request to {s}->https://download.eclipse.org:443: The target server failed to respond
2023-09-25 03:26:37,459 [INFO] RetryExec:113 - Retrying request to {s}->https://download.eclipse.org:443
2023-09-25 09:53:03,644 [INFO] Activator:178 - 


2023-09-25 09:53:03,646 [INFO] Activator:179 - !SESSION log4j initialized
2023-09-25 09:54:03,559 [INFO] RetryExec:97 - I/O exception (org.apache.http.NoHttpResponseException) caught when processing request to {s}->https://download.eclipse.org:443: The target server failed to respond
2023-09-25 09:54:03,562 [INFO] RetryExec:113 - Retrying request to {s}->https://download.eclipse.org:443
2023-09-25 09:54:04,342 [INFO] RetryExec:97 - I/O exception (org.apache.http.NoHttpResponseException) caught when processing request to {s}->https://archive.eclipse.org:443: The target server failed to respond
2023-09-25 09:54:04,343 [INFO] RetryExec:113 - Retrying request to {s}->https://archive.eclipse.org:443
2023-09-26 14:14:31,201 [INFO] Activator:178 - 


2023-09-26 14:14:31,216 [INFO] Activator:179 - !SESSION log4j initialized
2023-09-26 14:15:22,316 [INFO] RetryExec:97 - I/O exception (org.apache.http.NoHttpResponseException) caught when processing request to {s}->https://download.eclipse.org:443: The target server failed to respond
2023-09-26 14:15:22,316 [INFO] RetryExec:113 - Retrying request to {s}->https://download.eclipse.org:443
2023-09-26 14:15:23,116 [INFO] RetryExec:97 - I/O exception (org.apache.http.NoHttpResponseException) caught when processing request to {s}->https://archive.eclipse.org:443: The target server failed to respond
2023-09-26 14:15:23,116 [INFO] RetryExec:113 - Retrying request to {s}->https://archive.eclipse.org:443
2023-09-26 14:15:24,089 [INFO] RetryExec:97 - I/O exception (org.apache.http.NoHttpResponseException) caught when processing request to {s}->https://download.eclipse.org:443: The target server failed to respond
2023-09-26 14:15:24,089 [INFO] RetryExec:113 - Retrying request to {s}->https://download.eclipse.org:443
2023-10-06 03:34:08,233 [INFO] Activator:178 - 


2023-10-06 03:34:08,243 [INFO] Activator:179 - !SESSION log4j initialized
