2023-09-03 06:15:07,459 [INFO] Activator:178 - 


2023-09-03 06:15:07,463 [INFO] Activator:179 - !SESSION log4j initialized
2023-09-03 06:15:15,632 [INFO] ApplicationProperties:181 - Using Application install path: C:\ST\STM32CubeIDE_1.4.0\STM32CubeIDE\plugins\com.st.stm32cube.common.mx_6.0.0.202007160824
2023-09-03 06:15:15,648 [INFO] DbMcusXml:70 - Set database path to: C:\ST\STM32CubeIDE_1.4.0\STM32CubeIDE\plugins\com.st.stm32cube.common.mx_6.0.0.202007160824\\db\/mcu/
2023-09-03 06:15:15,648 [INFO] DbBoardsPdsc:56 - Set plugin database path to: C:\ST\STM32CubeIDE_1.4.0\STM32CubeIDE\plugins\com.st.stm32cube.common.mx_6.0.0.202007160824\\db\/plugins/boardmanager/
2023-09-03 06:15:15,648 [INFO] DbMcus:258 - Set plugin images path to: C:\ST\STM32CubeIDE_1.4.0\STM32CubeIDE\plugins\com.st.stm32cube.common.mx_6.0.0.202007160824\\db\/plugins/mcufinder/images/
2023-09-03 06:15:15,648 [INFO] DbBoards:264 - Set plugin images path to: C:\ST\STM32CubeIDE_1.4.0\STM32CubeIDE\plugins\com.st.stm32cube.common.mx_6.0.0.202007160824\\db\/plugins/mcufinder/images/
2023-09-03 06:15:15,663 [INFO] DbExamples:326 - Set plugin images path to: C:\ST\STM32CubeIDE_1.4.0\STM32CubeIDE\plugins\com.st.stm32cube.common.mx_6.0.0.202007160824\\db\/plugins/mcufinder/images/
2023-09-03 06:15:15,663 [INFO] DbMcusDocs:112 - Set database path to: C:\Users\Administrator\.stmcufinder\plugins\mcufinder//mcu/
2023-09-03 06:15:15,663 [INFO] DbMcusJson:63 - Set database path to: C:\Users\Administrator\.stmcufinder\plugins\mcufinder//mcu/
2023-09-03 06:15:15,663 [INFO] DbBoardsDocs:112 - Set database path to: C:\Users\Administrator\.stmcufinder\plugins\mcufinder//mcu/
2023-09-03 06:15:15,663 [INFO] DbBoardsJson:56 - Set database path to: C:\Users\Administrator\.stmcufinder\plugins\mcufinder//mcu/
2023-09-03 06:15:15,663 [INFO] CrossReferenceDbSqlite:196 - Set database path to: C:\Users\Administrator\.stmcufinder\plugins\mcufinder//mcu/cs/
2023-09-03 06:15:15,679 [INFO] DbExamplesSqlite:800 - Set database path to: C:\Users\Administrator\.stmcufinder\plugins\mcufinder//mcu/
2023-09-03 06:15:15,777 [INFO] RulesReader:52 - Compatibility file has been processed (209 Rules)
2023-09-03 06:15:15,869 [INFO] MicroXplorer:564 - Detected Java Version = 1.8.0_252
2023-09-03 06:15:15,869 [INFO] DbMcusXml:70 - Set database path to: C:\ST\STM32CubeIDE_1.4.0\STM32CubeIDE\plugins\com.st.stm32cube.common.mx_6.0.0.202007160824\\db\/mcu/
2023-09-03 06:15:15,869 [INFO] DbBoardsPdsc:56 - Set plugin database path to: C:\ST\STM32CubeIDE_1.4.0\STM32CubeIDE\plugins\com.st.stm32cube.common.mx_6.0.0.202007160824\\db\/plugins/boardmanager/
2023-09-03 06:15:15,869 [INFO] DbMcus:258 - Set plugin images path to: C:\ST\STM32CubeIDE_1.4.0\STM32CubeIDE\plugins\com.st.stm32cube.common.mx_6.0.0.202007160824\\db\/plugins/mcufinder/images/
2023-09-03 06:15:15,869 [INFO] DbBoards:264 - Set plugin images path to: C:\ST\STM32CubeIDE_1.4.0\STM32CubeIDE\plugins\com.st.stm32cube.common.mx_6.0.0.202007160824\\db\/plugins/mcufinder/images/
2023-09-03 06:15:15,869 [INFO] DbExamples:326 - Set plugin images path to: C:\ST\STM32CubeIDE_1.4.0\STM32CubeIDE\plugins\com.st.stm32cube.common.mx_6.0.0.202007160824\\db\/plugins/mcufinder/images/
2023-09-03 06:15:15,869 [WARN] DbFile:36 - Overriding database path with different value: C:\Users\Administrator\.stmcufinder\plugins\mcufinder/ => C:\Users\Administrator\.stmcufinder\plugins\mcufinder
2023-09-03 06:15:15,869 [INFO] DbMcusDocs:112 - Set database path to: C:\Users\Administrator\.stmcufinder\plugins\mcufinder//mcu/
2023-09-03 06:15:15,869 [WARN] DbFile:36 - Overriding database path with different value: C:\Users\Administrator\.stmcufinder\plugins\mcufinder/ => C:\Users\Administrator\.stmcufinder\plugins\mcufinder
2023-09-03 06:15:15,869 [INFO] DbMcusJson:63 - Set database path to: C:\Users\Administrator\.stmcufinder\plugins\mcufinder//mcu/
2023-09-03 06:15:15,869 [WARN] DbFile:36 - Overriding database path with different value: C:\Users\Administrator\.stmcufinder\plugins\mcufinder/ => C:\Users\Administrator\.stmcufinder\plugins\mcufinder
2023-09-03 06:15:15,869 [INFO] DbBoardsDocs:112 - Set database path to: C:\Users\Administrator\.stmcufinder\plugins\mcufinder//mcu/
2023-09-03 06:15:15,869 [WARN] DbFile:36 - Overriding database path with different value: C:\Users\Administrator\.stmcufinder\plugins\mcufinder/ => C:\Users\Administrator\.stmcufinder\plugins\mcufinder
2023-09-03 06:15:15,869 [INFO] DbBoardsJson:56 - Set database path to: C:\Users\Administrator\.stmcufinder\plugins\mcufinder//mcu/
2023-09-03 06:15:15,869 [WARN] DbFile:36 - Overriding database path with different value: C:\Users\Administrator\.stmcufinder\plugins\mcufinder/ => C:\Users\Administrator\.stmcufinder\plugins\mcufinder
2023-09-03 06:15:15,869 [WARN] DbFile:36 - Overriding database path with different value: C:\Users\Administrator\.stmcufinder\plugins\mcufinder/ => C:\Users\Administrator\.stmcufinder\plugins\mcufinder
2023-09-03 06:15:15,869 [INFO] CrossReferenceDbSqlite:196 - Set database path to: C:\Users\Administrator\.stmcufinder\plugins\mcufinder//mcu/cs/
2023-09-03 06:15:15,869 [WARN] DbFile:36 - Overriding database path with different value: C:\Users\Administrator\.stmcufinder\plugins\mcufinder/ => C:\Users\Administrator\.stmcufinder\plugins\mcufinder
2023-09-03 06:15:15,869 [INFO] DbExamplesSqlite:800 - Set database path to: C:\Users\Administrator\.stmcufinder\plugins\mcufinder//mcu/
2023-09-03 06:15:15,947 [INFO] MainPanel:189 - HeapMemory: 268435456
2023-09-03 06:15:16,010 [INFO] DbMcusXml:70 - Set database path to: C:\ST\STM32CubeIDE_1.4.0\STM32CubeIDE\plugins\com.st.stm32cube.common.mx_6.0.0.202007160824\\db\/mcu/
2023-09-03 06:15:16,010 [INFO] DbBoardsPdsc:56 - Set plugin database path to: C:\ST\STM32CubeIDE_1.4.0\STM32CubeIDE\plugins\com.st.stm32cube.common.mx_6.0.0.202007160824\\db\/plugins/boardmanager/
2023-09-03 06:15:16,010 [INFO] DbMcus:258 - Set plugin images path to: C:\ST\STM32CubeIDE_1.4.0\STM32CubeIDE\plugins\com.st.stm32cube.common.mx_6.0.0.202007160824\\db\/plugins/mcufinder/images/
2023-09-03 06:15:16,010 [INFO] DbBoards:264 - Set plugin images path to: C:\ST\STM32CubeIDE_1.4.0\STM32CubeIDE\plugins\com.st.stm32cube.common.mx_6.0.0.202007160824\\db\/plugins/mcufinder/images/
2023-09-03 06:15:16,010 [INFO] DbExamples:326 - Set plugin images path to: C:\ST\STM32CubeIDE_1.4.0\STM32CubeIDE\plugins\com.st.stm32cube.common.mx_6.0.0.202007160824\\db\/plugins/mcufinder/images/
2023-09-03 06:15:16,010 [WARN] DbFile:36 - Overriding database path with different value: C:\Users\Administrator\.stmcufinder\plugins\mcufinder/ => C:\Users\Administrator\.stmcufinder\plugins\mcufinder
2023-09-03 06:15:16,010 [INFO] DbMcusDocs:112 - Set database path to: C:\Users\Administrator\.stmcufinder\plugins\mcufinder//mcu/
2023-09-03 06:15:16,010 [WARN] DbFile:36 - Overriding database path with different value: C:\Users\Administrator\.stmcufinder\plugins\mcufinder/ => C:\Users\Administrator\.stmcufinder\plugins\mcufinder
2023-09-03 06:15:16,010 [INFO] DbMcusJson:63 - Set database path to: C:\Users\Administrator\.stmcufinder\plugins\mcufinder//mcu/
2023-09-03 06:15:16,010 [WARN] DbFile:36 - Overriding database path with different value: C:\Users\Administrator\.stmcufinder\plugins\mcufinder/ => C:\Users\Administrator\.stmcufinder\plugins\mcufinder
2023-09-03 06:15:16,010 [INFO] DbBoardsDocs:112 - Set database path to: C:\Users\Administrator\.stmcufinder\plugins\mcufinder//mcu/
2023-09-03 06:15:16,010 [WARN] DbFile:36 - Overriding database path with different value: C:\Users\Administrator\.stmcufinder\plugins\mcufinder/ => C:\Users\Administrator\.stmcufinder\plugins\mcufinder
2023-09-03 06:15:16,010 [INFO] DbBoardsJson:56 - Set database path to: C:\Users\Administrator\.stmcufinder\plugins\mcufinder//mcu/
2023-09-03 06:15:16,010 [WARN] DbFile:36 - Overriding database path with different value: C:\Users\Administrator\.stmcufinder\plugins\mcufinder/ => C:\Users\Administrator\.stmcufinder\plugins\mcufinder
2023-09-03 06:15:16,010 [WARN] DbFile:36 - Overriding database path with different value: C:\Users\Administrator\.stmcufinder\plugins\mcufinder/ => C:\Users\Administrator\.stmcufinder\plugins\mcufinder
2023-09-03 06:15:16,010 [INFO] CrossReferenceDbSqlite:196 - Set database path to: C:\Users\Administrator\.stmcufinder\plugins\mcufinder//mcu/cs/
2023-09-03 06:15:16,010 [WARN] DbFile:36 - Overriding database path with different value: C:\Users\Administrator\.stmcufinder\plugins\mcufinder/ => C:\Users\Administrator\.stmcufinder\plugins\mcufinder
2023-09-03 06:15:16,010 [INFO] DbExamplesSqlite:800 - Set database path to: C:\Users\Administrator\.stmcufinder\plugins\mcufinder//mcu/
2023-09-03 06:15:16,041 [INFO] ApplicationProperties:181 - Using Application install path: C:\ST\STM32CubeIDE_1.4.0\STM32CubeIDE\plugins\com.st.stm32cube.common.mx_6.0.0.202007160824
2023-09-03 06:15:16,041 [INFO] PluginManage:178 - Search for loadable plugins [exclusion list=, ]
2023-09-03 06:15:16,041 [INFO] PluginManage:292 - Check plugin analytics
2023-09-03 06:15:16,276 [INFO] AnalyticsPlugin:203 - Accepted Software Licenses: 
2023-09-03 06:15:16,276 [INFO] AnalyticsPlugin:205 - Accepted CMSIS Pack Licenses: 
2023-09-03 06:15:16,276 [INFO] AnalyticsPlugin:207 - Accepted Firmware Licenses: 
2023-09-03 06:15:16,276 [INFO] PluginManage:342 - Loaded plugin analytics (category:tool,tabindex:-1)
2023-09-03 06:15:16,276 [INFO] PluginManage:292 - Check plugin clock
2023-09-03 06:15:16,292 [INFO] PluginManage:342 - Loaded plugin clock (category:base,tabindex:2)
2023-09-03 06:15:16,292 [INFO] PluginManage:292 - Check plugin ddr
2023-09-03 06:15:16,292 [INFO] PluginManage:342 - Loaded plugin ddr (category:tool,tabindex:6)
2023-09-03 06:15:16,292 [INFO] PluginManage:292 - Check plugin filemanager
2023-09-03 06:15:16,466 [INFO] PluginManage:342 - Loaded plugin filemanager (category:base,tabindex:10)
2023-09-03 06:15:16,466 [INFO] PluginManage:292 - Check plugin ipmanager
2023-09-03 06:15:16,476 [INFO] PluginManage:342 - Loaded plugin ipmanager (category:base,tabindex:5)
2023-09-03 06:15:16,477 [INFO] PluginManage:292 - Check plugin pinoutandconfiguration
2023-09-03 06:15:16,485 [INFO] PluginManage:342 - Loaded plugin pinoutandconfiguration (category:base,tabindex:1)
2023-09-03 06:15:16,485 [INFO] PluginManage:292 - Check plugin pinoutconfig
2023-09-03 06:15:16,527 [INFO] PluginManage:342 - Loaded plugin pinoutconfig (category:base,tabindex:0)
2023-09-03 06:15:16,527 [INFO] PluginManage:292 - Check plugin power
2023-09-03 06:15:16,543 [INFO] PluginManage:342 - Loaded plugin power (category:power,tabindex:4)
2023-09-03 06:15:16,543 [INFO] PluginManage:292 - Check plugin projectmanager
2023-09-03 06:15:16,558 [INFO] PluginManage:342 - Loaded plugin projectmanager (category:projectmanager,tabindex:3)
2023-09-03 06:15:16,558 [INFO] PluginManage:292 - Check plugin thirdparty
2023-09-03 06:15:16,685 [INFO] ThirdPartyDb:333 - Open Third Party DataBase File (C:/Users/Administrator/.stm32cubemx/plugins/thirdparty/db/thirdparties_db.xml) : 48 ms. number of Sw pack : 47
2023-09-03 06:15:16,685 [INFO] PluginManage:342 - Loaded plugin thirdparty (category:base,tabindex:-1)
2023-09-03 06:15:16,700 [INFO] PluginManage:292 - Check plugin tools
2023-09-03 06:15:16,700 [INFO] PluginManage:342 - Loaded plugin tools (category:base,tabindex:7)
2023-09-03 06:15:16,700 [INFO] PluginManage:292 - Check plugin tutovideos
2023-09-03 06:15:16,952 [INFO] PluginManage:342 - Loaded plugin tutovideos (category:base,tabindex:-1)
2023-09-03 06:15:16,952 [INFO] PluginManage:292 - Check plugin updater
2023-09-03 06:15:16,967 [INFO] PluginManage:342 - Loaded plugin updater (category:base,tabindex:12)
2023-09-03 06:15:16,967 [INFO] PluginManage:265 - PluginManage : Loaded plugins [13]
2023-09-03 06:15:17,124 [INFO] PinOutPanel:1418 - setPackage(No Configuration,No Configuration)
2023-09-03 06:15:17,203 [INFO] IPUIPlugin:64 - create IPUIPlugin
2023-09-03 06:15:17,203 [INFO] PluginManager:200 - loadIPPluginJar : add adc
2023-09-03 06:15:17,219 [INFO] IPUIPlugin:64 - create IPUIPlugin
2023-09-03 06:15:17,219 [INFO] PluginManager:200 - loadIPPluginJar : add aes
2023-09-03 06:15:17,219 [INFO] IPUIPlugin:64 - create IPUIPlugin
2023-09-03 06:15:17,219 [INFO] PluginManager:200 - loadIPPluginJar : add can
2023-09-03 06:15:17,219 [INFO] IPUIPlugin:64 - create IPUIPlugin
2023-09-03 06:15:17,219 [INFO] PluginManager:200 - loadIPPluginJar : add comp
2023-09-03 06:15:17,219 [INFO] IPUIPlugin:64 - create IPUIPlugin
2023-09-03 06:15:17,219 [INFO] PluginManager:200 - loadIPPluginJar : add cryp
2023-09-03 06:15:17,219 [INFO] IPUIPlugin:64 - create IPUIPlugin
2023-09-03 06:15:17,219 [INFO] PluginManager:200 - loadIPPluginJar : add dfsdm
2023-09-03 06:15:17,241 [INFO] IPUIPlugin:64 - create IPUIPlugin
2023-09-03 06:15:17,241 [INFO] PluginManager:200 - loadIPPluginJar : add dma
2023-09-03 06:15:17,244 [INFO] IPUIPlugin:64 - create IPUIPlugin
2023-09-03 06:15:17,245 [INFO] PluginManager:200 - loadIPPluginJar : add fatfs
2023-09-03 06:15:17,252 [INFO] IPUIPlugin:64 - create IPUIPlugin
2023-09-03 06:15:17,252 [INFO] PluginManager:200 - loadIPPluginJar : add fmc
2023-09-03 06:15:17,252 [INFO] IPUIPlugin:64 - create IPUIPlugin
2023-09-03 06:15:17,252 [INFO] PluginManager:200 - loadIPPluginJar : add freertos
2023-09-03 06:15:17,252 [INFO] IPUIPlugin:64 - create IPUIPlugin
2023-09-03 06:15:17,252 [INFO] PluginManager:200 - loadIPPluginJar : add genericplugin
2023-09-03 06:15:17,268 [INFO] IPUIPlugin:64 - create IPUIPlugin
2023-09-03 06:15:17,268 [INFO] PluginManager:200 - loadIPPluginJar : add gfxmmu
2023-09-03 06:15:17,268 [INFO] IPUIPlugin:64 - create IPUIPlugin
2023-09-03 06:15:17,268 [INFO] PluginManager:200 - loadIPPluginJar : add gic
2023-09-03 06:15:17,268 [INFO] IPUIPlugin:64 - create IPUIPlugin
2023-09-03 06:15:17,268 [INFO] PluginManager:200 - loadIPPluginJar : add gpio
2023-09-03 06:15:17,268 [INFO] IPUIPlugin:64 - create IPUIPlugin
2023-09-03 06:15:17,268 [INFO] PluginManager:200 - loadIPPluginJar : add gtzc
2023-09-03 06:15:17,284 [INFO] IPUIPlugin:64 - create IPUIPlugin
2023-09-03 06:15:17,286 [INFO] PluginManager:200 - loadIPPluginJar : add hash
2023-09-03 06:15:17,286 [INFO] IPUIPlugin:64 - create IPUIPlugin
2023-09-03 06:15:17,286 [INFO] PluginManager:200 - loadIPPluginJar : add i2c
2023-09-03 06:15:17,286 [INFO] IPUIPlugin:64 - create IPUIPlugin
2023-09-03 06:15:17,286 [INFO] PluginManager:200 - loadIPPluginJar : add i2s
2023-09-03 06:15:17,286 [INFO] IPUIPlugin:64 - create IPUIPlugin
2023-09-03 06:15:17,286 [INFO] PluginManager:200 - loadIPPluginJar : add ipddr
2023-09-03 06:15:17,286 [INFO] IPUIPlugin:64 - create IPUIPlugin
2023-09-03 06:15:17,286 [INFO] PluginManager:200 - loadIPPluginJar : add ltdc
2023-09-03 06:15:17,300 [INFO] IPUIPlugin:64 - create IPUIPlugin
2023-09-03 06:15:17,300 [INFO] PluginManager:200 - loadIPPluginJar : add mdma
2023-09-03 06:15:17,300 [INFO] IPUIPlugin:64 - create IPUIPlugin
2023-09-03 06:15:17,300 [INFO] PluginManager:200 - loadIPPluginJar : add nvic
2023-09-03 06:15:17,300 [INFO] IPUIPlugin:64 - create IPUIPlugin
2023-09-03 06:15:17,300 [INFO] PluginManager:200 - loadIPPluginJar : add opamp
2023-09-03 06:15:17,300 [INFO] IPUIPlugin:64 - create IPUIPlugin
2023-09-03 06:15:17,300 [INFO] PluginManager:200 - loadIPPluginJar : add openamp
2023-09-03 06:15:17,315 [INFO] IPUIPlugin:64 - create IPUIPlugin
2023-09-03 06:15:17,315 [INFO] PluginManager:200 - loadIPPluginJar : add pdm2pcm
2023-09-03 06:15:17,315 [INFO] IPUIPlugin:64 - create IPUIPlugin
2023-09-03 06:15:17,315 [INFO] PluginManager:200 - loadIPPluginJar : add plateformsettings
2023-09-03 06:15:17,315 [INFO] IPUIPlugin:64 - create IPUIPlugin
2023-09-03 06:15:17,315 [INFO] PluginManager:200 - loadIPPluginJar : add quadspi
2023-09-03 06:15:17,331 [INFO] IPUIPlugin:64 - create IPUIPlugin
2023-09-03 06:15:17,331 [INFO] PluginManager:200 - loadIPPluginJar : add resmgrutility
2023-09-03 06:15:17,331 [INFO] IPUIPlugin:64 - create IPUIPlugin
2023-09-03 06:15:17,331 [INFO] PluginManager:200 - loadIPPluginJar : add sai
2023-09-03 06:15:17,331 [INFO] IPUIPlugin:64 - create IPUIPlugin
2023-09-03 06:15:17,331 [INFO] PluginManager:200 - loadIPPluginJar : add spi
2023-09-03 06:15:17,331 [INFO] IPUIPlugin:64 - create IPUIPlugin
2023-09-03 06:15:17,331 [INFO] PluginManager:200 - loadIPPluginJar : add stm32_wpan
2023-09-03 06:15:17,331 [INFO] IPUIPlugin:64 - create IPUIPlugin
2023-09-03 06:15:17,331 [INFO] PluginManager:200 - loadIPPluginJar : add tim
2023-09-03 06:15:17,347 [INFO] IPUIPlugin:64 - create IPUIPlugin
2023-09-03 06:15:17,347 [INFO] PluginManager:200 - loadIPPluginJar : add touchsensing
2023-09-03 06:15:17,347 [INFO] IPUIPlugin:64 - create IPUIPlugin
2023-09-03 06:15:17,347 [INFO] PluginManager:200 - loadIPPluginJar : add tracer_emb
2023-09-03 06:15:17,347 [INFO] IPUIPlugin:64 - create IPUIPlugin
2023-09-03 06:15:17,347 [INFO] PluginManager:200 - loadIPPluginJar : add ts
2023-09-03 06:15:17,347 [INFO] IPUIPlugin:64 - create IPUIPlugin
2023-09-03 06:15:17,347 [INFO] PluginManager:200 - loadIPPluginJar : add tsc
2023-09-03 06:15:17,347 [INFO] IPUIPlugin:64 - create IPUIPlugin
2023-09-03 06:15:17,347 [INFO] PluginManager:200 - loadIPPluginJar : add ucpd
2023-09-03 06:15:17,347 [INFO] IPUIPlugin:64 - create IPUIPlugin
2023-09-03 06:15:17,347 [INFO] PluginManager:200 - loadIPPluginJar : add usart
2023-09-03 06:15:18,212 [INFO] CubeProgrammer:457 - [DDR PANEL] - PathOfProgrammer: null
2023-09-03 06:15:18,891 [FATAL] Updater:282 - Updater called before beeing initialized
2023-09-03 06:15:19,089 [FATAL] Updater:282 - Updater called before beeing initialized
2023-09-03 06:15:19,089 [WARN] ThirdParty:775 - waiting for thirdparty lock release [close project]
2023-09-03 06:15:19,089 [INFO] ThirdParty:777 - entering critical section [close project]
2023-09-03 06:15:19,089 [INFO] ThirdParty:790 - exiting critical section [close project]
2023-09-03 06:15:19,097 [INFO] PinOutPanel:1418 - setPackage(No Configuration,No Configuration)
2023-09-03 06:15:19,097 [FATAL] Updater:282 - Updater called before beeing initialized
2023-09-03 06:15:19,097 [ERROR] Updater:967 - MainUpdater not yet initialized. External WinMGr cannot be set.
2023-09-03 06:15:19,128 [INFO] CubeProgrammer:457 - [DDR PANEL] - PathOfProgrammer: C:\ST\STM32CubeIDE_1.4.0\STM32CubeIDE\plugins\com.st.stm32cube.ide.mcu.externaltools.cubeprogrammer.win32_1.4.0.202007081208\tools\bin
2023-09-03 06:15:19,128 [INFO] ProgrammerExecThread:148 - [ProgrammerAPI] CubeProgrammer command construction: C:\ST\STM32CubeIDE_1.4.0\STM32CubeIDE\plugins\com.st.stm32cube.ide.mcu.externaltools.cubeprogrammer.win32_1.4.0.202007081208\tools\bin\STM32_Programmer_CLI.exe -l
2023-09-03 06:15:19,244 [INFO] MainDdrPanel:49 - [DDR PANEL] SETTER - Set cubeProgrammerPath to: C:\ST\STM32CubeIDE_1.4.0\STM32CubeIDE\plugins\com.st.stm32cube.ide.mcu.externaltools.cubeprogrammer.win32_1.4.0.202007081208\tools\bin
2023-09-03 06:15:19,259 [INFO] Updater:904 - Updater Version found : 6.0.0
2023-09-03 06:15:19,289 [INFO] ApplicationProperties:181 - Using Application install path: C:\ST\STM32CubeIDE_1.4.0\STM32CubeIDE\plugins\com.st.stm32cube.common.mx_6.0.0.202007160824
2023-09-03 06:15:21,406 [INFO] MainUpdater:2268 - connection check result : 10
2023-09-03 06:15:21,406 [INFO] MainUpdater:239 - Updater Check For Update Now.
2023-09-03 06:15:21,406 [INFO] MicroXplorer:414 - Change Database Version : DB.6.0.0
2023-09-03 06:15:21,484 [INFO] CheckServerUpdateThread:102 - End of CheckServer Thread
2023-09-03 06:15:21,531 [INFO] MainUpdater:2268 - connection check result : 10
2023-09-03 06:15:22,514 [INFO] ServerAccessManage:348 - Download File mcusDocs.json._tmp_
2023-09-03 06:15:22,725 [WARN] IntegrityCheckThread:61 - waiting for thirdparty lock release [integrity check]
2023-09-03 06:15:22,725 [INFO] IntegrityCheckThread:63 - entering critical section [integrity check]
2023-09-03 06:15:22,725 [WARN] MainUpdater:1087 - Updater busy. Cannot search thirdparties
2023-09-03 06:15:22,788 [INFO] LoadUrlFilesThread:135 - End of LoadUrlFiles Thread
2023-09-03 06:15:22,913 [INFO] ServerAccessManage:348 - Download File mcusFeaturesAndDescription.json._tmp_
2023-09-03 06:15:25,727 [WARN] MainUpdater:1087 - Updater busy. Cannot search thirdparties
2023-09-03 06:15:28,742 [WARN] MainUpdater:1087 - Updater busy. Cannot search thirdparties
2023-09-03 06:15:31,749 [WARN] MainUpdater:1087 - Updater busy. Cannot search thirdparties
2023-09-03 06:15:34,749 [WARN] MainUpdater:1087 - Updater busy. Cannot search thirdparties
2023-09-03 06:15:37,750 [WARN] MainUpdater:1087 - Updater busy. Cannot search thirdparties
2023-09-03 06:15:40,752 [WARN] MainUpdater:1087 - Updater busy. Cannot search thirdparties
2023-09-03 06:15:43,767 [WARN] MainUpdater:1087 - Updater busy. Cannot search thirdparties
2023-09-03 06:15:46,767 [WARN] MainUpdater:1087 - Updater busy. Cannot search thirdparties
2023-09-03 06:15:47,879 [INFO] LoadUrlFilesThread:135 - End of LoadUrlFiles Thread
2023-09-03 06:15:48,119 [INFO] ServerAccessManage:348 - Download File boardsDocs.json._tmp_
2023-09-03 06:15:48,397 [INFO] LoadUrlFilesThread:135 - End of LoadUrlFiles Thread
2023-09-03 06:15:48,632 [INFO] ServerAccessManage:348 - Download File boards.json._tmp_
2023-09-03 06:15:49,779 [WARN] MainUpdater:1087 - Updater busy. Cannot search thirdparties
2023-09-03 06:15:51,678 [INFO] LoadUrlFilesThread:135 - End of LoadUrlFiles Thread
2023-09-03 06:15:52,610 [INFO] ServerAccessManage:348 - Download File cube-finder-db.zip
2023-09-03 06:15:52,780 [WARN] MainUpdater:1087 - Updater busy. Cannot search thirdparties
2023-09-03 06:15:55,795 [WARN] MainUpdater:1087 - Updater busy. Cannot search thirdparties
2023-09-03 06:15:58,796 [WARN] MainUpdater:1087 - Updater busy. Cannot search thirdparties
2023-09-03 06:16:01,800 [WARN] MainUpdater:1087 - Updater busy. Cannot search thirdparties
2023-09-03 06:16:04,810 [WARN] MainUpdater:1087 - Updater busy. Cannot search thirdparties
2023-09-03 06:16:07,812 [ERROR] IntegrityCheckThread:67 - Unexpected exception IntegrityCheckThread Thread:
2023-09-03 06:16:07,812 [ERROR] IntegrityCheckThread:70 - java.lang.Exception: Updater error
	at com.st.microxplorer.plugins.thirdparty.engine.IntegrityCheckThread.getUpdaterThirdPartyList(IntegrityCheckThread.java:296)
	at com.st.microxplorer.plugins.thirdparty.engine.IntegrityCheckThread.runProcess(IntegrityCheckThread.java:84)
	at com.st.microxplorer.plugins.thirdparty.engine.IntegrityCheckThread.run(IntegrityCheckThread.java:65)

2023-09-03 06:16:07,812 [INFO] ThirdPartyDb:299 - Save Third Party DataBase File (C:/Users/Administrator/.stm32cubemx/plugins/thirdparty/db/thirdparties_db.xml) [forced]
2023-09-03 06:16:07,906 [INFO] IntegrityCheckThread:76 - exiting critical section [integrity check]
2023-09-03 06:16:07,906 [INFO] IntegrityCheckThread:79 - End integrity checks thread
2023-09-03 06:16:49,783 [INFO] RetryExec:97 - I/O exception (org.apache.http.NoHttpResponseException) caught when processing request to {s}->https://download.eclipse.org:443: The target server failed to respond
2023-09-03 06:16:49,783 [INFO] RetryExec:113 - Retrying request to {s}->https://download.eclipse.org:443
2023-09-03 06:17:36,263 [ERROR] ServerAccessManage:406 - Timeout Exception during http download :Read timed out
2023-09-03 06:17:36,263 [ERROR] ServerAccessManage:517 - Problem, Http timeout : cube-finder-db.zip.
2023-09-03 06:17:38,716 [INFO] LoadUrlFilesThread:135 - End of LoadUrlFiles Thread
2023-09-03 06:17:40,639 [INFO] ServerAccessManage:348 - Download File crdb.zip
2023-09-03 06:17:43,315 [INFO] FileExtend:225 - Unzip File : crdb.zip
2023-09-03 06:17:43,315 [INFO] FileExtend:240 - Standard Zip Deflate
2023-09-03 06:17:43,346 [INFO] LoadUrlFilesThread:135 - End of LoadUrlFiles Thread
2023-09-03 06:17:48,408 [INFO] ServerAccessManage:348 - Download File tutoVideoDB.zip
2023-09-03 06:17:49,719 [INFO] FileExtend:225 - Unzip File : tutoVideoDB.zip
2023-09-03 06:17:49,719 [INFO] FileExtend:240 - Standard Zip Deflate
2023-09-03 06:17:49,750 [INFO] LoadUrlFilesThread:135 - End of LoadUrlFiles Thread
2023-09-03 06:17:49,781 [INFO] DbMcusDocs:145 - JSON generation date=Tue Nov 16 18:17:54 EET 2021 (1637079474)
2023-09-03 06:17:49,797 [INFO] DbMcusXml:100 - Load MCU database from C:\ST\STM32CubeIDE_1.4.0\STM32CubeIDE\plugins\com.st.stm32cube.common.mx_6.0.0.202007160824\\db\/mcu/families.xml
2023-09-03 06:17:50,756 [INFO] DbMcusJson:92 - JSON generation date=Tue Nov 16 18:17:54 EET 2021 (1637079474)
2023-09-03 06:17:51,772 [INFO] DbMcus:175 - Found 1761 MCUs (1722 are supported by CubeMX, 1911 are visible in CubeMX)
2023-09-03 06:17:51,772 [INFO] ApiDb:201 - Load user favorites file C:\Users\Administrator/.stm32cubemx/favorites.mcus.txt: 0 item(s)
2023-09-03 06:17:51,772 [INFO] ApiDb:205 - User favorites MCUs=[]
2023-09-03 06:17:51,772 [INFO] DbMcus:187 - Set 0 / 0 favorites MCUs
2023-09-03 06:17:52,118 [INFO] DbMcusDocs:81 - Found 682 MCUs documents
2023-09-03 06:17:52,118 [INFO] ApiDb:226 - Save user favorites file C:\Users\Administrator/.stm32cubemx/favorites.mcus.txt: 0 item(s)
2023-09-03 06:17:52,118 [INFO] ApiDb:230 - User favorites MCUs=[]
2023-09-03 06:17:52,118 [INFO] DbMcusXml:100 - Load MCU database from C:\ST\STM32CubeIDE_1.4.0\STM32CubeIDE\plugins\com.st.stm32cube.common.mx_6.0.0.202007160824\\db\/mcu/families.xml
2023-09-03 06:17:52,618 [INFO] DbMcusJson:92 - JSON generation date=Tue Nov 16 18:17:54 EET 2021 (1637079474)
2023-09-03 06:17:53,319 [INFO] DbMcus:175 - Found 1761 MCUs (1722 are supported by CubeMX, 1911 are visible in CubeMX)
2023-09-03 06:17:53,319 [INFO] ApiDb:201 - Load user favorites file C:\Users\Administrator/.stm32cubemx/favorites.mcus.txt: 0 item(s)
2023-09-03 06:17:53,319 [INFO] ApiDb:205 - User favorites MCUs=[]
2023-09-03 06:17:53,319 [INFO] DbMcus:187 - Set 0 / 0 favorites MCUs
2023-09-03 06:17:53,335 [INFO] DbBoardsDocs:145 - JSON generation date=Tue Nov 16 18:17:54 EET 2021 (1637079474)
2023-09-03 06:17:53,350 [INFO] DbBoardsPdsc:94 - Found 23 items
2023-09-03 06:17:53,350 [INFO] DbBoardsPdsc:94 - Found 9 items
2023-09-03 06:17:53,350 [INFO] DbBoardsPdsc:94 - Found 29 items
2023-09-03 06:17:53,350 [INFO] DbBoardsPdsc:94 - Found 1 items
2023-09-03 06:17:53,366 [INFO] DbBoardsPdsc:94 - Found 44 items
2023-09-03 06:17:53,381 [INFO] DbBoardsPdsc:94 - Found 40 items
2023-09-03 06:17:53,381 [INFO] DbBoardsPdsc:94 - Found 2 items
2023-09-03 06:17:53,381 [INFO] DbBoardsPdsc:94 - Found 4 items
2023-09-03 06:17:53,413 [WARN] DbBoardsPdsc:258 - Board STM32H7B3I-DK: unknown feature type=Audio, name=, username=Audio stereo codec with Headphone Amp (CS42L51-CNZ), n=1
2023-09-03 06:17:53,413 [WARN] DbBoardsPdsc:258 - Board STM32H735G-DK: unknown feature type=Audio, name=, username=Audio stereo codec with Headphone Amp (WM8994ECS/R), n=1
2023-09-03 06:17:53,428 [WARN] DbBoardsPdsc:258 - Board STM32H7B3I-EVAL: unknown feature type=Audio, name=, username=Multi-Channel Audio Codec (CS42L51-CNZ), n=1
2023-09-03 06:17:53,428 [WARN] DbBoardsPdsc:258 - Board STM32H7B3I-EVAL: unknown feature type=Meter, name=, username=Power-metering and Temperature-monitoring with sigma-delta modulators, n=1
2023-09-03 06:17:53,428 [WARN] DbBoardsPdsc:258 - Board STM32H7B3I-EVAL: unknown feature type=Motor, name=, username=Motor Control, n=1
2023-09-03 06:17:53,444 [INFO] DbBoardsJson:85 - JSON generation date=Tue Nov 16 18:17:54 EET 2021 (1637079474)
2023-09-03 06:17:53,444 [INFO] DbBoards:117 - Found 166 boards (149 are supported by CubeMX)
2023-09-03 06:17:53,460 [INFO] DbBoardsDocs:145 - JSON generation date=Tue Nov 16 18:17:54 EET 2021 (1637079474)
2023-09-03 06:17:53,460 [INFO] DbBoardsDocs:81 - Found 209 boards documents
2023-09-03 06:17:53,460 [WARN] DbBoards:127 - board B-L475E-IOT01A2 has no document id list !
2023-09-03 06:17:53,460 [WARN] DbBoards:127 - board NUCLEO-H743ZI has no document id list !
2023-09-03 06:17:53,460 [WARN] DbBoards:127 - board P-NUCLEO-WB55-Nucleo has no document id list !
2023-09-03 06:17:53,460 [WARN] DbBoards:127 - board P-NUCLEO-WB55-USBDongle has no document id list !
2023-09-03 06:17:53,460 [WARN] DbBoards:127 - board STEVAL-BFA001V1B has no document id list !
2023-09-03 06:17:53,460 [WARN] DbBoards:127 - board STEVAL-BFA001V2B has no document id list !
2023-09-03 06:17:53,460 [WARN] DbBoards:127 - board STEVAL-IDP005V1 has no document id list !
2023-09-03 06:17:53,460 [WARN] DbBoards:127 - board STEVAL-IDP005V2 has no document id list !
2023-09-03 06:17:53,460 [WARN] DbBoards:127 - board STEVAL-MKSBOX1V1 has no document id list !
2023-09-03 06:17:53,460 [WARN] DbBoards:127 - board STEVAL-STWINKT1 has no document id list !
2023-09-03 06:17:53,460 [WARN] DbBoards:127 - board STEVAL-STWINKT1B has no document id list !
2023-09-03 06:17:53,460 [WARN] DbBoards:127 - board STM32439I-EVAL2 has no document id list !
2023-09-03 06:17:53,460 [WARN] DbBoards:127 - board STM32F401C-DISCO has no document id list !
2023-09-03 06:17:53,460 [WARN] DbBoards:127 - board STM32F769I-DISC1 has no document id list !
2023-09-03 06:17:53,460 [WARN] DbBoards:127 - board STM32G474E-EVAL1 has no document id list !
2023-09-03 06:17:53,460 [WARN] DbBoards:127 - board STM32H743I-EVAL2 has no document id list !
2023-09-03 06:17:53,460 [WARN] DbBoards:127 - board STM32H747I-DISC1 has no document id list !
2023-09-03 06:17:53,460 [WARN] DbBoards:127 - board STM32H753I-EVAL2 has no document id list !
2023-09-03 06:17:53,460 [WARN] DbBoards:127 - board STM32L-DISCOVERY has no document id list !
2023-09-03 06:17:53,553 [ERROR] DbBoards:189 - Image file not found for board B-L462E-CELL1: C:\ST\STM32CubeIDE_1.4.0\STM32CubeIDE\plugins\com.st.stm32cube.common.mx_6.0.0.202007160824\\db\/plugins/mcufinder/images/boards/B-L462E-CELL1_small.jpg
2023-09-03 06:17:53,631 [ERROR] DbBoards:189 - Image file not found for board B-U585I-IOT02A: C:\ST\STM32CubeIDE_1.4.0\STM32CubeIDE\plugins\com.st.stm32cube.common.mx_6.0.0.202007160824\\db\/plugins/mcufinder/images/boards/B-U585I-IOT02A_small.jpg
2023-09-03 06:17:53,725 [ERROR] DbBoards:189 - Image file not found for board NUCLEO-F413ZH: C:\ST\STM32CubeIDE_1.4.0\STM32CubeIDE\plugins\com.st.stm32cube.common.mx_6.0.0.202007160824\\db\/plugins/mcufinder/images/boards/nucleo-f413zh_small.jpg
2023-09-03 06:17:53,919 [ERROR] DbBoards:189 - Image file not found for board NUCLEO-L552ZE-Q: C:\ST\STM32CubeIDE_1.4.0\STM32CubeIDE\plugins\com.st.stm32cube.common.mx_6.0.0.202007160824\\db\/plugins/mcufinder/images/boards/nucleo_l552ze_q_small.jpg
2023-09-03 06:17:53,919 [ERROR] DbBoards:189 - Image file not found for board NUCLEO-U575ZI-Q: C:\ST\STM32CubeIDE_1.4.0\STM32CubeIDE\plugins\com.st.stm32cube.common.mx_6.0.0.202007160824\\db\/plugins/mcufinder/images/boards/nucleo-u575zi-q_small.jpg
2023-09-03 06:17:53,919 [ERROR] DbBoards:189 - Image file not found for board NUCLEO-WB15CC: C:\ST\STM32CubeIDE_1.4.0\STM32CubeIDE\plugins\com.st.stm32cube.common.mx_6.0.0.202007160824\\db\/plugins/mcufinder/images/boards/nucleo-wb15cc_small.jpg
2023-09-03 06:17:53,919 [ERROR] DbBoards:189 - Image file not found for board NUCLEO-WB55RG: C:\ST\STM32CubeIDE_1.4.0\STM32CubeIDE\plugins\com.st.stm32cube.common.mx_6.0.0.202007160824\\db\/plugins/mcufinder/images/boards/nucleo-wb55rg_small.jpg
2023-09-03 06:17:53,919 [ERROR] DbBoards:189 - Image file not found for board NUCLEO-WL55JC: C:\ST\STM32CubeIDE_1.4.0\STM32CubeIDE\plugins\com.st.stm32cube.common.mx_6.0.0.202007160824\\db\/plugins/mcufinder/images/boards/nucleo-wl55jc-small.jpg
2023-09-03 06:17:54,122 [ERROR] DbBoards:189 - Image file not found for board STEVAL-STWINKT1B: C:\ST\STM32CubeIDE_1.4.0\STM32CubeIDE\plugins\com.st.stm32cube.common.mx_6.0.0.202007160824\\db\/plugins/mcufinder/images/boards/steval-stwinkt1b_small.jpg
2023-09-03 06:17:54,530 [ERROR] DbBoards:189 - Image file not found for board STM32G0C1E-EV: C:\ST\STM32CubeIDE_1.4.0\STM32CubeIDE\plugins\com.st.stm32cube.common.mx_6.0.0.202007160824\\db\/plugins/mcufinder/images/boards/stm32g0c1e-eval_small.jpg
2023-09-03 06:17:54,624 [ERROR] DbBoards:189 - Image file not found for board STM32H7B3I-EVAL: C:\ST\STM32CubeIDE_1.4.0\STM32CubeIDE\plugins\com.st.stm32cube.common.mx_6.0.0.202007160824\\db\/plugins/mcufinder/images/boards/stm32h7b3ieval_small.jpg
2023-09-03 06:17:54,913 [ERROR] DbBoards:189 - Image file not found for board STM32U575I-EV: C:\ST\STM32CubeIDE_1.4.0\STM32CubeIDE\plugins\com.st.stm32cube.common.mx_6.0.0.202007160824\\db\/plugins/mcufinder/images/boards/stm32u575i-ev_small.jpg
2023-09-03 06:17:54,965 [ERROR] DbBoards:189 - Image file not found for board STM32WB5MM-DK: C:\ST\STM32CubeIDE_1.4.0\STM32CubeIDE\plugins\com.st.stm32cube.common.mx_6.0.0.202007160824\\db\/plugins/mcufinder/images/boards/STM32WB5MM-DK_small.jpg
2023-09-03 06:17:54,966 [INFO] ApiDb:201 - Load user favorites file C:\Users\Administrator/.stm32cubemx/favorites.boards.txt: 0 item(s)
2023-09-03 06:17:54,966 [INFO] ApiDb:205 - User favorites Boards=[]
2023-09-03 06:17:54,966 [INFO] DbBoards:206 - Set 0 / 0 favorites Boards
2023-09-03 06:17:54,970 [INFO] DbBoardsDocs:81 - Found 418 boards documents
2023-09-03 06:17:54,971 [INFO] ApiDb:226 - Save user favorites file C:\Users\Administrator/.stm32cubemx/favorites.boards.txt: 0 item(s)
2023-09-03 06:17:54,971 [INFO] ApiDb:230 - User favorites Boards=[]
2023-09-03 06:17:54,975 [INFO] DbBoardsPdsc:94 - Found 23 items
2023-09-03 06:17:54,978 [INFO] DbBoardsPdsc:94 - Found 9 items
2023-09-03 06:17:54,982 [INFO] DbBoardsPdsc:94 - Found 29 items
2023-09-03 06:17:54,985 [INFO] DbBoardsPdsc:94 - Found 1 items
2023-09-03 06:17:54,991 [INFO] DbBoardsPdsc:94 - Found 44 items
2023-09-03 06:17:55,000 [INFO] DbBoardsPdsc:94 - Found 40 items
2023-09-03 06:17:55,002 [INFO] DbBoardsPdsc:94 - Found 2 items
2023-09-03 06:17:55,003 [INFO] DbBoardsPdsc:94 - Found 4 items
2023-09-03 06:17:55,007 [WARN] DbBoardsPdsc:258 - Board STM32H7B3I-DK: unknown feature type=Audio, name=, username=Audio stereo codec with Headphone Amp (CS42L51-CNZ), n=1
2023-09-03 06:17:55,008 [WARN] DbBoardsPdsc:258 - Board STM32H735G-DK: unknown feature type=Audio, name=, username=Audio stereo codec with Headphone Amp (WM8994ECS/R), n=1
2023-09-03 06:17:55,011 [WARN] DbBoardsPdsc:258 - Board STM32H7B3I-EVAL: unknown feature type=Audio, name=, username=Multi-Channel Audio Codec (CS42L51-CNZ), n=1
2023-09-03 06:17:55,011 [WARN] DbBoardsPdsc:258 - Board STM32H7B3I-EVAL: unknown feature type=Meter, name=, username=Power-metering and Temperature-monitoring with sigma-delta modulators, n=1
2023-09-03 06:17:55,011 [WARN] DbBoardsPdsc:258 - Board STM32H7B3I-EVAL: unknown feature type=Motor, name=, username=Motor Control, n=1
2023-09-03 06:17:55,028 [INFO] DbBoardsJson:85 - JSON generation date=Tue Nov 16 18:17:54 EET 2021 (1637079474)
2023-09-03 06:17:55,034 [INFO] DbBoards:117 - Found 166 boards (149 are supported by CubeMX)
2023-09-03 06:17:55,035 [WARN] DbBoards:127 - board B-L475E-IOT01A2 has no document id list !
2023-09-03 06:17:55,037 [WARN] DbBoards:127 - board NUCLEO-H743ZI has no document id list !
2023-09-03 06:17:55,039 [WARN] DbBoards:127 - board P-NUCLEO-WB55-Nucleo has no document id list !
2023-09-03 06:17:55,039 [WARN] DbBoards:127 - board P-NUCLEO-WB55-USBDongle has no document id list !
2023-09-03 06:17:55,039 [WARN] DbBoards:127 - board STEVAL-BFA001V1B has no document id list !
2023-09-03 06:17:55,039 [WARN] DbBoards:127 - board STEVAL-BFA001V2B has no document id list !
2023-09-03 06:17:55,039 [WARN] DbBoards:127 - board STEVAL-IDP005V1 has no document id list !
2023-09-03 06:17:55,040 [WARN] DbBoards:127 - board STEVAL-IDP005V2 has no document id list !
2023-09-03 06:17:55,040 [WARN] DbBoards:127 - board STEVAL-MKSBOX1V1 has no document id list !
2023-09-03 06:17:55,040 [WARN] DbBoards:127 - board STEVAL-STWINKT1 has no document id list !
2023-09-03 06:17:55,040 [WARN] DbBoards:127 - board STEVAL-STWINKT1B has no document id list !
2023-09-03 06:17:55,040 [WARN] DbBoards:127 - board STM32439I-EVAL2 has no document id list !
2023-09-03 06:17:55,040 [WARN] DbBoards:127 - board STM32F401C-DISCO has no document id list !
2023-09-03 06:17:55,040 [WARN] DbBoards:127 - board STM32F769I-DISC1 has no document id list !
2023-09-03 06:17:55,040 [WARN] DbBoards:127 - board STM32G474E-EVAL1 has no document id list !
2023-09-03 06:17:55,040 [WARN] DbBoards:127 - board STM32H743I-EVAL2 has no document id list !
2023-09-03 06:17:55,040 [WARN] DbBoards:127 - board STM32H747I-DISC1 has no document id list !
2023-09-03 06:17:55,040 [WARN] DbBoards:127 - board STM32H753I-EVAL2 has no document id list !
2023-09-03 06:17:55,040 [WARN] DbBoards:127 - board STM32L-DISCOVERY has no document id list !
2023-09-03 06:17:55,071 [ERROR] DbBoards:189 - Image file not found for board B-L462E-CELL1: C:\ST\STM32CubeIDE_1.4.0\STM32CubeIDE\plugins\com.st.stm32cube.common.mx_6.0.0.202007160824\\db\/plugins/mcufinder/images/boards/B-L462E-CELL1_small.jpg
2023-09-03 06:17:55,118 [ERROR] DbBoards:189 - Image file not found for board B-U585I-IOT02A: C:\ST\STM32CubeIDE_1.4.0\STM32CubeIDE\plugins\com.st.stm32cube.common.mx_6.0.0.202007160824\\db\/plugins/mcufinder/images/boards/B-U585I-IOT02A_small.jpg
2023-09-03 06:17:55,196 [ERROR] DbBoards:189 - Image file not found for board NUCLEO-F413ZH: C:\ST\STM32CubeIDE_1.4.0\STM32CubeIDE\plugins\com.st.stm32cube.common.mx_6.0.0.202007160824\\db\/plugins/mcufinder/images/boards/nucleo-f413zh_small.jpg
2023-09-03 06:17:55,401 [ERROR] DbBoards:189 - Image file not found for board NUCLEO-L552ZE-Q: C:\ST\STM32CubeIDE_1.4.0\STM32CubeIDE\plugins\com.st.stm32cube.common.mx_6.0.0.202007160824\\db\/plugins/mcufinder/images/boards/nucleo_l552ze_q_small.jpg
2023-09-03 06:17:55,401 [ERROR] DbBoards:189 - Image file not found for board NUCLEO-U575ZI-Q: C:\ST\STM32CubeIDE_1.4.0\STM32CubeIDE\plugins\com.st.stm32cube.common.mx_6.0.0.202007160824\\db\/plugins/mcufinder/images/boards/nucleo-u575zi-q_small.jpg
2023-09-03 06:17:55,401 [ERROR] DbBoards:189 - Image file not found for board NUCLEO-WB15CC: C:\ST\STM32CubeIDE_1.4.0\STM32CubeIDE\plugins\com.st.stm32cube.common.mx_6.0.0.202007160824\\db\/plugins/mcufinder/images/boards/nucleo-wb15cc_small.jpg
2023-09-03 06:17:55,401 [ERROR] DbBoards:189 - Image file not found for board NUCLEO-WB55RG: C:\ST\STM32CubeIDE_1.4.0\STM32CubeIDE\plugins\com.st.stm32cube.common.mx_6.0.0.202007160824\\db\/plugins/mcufinder/images/boards/nucleo-wb55rg_small.jpg
2023-09-03 06:17:55,401 [ERROR] DbBoards:189 - Image file not found for board NUCLEO-WL55JC: C:\ST\STM32CubeIDE_1.4.0\STM32CubeIDE\plugins\com.st.stm32cube.common.mx_6.0.0.202007160824\\db\/plugins/mcufinder/images/boards/nucleo-wl55jc-small.jpg
2023-09-03 06:17:55,526 [ERROR] DbBoards:189 - Image file not found for board STEVAL-STWINKT1B: C:\ST\STM32CubeIDE_1.4.0\STM32CubeIDE\plugins\com.st.stm32cube.common.mx_6.0.0.202007160824\\db\/plugins/mcufinder/images/boards/steval-stwinkt1b_small.jpg
2023-09-03 06:17:55,745 [ERROR] DbBoards:189 - Image file not found for board STM32G0C1E-EV: C:\ST\STM32CubeIDE_1.4.0\STM32CubeIDE\plugins\com.st.stm32cube.common.mx_6.0.0.202007160824\\db\/plugins/mcufinder/images/boards/stm32g0c1e-eval_small.jpg
2023-09-03 06:17:55,807 [ERROR] DbBoards:189 - Image file not found for board STM32H7B3I-EVAL: C:\ST\STM32CubeIDE_1.4.0\STM32CubeIDE\plugins\com.st.stm32cube.common.mx_6.0.0.202007160824\\db\/plugins/mcufinder/images/boards/stm32h7b3ieval_small.jpg
2023-09-03 06:17:55,917 [ERROR] DbBoards:189 - Image file not found for board STM32U575I-EV: C:\ST\STM32CubeIDE_1.4.0\STM32CubeIDE\plugins\com.st.stm32cube.common.mx_6.0.0.202007160824\\db\/plugins/mcufinder/images/boards/stm32u575i-ev_small.jpg
2023-09-03 06:17:55,932 [ERROR] DbBoards:189 - Image file not found for board STM32WB5MM-DK: C:\ST\STM32CubeIDE_1.4.0\STM32CubeIDE\plugins\com.st.stm32cube.common.mx_6.0.0.202007160824\\db\/plugins/mcufinder/images/boards/STM32WB5MM-DK_small.jpg
2023-09-03 06:17:55,932 [INFO] ApiDb:201 - Load user favorites file C:\Users\Administrator/.stm32cubemx/favorites.boards.txt: 0 item(s)
2023-09-03 06:17:55,932 [INFO] ApiDb:205 - User favorites Boards=[]
2023-09-03 06:17:55,932 [INFO] DbBoards:206 - Set 0 / 0 favorites Boards
2023-09-03 06:17:56,084 [INFO] McuFinderGlobals:40 - Set McuFinder mode to 2 (CubeIDE integrated)
2023-09-03 06:17:56,221 [INFO] CrossSelectorPresenter:1330 - Cross Selector saved comparison directory: C:\Users\Administrator\.stmcufinder\plugins\mcufinder\mcu\cs_comparisons_mx
2023-09-03 06:17:56,221 [INFO] MultiScanPanel:193 - Auto-refresh data requested => check proxy status ongoing
2023-09-03 06:17:56,221 [INFO] FinderPluginLoader:87 - Searching for filters in installed packs
2023-09-03 06:17:56,770 [INFO] LoadUrlFilesThread:162 - End of LoadServerUrlFiles without Thread
2023-09-03 06:17:56,786 [INFO] DetailPanel:331 - Set advertising image to C:/Users/Administrator/STM32Cube/Repository/\stm32cubemx-promo_image.jpg
2023-09-03 06:17:57,858 [INFO] ServerAccessManage:348 - Download File mcusDocs.json._tmp_
2023-09-03 06:17:58,470 [INFO] LoadUrlFilesThread:135 - End of LoadUrlFiles Thread
2023-09-03 06:17:58,906 [INFO] ServerAccessManage:348 - Download File mcusFeaturesAndDescription.json._tmp_
2023-09-03 06:18:11,995 [INFO] LoadUrlFilesThread:135 - End of LoadUrlFiles Thread
2023-09-03 06:18:12,101 [INFO] ServerAccessManage:348 - Download File boardsDocs.json._tmp_
2023-09-03 06:18:12,172 [INFO] LoadUrlFilesThread:135 - End of LoadUrlFiles Thread
2023-09-03 06:18:12,262 [INFO] ServerAccessManage:348 - Download File boards.json._tmp_
2023-09-03 06:18:12,795 [INFO] LoadUrlFilesThread:135 - End of LoadUrlFiles Thread
2023-09-03 06:18:12,962 [INFO] ServerAccessManage:348 - Download File cube-finder-db.zip
2023-09-03 06:18:43,923 [INFO] FileExtend:225 - Unzip File : cube-finder-db.zip
2023-09-03 06:18:43,925 [INFO] FileExtend:240 - Standard Zip Deflate
2023-09-03 06:18:44,599 [INFO] LoadUrlFilesThread:135 - End of LoadUrlFiles Thread
2023-09-03 06:18:45,258 [INFO] ServerAccessManage:348 - Download File crdb.zip
2023-09-03 06:18:46,131 [INFO] FileExtend:225 - Unzip File : crdb.zip
2023-09-03 06:18:46,132 [INFO] FileExtend:240 - Standard Zip Deflate
2023-09-03 06:18:46,173 [INFO] LoadUrlFilesThread:135 - End of LoadUrlFiles Thread
2023-09-03 06:18:46,282 [INFO] ServerAccessManage:348 - Download File tutoVideoDB.zip
2023-09-03 06:18:46,432 [INFO] FileExtend:225 - Unzip File : tutoVideoDB.zip
2023-09-03 06:18:46,432 [INFO] FileExtend:240 - Standard Zip Deflate
2023-09-03 06:18:46,444 [INFO] LoadUrlFilesThread:135 - End of LoadUrlFiles Thread
2023-09-03 06:18:46,449 [INFO] DbMcusDocs:145 - JSON generation date=Tue Nov 16 18:17:54 EET 2021 (1637079474)
2023-09-03 06:18:46,522 [INFO] DbMcusDocs:81 - Found 682 MCUs documents
2023-09-03 06:18:46,538 [INFO] ApiDb:226 - Save user favorites file C:\Users\Administrator/.stm32cubeide/favorites.mcus.txt: 0 item(s)
2023-09-03 06:18:46,538 [INFO] ApiDb:230 - User favorites MCUs=[]
2023-09-03 06:18:46,538 [INFO] DbMcusXml:100 - Load MCU database from C:\ST\STM32CubeIDE_1.4.0\STM32CubeIDE\plugins\com.st.stm32cube.common.mx_6.0.0.202007160824\\db\/mcu/families.xml
2023-09-03 06:18:47,016 [INFO] DbMcusJson:92 - JSON generation date=Tue Nov 16 18:17:54 EET 2021 (1637079474)
2023-09-03 06:18:48,262 [INFO] DbMcus:175 - Found 1761 MCUs (1722 are supported by CubeMX, 1911 are visible in CubeMX)
2023-09-03 06:18:48,262 [INFO] ApiDb:201 - Load user favorites file C:\Users\Administrator/.stm32cubeide/favorites.mcus.txt: 0 item(s)
2023-09-03 06:18:48,262 [INFO] ApiDb:205 - User favorites MCUs=[]
2023-09-03 06:18:48,262 [INFO] DbMcus:187 - Set 0 / 0 favorites MCUs
2023-09-03 06:18:48,317 [INFO] McuFilterPanel:245 - Update 0 favorites MCUs
2023-09-03 06:18:48,670 [INFO] DbBoardsDocs:145 - JSON generation date=Tue Nov 16 18:17:54 EET 2021 (1637079474)
2023-09-03 06:18:48,673 [INFO] DbBoardsDocs:81 - Found 209 boards documents
2023-09-03 06:18:48,675 [INFO] ApiDb:226 - Save user favorites file C:\Users\Administrator/.stm32cubeide/favorites.boards.txt: 0 item(s)
2023-09-03 06:18:48,675 [INFO] ApiDb:230 - User favorites Boards=[]
2023-09-03 06:18:48,694 [INFO] DbBoardsPdsc:94 - Found 23 items
2023-09-03 06:18:48,694 [INFO] DbBoardsPdsc:94 - Found 9 items
2023-09-03 06:18:48,694 [INFO] DbBoardsPdsc:94 - Found 29 items
2023-09-03 06:18:48,694 [INFO] DbBoardsPdsc:94 - Found 1 items
2023-09-03 06:18:48,694 [INFO] DbBoardsPdsc:94 - Found 44 items
2023-09-03 06:18:48,709 [INFO] DbBoardsPdsc:94 - Found 40 items
2023-09-03 06:18:48,709 [INFO] DbBoardsPdsc:94 - Found 2 items
2023-09-03 06:18:48,709 [INFO] DbBoardsPdsc:94 - Found 4 items
2023-09-03 06:18:48,709 [WARN] DbBoardsPdsc:258 - Board STM32H7B3I-DK: unknown feature type=Audio, name=, username=Audio stereo codec with Headphone Amp (CS42L51-CNZ), n=1
2023-09-03 06:18:48,709 [WARN] DbBoardsPdsc:258 - Board STM32H735G-DK: unknown feature type=Audio, name=, username=Audio stereo codec with Headphone Amp (WM8994ECS/R), n=1
2023-09-03 06:18:48,709 [WARN] DbBoardsPdsc:258 - Board STM32H7B3I-EVAL: unknown feature type=Audio, name=, username=Multi-Channel Audio Codec (CS42L51-CNZ), n=1
2023-09-03 06:18:48,709 [WARN] DbBoardsPdsc:258 - Board STM32H7B3I-EVAL: unknown feature type=Meter, name=, username=Power-metering and Temperature-monitoring with sigma-delta modulators, n=1
2023-09-03 06:18:48,709 [WARN] DbBoardsPdsc:258 - Board STM32H7B3I-EVAL: unknown feature type=Motor, name=, username=Motor Control, n=1
2023-09-03 06:18:48,735 [INFO] DbBoardsJson:85 - JSON generation date=Tue Nov 16 18:17:54 EET 2021 (1637079474)
2023-09-03 06:18:48,743 [INFO] DbBoards:117 - Found 166 boards (149 are supported by CubeMX)
2023-09-03 06:18:48,744 [WARN] DbBoards:127 - board B-L475E-IOT01A2 has no document id list !
2023-09-03 06:18:48,744 [WARN] DbBoards:127 - board NUCLEO-H743ZI has no document id list !
2023-09-03 06:18:48,745 [WARN] DbBoards:127 - board P-NUCLEO-WB55-Nucleo has no document id list !
2023-09-03 06:18:48,745 [WARN] DbBoards:127 - board P-NUCLEO-WB55-USBDongle has no document id list !
2023-09-03 06:18:48,745 [WARN] DbBoards:127 - board STEVAL-BFA001V1B has no document id list !
2023-09-03 06:18:48,745 [WARN] DbBoards:127 - board STEVAL-BFA001V2B has no document id list !
2023-09-03 06:18:48,745 [WARN] DbBoards:127 - board STEVAL-IDP005V1 has no document id list !
2023-09-03 06:18:48,745 [WARN] DbBoards:127 - board STEVAL-IDP005V2 has no document id list !
2023-09-03 06:18:48,745 [WARN] DbBoards:127 - board STEVAL-MKSBOX1V1 has no document id list !
2023-09-03 06:18:48,745 [WARN] DbBoards:127 - board STEVAL-STWINKT1 has no document id list !
2023-09-03 06:18:48,746 [WARN] DbBoards:127 - board STEVAL-STWINKT1B has no document id list !
2023-09-03 06:18:48,746 [WARN] DbBoards:127 - board STM32439I-EVAL2 has no document id list !
2023-09-03 06:18:48,746 [WARN] DbBoards:127 - board STM32F401C-DISCO has no document id list !
2023-09-03 06:18:48,747 [WARN] DbBoards:127 - board STM32F769I-DISC1 has no document id list !
2023-09-03 06:18:48,747 [WARN] DbBoards:127 - board STM32G474E-EVAL1 has no document id list !
2023-09-03 06:18:48,747 [WARN] DbBoards:127 - board STM32H743I-EVAL2 has no document id list !
2023-09-03 06:18:48,747 [WARN] DbBoards:127 - board STM32H747I-DISC1 has no document id list !
2023-09-03 06:18:48,748 [WARN] DbBoards:127 - board STM32H753I-EVAL2 has no document id list !
2023-09-03 06:18:48,748 [WARN] DbBoards:127 - board STM32L-DISCOVERY has no document id list !
2023-09-03 06:18:48,793 [ERROR] DbBoards:189 - Image file not found for board B-L462E-CELL1: C:\ST\STM32CubeIDE_1.4.0\STM32CubeIDE\plugins\com.st.stm32cube.common.mx_6.0.0.202007160824\\db\/plugins/mcufinder/images/boards/B-L462E-CELL1_small.jpg
2023-09-03 06:18:48,818 [ERROR] DbBoards:189 - Image file not found for board B-U585I-IOT02A: C:\ST\STM32CubeIDE_1.4.0\STM32CubeIDE\plugins\com.st.stm32cube.common.mx_6.0.0.202007160824\\db\/plugins/mcufinder/images/boards/B-U585I-IOT02A_small.jpg
2023-09-03 06:18:48,943 [ERROR] DbBoards:189 - Image file not found for board NUCLEO-F413ZH: C:\ST\STM32CubeIDE_1.4.0\STM32CubeIDE\plugins\com.st.stm32cube.common.mx_6.0.0.202007160824\\db\/plugins/mcufinder/images/boards/nucleo-f413zh_small.jpg
2023-09-03 06:18:49,086 [ERROR] DbBoards:189 - Image file not found for board NUCLEO-L552ZE-Q: C:\ST\STM32CubeIDE_1.4.0\STM32CubeIDE\plugins\com.st.stm32cube.common.mx_6.0.0.202007160824\\db\/plugins/mcufinder/images/boards/nucleo_l552ze_q_small.jpg
2023-09-03 06:18:49,086 [ERROR] DbBoards:189 - Image file not found for board NUCLEO-U575ZI-Q: C:\ST\STM32CubeIDE_1.4.0\STM32CubeIDE\plugins\com.st.stm32cube.common.mx_6.0.0.202007160824\\db\/plugins/mcufinder/images/boards/nucleo-u575zi-q_small.jpg
2023-09-03 06:18:49,086 [ERROR] DbBoards:189 - Image file not found for board NUCLEO-WB15CC: C:\ST\STM32CubeIDE_1.4.0\STM32CubeIDE\plugins\com.st.stm32cube.common.mx_6.0.0.202007160824\\db\/plugins/mcufinder/images/boards/nucleo-wb15cc_small.jpg
2023-09-03 06:18:49,086 [ERROR] DbBoards:189 - Image file not found for board NUCLEO-WB55RG: C:\ST\STM32CubeIDE_1.4.0\STM32CubeIDE\plugins\com.st.stm32cube.common.mx_6.0.0.202007160824\\db\/plugins/mcufinder/images/boards/nucleo-wb55rg_small.jpg
2023-09-03 06:18:49,086 [ERROR] DbBoards:189 - Image file not found for board NUCLEO-WL55JC: C:\ST\STM32CubeIDE_1.4.0\STM32CubeIDE\plugins\com.st.stm32cube.common.mx_6.0.0.202007160824\\db\/plugins/mcufinder/images/boards/nucleo-wl55jc-small.jpg
2023-09-03 06:18:49,203 [ERROR] DbBoards:189 - Image file not found for board STEVAL-STWINKT1B: C:\ST\STM32CubeIDE_1.4.0\STM32CubeIDE\plugins\com.st.stm32cube.common.mx_6.0.0.202007160824\\db\/plugins/mcufinder/images/boards/steval-stwinkt1b_small.jpg
2023-09-03 06:18:49,450 [ERROR] DbBoards:189 - Image file not found for board STM32G0C1E-EV: C:\ST\STM32CubeIDE_1.4.0\STM32CubeIDE\plugins\com.st.stm32cube.common.mx_6.0.0.202007160824\\db\/plugins/mcufinder/images/boards/stm32g0c1e-eval_small.jpg
2023-09-03 06:18:49,534 [ERROR] DbBoards:189 - Image file not found for board STM32H7B3I-EVAL: C:\ST\STM32CubeIDE_1.4.0\STM32CubeIDE\plugins\com.st.stm32cube.common.mx_6.0.0.202007160824\\db\/plugins/mcufinder/images/boards/stm32h7b3ieval_small.jpg
2023-09-03 06:18:49,687 [ERROR] DbBoards:189 - Image file not found for board STM32U575I-EV: C:\ST\STM32CubeIDE_1.4.0\STM32CubeIDE\plugins\com.st.stm32cube.common.mx_6.0.0.202007160824\\db\/plugins/mcufinder/images/boards/stm32u575i-ev_small.jpg
2023-09-03 06:18:49,701 [ERROR] DbBoards:189 - Image file not found for board STM32WB5MM-DK: C:\ST\STM32CubeIDE_1.4.0\STM32CubeIDE\plugins\com.st.stm32cube.common.mx_6.0.0.202007160824\\db\/plugins/mcufinder/images/boards/STM32WB5MM-DK_small.jpg
2023-09-03 06:18:49,701 [INFO] ApiDb:201 - Load user favorites file C:\Users\Administrator/.stm32cubeide/favorites.boards.txt: 0 item(s)
2023-09-03 06:18:49,701 [INFO] ApiDb:205 - User favorites Boards=[]
2023-09-03 06:18:49,701 [INFO] DbBoards:206 - Set 0 / 0 favorites Boards
2023-09-03 06:18:49,862 [INFO] LoadUrlFilesThread:162 - End of LoadServerUrlFiles without Thread
2023-09-03 06:18:49,862 [INFO] MultiScanPanel:787 - Refresh data is succesful
2023-09-03 06:18:49,862 [INFO] McuFilterPanel:245 - Update 0 favorites MCUs
2023-09-03 06:26:39,621 [INFO] LogOutputStream:76 - [STDOUT_REDIRECT] withoutVersionV1.8.4
2023-09-03 06:26:39,622 [INFO] LogOutputStream:76 - [STDOUT_REDIRECT] withoutVersionV1.8.3
2023-09-03 06:26:39,622 [INFO] LogOutputStream:76 - [STDOUT_REDIRECT] withoutVersionV1.8.2
2023-09-03 06:26:39,623 [INFO] LogOutputStream:76 - [STDOUT_REDIRECT] withoutVersionV1.8.1
2023-09-03 06:26:39,623 [INFO] LogOutputStream:76 - [STDOUT_REDIRECT] withoutVersionV1.8.0
2023-09-03 06:26:43,316 [INFO] ApiDb:226 - Save user favorites file C:\Users\Administrator/.stm32cubeide/favorites.mcus.txt: 0 item(s)
2023-09-03 06:26:43,316 [INFO] ApiDb:230 - User favorites MCUs=[]
2023-09-03 16:53:24,297 [INFO] Activator:178 - 


2023-09-03 16:53:24,312 [INFO] Activator:179 - !SESSION log4j initialized
2023-09-03 16:54:19,962 [INFO] RetryExec:97 - I/O exception (org.apache.http.NoHttpResponseException) caught when processing request to {s}->https://download.eclipse.org:443: The target server failed to respond
2023-09-03 16:54:19,969 [INFO] RetryExec:113 - Retrying request to {s}->https://download.eclipse.org:443
2023-09-03 16:54:20,751 [INFO] RetryExec:97 - I/O exception (org.apache.http.NoHttpResponseException) caught when processing request to {s}->https://archive.eclipse.org:443: The target server failed to respond
2023-09-03 16:54:20,751 [INFO] RetryExec:113 - Retrying request to {s}->https://archive.eclipse.org:443
2023-09-05 00:05:05,770 [INFO] Activator:178 - 


2023-09-05 00:05:05,782 [INFO] Activator:179 - !SESSION log4j initialized
2023-09-05 00:06:21,366 [INFO] RetryExec:97 - I/O exception (org.apache.http.NoHttpResponseException) caught when processing request to {s}->https://download.eclipse.org:443: The target server failed to respond
2023-09-05 00:06:21,370 [INFO] RetryExec:113 - Retrying request to {s}->https://download.eclipse.org:443
2023-09-05 00:06:22,268 [INFO] RetryExec:97 - I/O exception (org.apache.http.NoHttpResponseException) caught when processing request to {s}->https://archive.eclipse.org:443: The target server failed to respond
2023-09-05 00:06:22,268 [INFO] RetryExec:113 - Retrying request to {s}->https://archive.eclipse.org:443
2023-09-05 00:06:23,283 [INFO] RetryExec:97 - I/O exception (org.apache.http.NoHttpResponseException) caught when processing request to {s}->https://download.eclipse.org:443: The target server failed to respond
2023-09-05 00:06:23,283 [INFO] RetryExec:113 - Retrying request to {s}->https://download.eclipse.org:443
2023-09-05 00:08:41,272 [INFO] Activator:178 - 


2023-09-05 00:08:41,276 [INFO] Activator:179 - !SESSION log4j initialized
2023-09-05 00:09:49,737 [INFO] RetryExec:97 - I/O exception (org.apache.http.NoHttpResponseException) caught when processing request to {s}->https://download.eclipse.org:443: The target server failed to respond
2023-09-05 00:09:49,741 [INFO] RetryExec:113 - Retrying request to {s}->https://download.eclipse.org:443
2023-09-05 00:09:50,591 [INFO] RetryExec:97 - I/O exception (org.apache.http.NoHttpResponseException) caught when processing request to {s}->https://archive.eclipse.org:443: The target server failed to respond
2023-09-05 00:09:50,591 [INFO] RetryExec:113 - Retrying request to {s}->https://archive.eclipse.org:443
2023-09-05 00:09:51,609 [INFO] RetryExec:97 - I/O exception (org.apache.http.NoHttpResponseException) caught when processing request to {s}->https://download.eclipse.org:443: The target server failed to respond
2023-09-05 00:09:51,609 [INFO] RetryExec:113 - Retrying request to {s}->https://download.eclipse.org:443
2023-09-05 00:11:31,653 [INFO] Activator:178 - 


2023-09-05 00:11:31,653 [INFO] Activator:179 - !SESSION log4j initialized
2023-09-05 00:11:51,807 [INFO] RetryExec:97 - I/O exception (java.net.SocketException) caught when processing request to {}->http://sw-center.st.com:80: Socket Closed
2023-09-05 00:11:51,811 [INFO] RetryExec:113 - Retrying request to {}->http://sw-center.st.com:80
2023-09-05 00:12:05,991 [INFO] Activator:178 - 


2023-09-05 00:12:05,996 [INFO] Activator:179 - !SESSION log4j initialized
2023-09-05 00:13:30,914 [INFO] RetryExec:97 - I/O exception (org.apache.http.NoHttpResponseException) caught when processing request to {s}->https://download.eclipse.org:443: The target server failed to respond
2023-09-05 00:13:30,914 [INFO] RetryExec:113 - Retrying request to {s}->https://download.eclipse.org:443
2023-09-05 00:13:31,827 [INFO] RetryExec:97 - I/O exception (org.apache.http.NoHttpResponseException) caught when processing request to {s}->https://archive.eclipse.org:443: The target server failed to respond
2023-09-05 00:13:31,830 [INFO] RetryExec:113 - Retrying request to {s}->https://archive.eclipse.org:443
2023-09-05 00:13:32,723 [INFO] RetryExec:97 - I/O exception (org.apache.http.NoHttpResponseException) caught when processing request to {s}->https://download.eclipse.org:443: The target server failed to respond
2023-09-05 00:13:32,723 [INFO] RetryExec:113 - Retrying request to {s}->https://download.eclipse.org:443
