2023-09-19 01:30:46,725 [INFO] Activator:178 - 


2023-09-19 01:30:46,728 [INFO] Activator:179 - !SESSION log4j initialized
2023-09-19 01:31:59,511 [INFO] RetryExec:97 - I/O exception (org.apache.http.NoHttpResponseException) caught when processing request to {s}->https://download.eclipse.org:443: The target server failed to respond
2023-09-19 01:31:59,514 [INFO] RetryExec:113 - Retrying request to {s}->https://download.eclipse.org:443
2023-09-19 01:32:00,378 [INFO] RetryExec:97 - I/O exception (org.apache.http.NoHttpResponseException) caught when processing request to {s}->https://archive.eclipse.org:443: The target server failed to respond
2023-09-19 01:32:00,379 [INFO] RetryExec:113 - Retrying request to {s}->https://archive.eclipse.org:443
2023-09-19 01:32:02,091 [INFO] RetryExec:97 - I/O exception (org.apache.http.NoHttpResponseException) caught when processing request to {s}->https://download.eclipse.org:443: The target server failed to respond
2023-09-19 01:32:02,091 [INFO] RetryExec:113 - Retrying request to {s}->https://download.eclipse.org:443
2023-09-19 01:36:44,421 [INFO] ApplicationProperties:181 - Using Application install path: C:\ST\STM32CubeIDE_1.4.0\STM32CubeIDE\plugins\com.st.stm32cube.common.mx_6.0.0.202007160824
2023-09-19 01:36:44,434 [INFO] DbMcusXml:70 - Set database path to: C:\ST\STM32CubeIDE_1.4.0\STM32CubeIDE\plugins\com.st.stm32cube.common.mx_6.0.0.202007160824\\db\/mcu/
2023-09-19 01:36:44,437 [INFO] DbBoardsPdsc:56 - Set plugin database path to: C:\ST\STM32CubeIDE_1.4.0\STM32CubeIDE\plugins\com.st.stm32cube.common.mx_6.0.0.202007160824\\db\/plugins/boardmanager/
2023-09-19 01:36:44,437 [INFO] DbMcus:258 - Set plugin images path to: C:\ST\STM32CubeIDE_1.4.0\STM32CubeIDE\plugins\com.st.stm32cube.common.mx_6.0.0.202007160824\\db\/plugins/mcufinder/images/
2023-09-19 01:36:44,437 [INFO] DbBoards:264 - Set plugin images path to: C:\ST\STM32CubeIDE_1.4.0\STM32CubeIDE\plugins\com.st.stm32cube.common.mx_6.0.0.202007160824\\db\/plugins/mcufinder/images/
2023-09-19 01:36:44,441 [INFO] DbExamples:326 - Set plugin images path to: C:\ST\STM32CubeIDE_1.4.0\STM32CubeIDE\plugins\com.st.stm32cube.common.mx_6.0.0.202007160824\\db\/plugins/mcufinder/images/
2023-09-19 01:36:44,446 [INFO] DbMcusDocs:112 - Set database path to: C:\Users\Administrator\.stmcufinder\plugins\mcufinder//mcu/
2023-09-19 01:36:44,448 [INFO] DbMcusJson:63 - Set database path to: C:\Users\Administrator\.stmcufinder\plugins\mcufinder//mcu/
2023-09-19 01:36:44,449 [INFO] DbBoardsDocs:112 - Set database path to: C:\Users\Administrator\.stmcufinder\plugins\mcufinder//mcu/
2023-09-19 01:36:44,450 [INFO] DbBoardsJson:56 - Set database path to: C:\Users\Administrator\.stmcufinder\plugins\mcufinder//mcu/
2023-09-19 01:36:44,520 [INFO] CrossReferenceDbSqlite:196 - Set database path to: C:\Users\Administrator\.stmcufinder\plugins\mcufinder//mcu/cs/
2023-09-19 01:36:44,531 [INFO] DbExamplesSqlite:800 - Set database path to: C:\Users\Administrator\.stmcufinder\plugins\mcufinder//mcu/
2023-09-19 01:36:44,665 [INFO] RulesReader:52 - Compatibility file has been processed (209 Rules)
2023-09-19 01:36:44,757 [INFO] MicroXplorer:564 - Detected Java Version = 1.8.0_252
2023-09-19 01:36:44,758 [INFO] DbMcusXml:70 - Set database path to: C:\ST\STM32CubeIDE_1.4.0\STM32CubeIDE\plugins\com.st.stm32cube.common.mx_6.0.0.202007160824\\db\/mcu/
2023-09-19 01:36:44,758 [INFO] DbBoardsPdsc:56 - Set plugin database path to: C:\ST\STM32CubeIDE_1.4.0\STM32CubeIDE\plugins\com.st.stm32cube.common.mx_6.0.0.202007160824\\db\/plugins/boardmanager/
2023-09-19 01:36:44,759 [INFO] DbMcus:258 - Set plugin images path to: C:\ST\STM32CubeIDE_1.4.0\STM32CubeIDE\plugins\com.st.stm32cube.common.mx_6.0.0.202007160824\\db\/plugins/mcufinder/images/
2023-09-19 01:36:44,759 [INFO] DbBoards:264 - Set plugin images path to: C:\ST\STM32CubeIDE_1.4.0\STM32CubeIDE\plugins\com.st.stm32cube.common.mx_6.0.0.202007160824\\db\/plugins/mcufinder/images/
2023-09-19 01:36:44,759 [INFO] DbExamples:326 - Set plugin images path to: C:\ST\STM32CubeIDE_1.4.0\STM32CubeIDE\plugins\com.st.stm32cube.common.mx_6.0.0.202007160824\\db\/plugins/mcufinder/images/
2023-09-19 01:36:44,759 [WARN] DbFile:36 - Overriding database path with different value: C:\Users\Administrator\.stmcufinder\plugins\mcufinder/ => C:\Users\Administrator\.stmcufinder\plugins\mcufinder
2023-09-19 01:36:44,760 [INFO] DbMcusDocs:112 - Set database path to: C:\Users\Administrator\.stmcufinder\plugins\mcufinder//mcu/
2023-09-19 01:36:44,760 [WARN] DbFile:36 - Overriding database path with different value: C:\Users\Administrator\.stmcufinder\plugins\mcufinder/ => C:\Users\Administrator\.stmcufinder\plugins\mcufinder
2023-09-19 01:36:44,761 [INFO] DbMcusJson:63 - Set database path to: C:\Users\Administrator\.stmcufinder\plugins\mcufinder//mcu/
2023-09-19 01:36:44,761 [WARN] DbFile:36 - Overriding database path with different value: C:\Users\Administrator\.stmcufinder\plugins\mcufinder/ => C:\Users\Administrator\.stmcufinder\plugins\mcufinder
2023-09-19 01:36:44,761 [INFO] DbBoardsDocs:112 - Set database path to: C:\Users\Administrator\.stmcufinder\plugins\mcufinder//mcu/
2023-09-19 01:36:44,761 [WARN] DbFile:36 - Overriding database path with different value: C:\Users\Administrator\.stmcufinder\plugins\mcufinder/ => C:\Users\Administrator\.stmcufinder\plugins\mcufinder
2023-09-19 01:36:44,761 [INFO] DbBoardsJson:56 - Set database path to: C:\Users\Administrator\.stmcufinder\plugins\mcufinder//mcu/
2023-09-19 01:36:44,761 [WARN] DbFile:36 - Overriding database path with different value: C:\Users\Administrator\.stmcufinder\plugins\mcufinder/ => C:\Users\Administrator\.stmcufinder\plugins\mcufinder
2023-09-19 01:36:44,762 [WARN] DbFile:36 - Overriding database path with different value: C:\Users\Administrator\.stmcufinder\plugins\mcufinder/ => C:\Users\Administrator\.stmcufinder\plugins\mcufinder
2023-09-19 01:36:44,762 [INFO] CrossReferenceDbSqlite:196 - Set database path to: C:\Users\Administrator\.stmcufinder\plugins\mcufinder//mcu/cs/
2023-09-19 01:36:44,762 [WARN] DbFile:36 - Overriding database path with different value: C:\Users\Administrator\.stmcufinder\plugins\mcufinder/ => C:\Users\Administrator\.stmcufinder\plugins\mcufinder
2023-09-19 01:36:44,762 [INFO] DbExamplesSqlite:800 - Set database path to: C:\Users\Administrator\.stmcufinder\plugins\mcufinder//mcu/
2023-09-19 01:36:44,842 [INFO] MainPanel:189 - HeapMemory: 658505728
2023-09-19 01:36:44,934 [INFO] DbMcusXml:70 - Set database path to: C:\ST\STM32CubeIDE_1.4.0\STM32CubeIDE\plugins\com.st.stm32cube.common.mx_6.0.0.202007160824\\db\/mcu/
2023-09-19 01:36:44,934 [INFO] DbBoardsPdsc:56 - Set plugin database path to: C:\ST\STM32CubeIDE_1.4.0\STM32CubeIDE\plugins\com.st.stm32cube.common.mx_6.0.0.202007160824\\db\/plugins/boardmanager/
2023-09-19 01:36:44,934 [INFO] DbMcus:258 - Set plugin images path to: C:\ST\STM32CubeIDE_1.4.0\STM32CubeIDE\plugins\com.st.stm32cube.common.mx_6.0.0.202007160824\\db\/plugins/mcufinder/images/
2023-09-19 01:36:44,934 [INFO] DbBoards:264 - Set plugin images path to: C:\ST\STM32CubeIDE_1.4.0\STM32CubeIDE\plugins\com.st.stm32cube.common.mx_6.0.0.202007160824\\db\/plugins/mcufinder/images/
2023-09-19 01:36:44,935 [INFO] DbExamples:326 - Set plugin images path to: C:\ST\STM32CubeIDE_1.4.0\STM32CubeIDE\plugins\com.st.stm32cube.common.mx_6.0.0.202007160824\\db\/plugins/mcufinder/images/
2023-09-19 01:36:44,935 [WARN] DbFile:36 - Overriding database path with different value: C:\Users\Administrator\.stmcufinder\plugins\mcufinder/ => C:\Users\Administrator\.stmcufinder\plugins\mcufinder
2023-09-19 01:36:44,936 [INFO] DbMcusDocs:112 - Set database path to: C:\Users\Administrator\.stmcufinder\plugins\mcufinder//mcu/
2023-09-19 01:36:44,936 [WARN] DbFile:36 - Overriding database path with different value: C:\Users\Administrator\.stmcufinder\plugins\mcufinder/ => C:\Users\Administrator\.stmcufinder\plugins\mcufinder
2023-09-19 01:36:44,936 [INFO] DbMcusJson:63 - Set database path to: C:\Users\Administrator\.stmcufinder\plugins\mcufinder//mcu/
2023-09-19 01:36:44,936 [WARN] DbFile:36 - Overriding database path with different value: C:\Users\Administrator\.stmcufinder\plugins\mcufinder/ => C:\Users\Administrator\.stmcufinder\plugins\mcufinder
2023-09-19 01:36:44,936 [INFO] DbBoardsDocs:112 - Set database path to: C:\Users\Administrator\.stmcufinder\plugins\mcufinder//mcu/
2023-09-19 01:36:44,936 [WARN] DbFile:36 - Overriding database path with different value: C:\Users\Administrator\.stmcufinder\plugins\mcufinder/ => C:\Users\Administrator\.stmcufinder\plugins\mcufinder
2023-09-19 01:36:44,937 [INFO] DbBoardsJson:56 - Set database path to: C:\Users\Administrator\.stmcufinder\plugins\mcufinder//mcu/
2023-09-19 01:36:44,937 [WARN] DbFile:36 - Overriding database path with different value: C:\Users\Administrator\.stmcufinder\plugins\mcufinder/ => C:\Users\Administrator\.stmcufinder\plugins\mcufinder
2023-09-19 01:36:44,937 [WARN] DbFile:36 - Overriding database path with different value: C:\Users\Administrator\.stmcufinder\plugins\mcufinder/ => C:\Users\Administrator\.stmcufinder\plugins\mcufinder
2023-09-19 01:36:44,937 [INFO] CrossReferenceDbSqlite:196 - Set database path to: C:\Users\Administrator\.stmcufinder\plugins\mcufinder//mcu/cs/
2023-09-19 01:36:44,937 [WARN] DbFile:36 - Overriding database path with different value: C:\Users\Administrator\.stmcufinder\plugins\mcufinder/ => C:\Users\Administrator\.stmcufinder\plugins\mcufinder
2023-09-19 01:36:44,937 [INFO] DbExamplesSqlite:800 - Set database path to: C:\Users\Administrator\.stmcufinder\plugins\mcufinder//mcu/
2023-09-19 01:36:44,959 [INFO] ApplicationProperties:181 - Using Application install path: C:\ST\STM32CubeIDE_1.4.0\STM32CubeIDE\plugins\com.st.stm32cube.common.mx_6.0.0.202007160824
2023-09-19 01:36:44,961 [INFO] PluginManage:178 - Search for loadable plugins [exclusion list=, ]
2023-09-19 01:36:44,962 [INFO] PluginManage:292 - Check plugin analytics
2023-09-19 01:36:45,168 [INFO] AnalyticsPlugin:203 - Accepted Software Licenses: 
2023-09-19 01:36:45,169 [INFO] AnalyticsPlugin:205 - Accepted CMSIS Pack Licenses: 
2023-09-19 01:36:45,170 [INFO] AnalyticsPlugin:207 - Accepted Firmware Licenses: 
2023-09-19 01:36:45,171 [INFO] PluginManage:342 - Loaded plugin analytics (category:tool,tabindex:-1)
2023-09-19 01:36:45,171 [INFO] PluginManage:292 - Check plugin clock
2023-09-19 01:36:45,194 [INFO] PluginManage:342 - Loaded plugin clock (category:base,tabindex:2)
2023-09-19 01:36:45,194 [INFO] PluginManage:292 - Check plugin ddr
2023-09-19 01:36:45,198 [INFO] PluginManage:342 - Loaded plugin ddr (category:tool,tabindex:6)
2023-09-19 01:36:45,198 [INFO] PluginManage:292 - Check plugin filemanager
2023-09-19 01:36:45,382 [INFO] PluginManage:342 - Loaded plugin filemanager (category:base,tabindex:10)
2023-09-19 01:36:45,382 [INFO] PluginManage:292 - Check plugin ipmanager
2023-09-19 01:36:45,391 [INFO] PluginManage:342 - Loaded plugin ipmanager (category:base,tabindex:5)
2023-09-19 01:36:45,391 [INFO] PluginManage:292 - Check plugin pinoutandconfiguration
2023-09-19 01:36:45,407 [INFO] PluginManage:342 - Loaded plugin pinoutandconfiguration (category:base,tabindex:1)
2023-09-19 01:36:45,408 [INFO] PluginManage:292 - Check plugin pinoutconfig
2023-09-19 01:36:45,443 [INFO] PluginManage:342 - Loaded plugin pinoutconfig (category:base,tabindex:0)
2023-09-19 01:36:45,444 [INFO] PluginManage:292 - Check plugin power
2023-09-19 01:36:45,456 [INFO] PluginManage:342 - Loaded plugin power (category:power,tabindex:4)
2023-09-19 01:36:45,457 [INFO] PluginManage:292 - Check plugin projectmanager
2023-09-19 01:36:45,481 [INFO] PluginManage:342 - Loaded plugin projectmanager (category:projectmanager,tabindex:3)
2023-09-19 01:36:45,482 [INFO] PluginManage:292 - Check plugin thirdparty
2023-09-19 01:36:45,630 [INFO] ThirdPartyDb:333 - Open Third Party DataBase File (C:/Users/Administrator/.stm32cubemx/plugins/thirdparty/db/thirdparties_db.xml) : 72 ms. number of Sw pack : 48
2023-09-19 01:36:45,635 [INFO] PluginManage:342 - Loaded plugin thirdparty (category:base,tabindex:-1)
2023-09-19 01:36:45,639 [INFO] PluginManage:292 - Check plugin tools
2023-09-19 01:36:45,642 [INFO] PluginManage:342 - Loaded plugin tools (category:base,tabindex:7)
2023-09-19 01:36:45,642 [INFO] PluginManage:292 - Check plugin tutovideos
2023-09-19 01:36:45,915 [INFO] PluginManage:342 - Loaded plugin tutovideos (category:base,tabindex:-1)
2023-09-19 01:36:45,916 [INFO] PluginManage:292 - Check plugin updater
2023-09-19 01:36:45,937 [INFO] PluginManage:342 - Loaded plugin updater (category:base,tabindex:12)
2023-09-19 01:36:45,938 [INFO] PluginManage:265 - PluginManage : Loaded plugins [13]
2023-09-19 01:36:46,144 [INFO] PinOutPanel:1418 - setPackage(No Configuration,No Configuration)
2023-09-19 01:36:46,275 [INFO] IPUIPlugin:64 - create IPUIPlugin
2023-09-19 01:36:46,276 [INFO] PluginManager:200 - loadIPPluginJar : add adc
2023-09-19 01:36:46,280 [INFO] IPUIPlugin:64 - create IPUIPlugin
2023-09-19 01:36:46,280 [INFO] PluginManager:200 - loadIPPluginJar : add aes
2023-09-19 01:36:46,284 [INFO] IPUIPlugin:64 - create IPUIPlugin
2023-09-19 01:36:46,284 [INFO] PluginManager:200 - loadIPPluginJar : add can
2023-09-19 01:36:46,288 [INFO] IPUIPlugin:64 - create IPUIPlugin
2023-09-19 01:36:46,289 [INFO] PluginManager:200 - loadIPPluginJar : add comp
2023-09-19 01:36:46,292 [INFO] IPUIPlugin:64 - create IPUIPlugin
2023-09-19 01:36:46,292 [INFO] PluginManager:200 - loadIPPluginJar : add cryp
2023-09-19 01:36:46,296 [INFO] IPUIPlugin:64 - create IPUIPlugin
2023-09-19 01:36:46,296 [INFO] PluginManager:200 - loadIPPluginJar : add dfsdm
2023-09-19 01:36:46,305 [INFO] IPUIPlugin:64 - create IPUIPlugin
2023-09-19 01:36:46,306 [INFO] PluginManager:200 - loadIPPluginJar : add dma
2023-09-19 01:36:46,308 [INFO] IPUIPlugin:64 - create IPUIPlugin
2023-09-19 01:36:46,309 [INFO] PluginManager:200 - loadIPPluginJar : add fatfs
2023-09-19 01:36:46,315 [INFO] IPUIPlugin:64 - create IPUIPlugin
2023-09-19 01:36:46,315 [INFO] PluginManager:200 - loadIPPluginJar : add fmc
2023-09-19 01:36:46,326 [INFO] IPUIPlugin:64 - create IPUIPlugin
2023-09-19 01:36:46,327 [INFO] PluginManager:200 - loadIPPluginJar : add freertos
2023-09-19 01:36:46,330 [INFO] IPUIPlugin:64 - create IPUIPlugin
2023-09-19 01:36:46,330 [INFO] PluginManager:200 - loadIPPluginJar : add genericplugin
2023-09-19 01:36:46,333 [INFO] IPUIPlugin:64 - create IPUIPlugin
2023-09-19 01:36:46,334 [INFO] PluginManager:200 - loadIPPluginJar : add gfxmmu
2023-09-19 01:36:46,342 [INFO] IPUIPlugin:64 - create IPUIPlugin
2023-09-19 01:36:46,342 [INFO] PluginManager:200 - loadIPPluginJar : add gic
2023-09-19 01:36:46,348 [INFO] IPUIPlugin:64 - create IPUIPlugin
2023-09-19 01:36:46,349 [INFO] PluginManager:200 - loadIPPluginJar : add gpio
2023-09-19 01:36:46,352 [INFO] IPUIPlugin:64 - create IPUIPlugin
2023-09-19 01:36:46,353 [INFO] PluginManager:200 - loadIPPluginJar : add gtzc
2023-09-19 01:36:46,358 [INFO] IPUIPlugin:64 - create IPUIPlugin
2023-09-19 01:36:46,359 [INFO] PluginManager:200 - loadIPPluginJar : add hash
2023-09-19 01:36:46,362 [INFO] IPUIPlugin:64 - create IPUIPlugin
2023-09-19 01:36:46,363 [INFO] PluginManager:200 - loadIPPluginJar : add i2c
2023-09-19 01:36:46,367 [INFO] IPUIPlugin:64 - create IPUIPlugin
2023-09-19 01:36:46,367 [INFO] PluginManager:200 - loadIPPluginJar : add i2s
2023-09-19 01:36:46,372 [INFO] IPUIPlugin:64 - create IPUIPlugin
2023-09-19 01:36:46,372 [INFO] PluginManager:200 - loadIPPluginJar : add ipddr
2023-09-19 01:36:46,374 [INFO] IPUIPlugin:64 - create IPUIPlugin
2023-09-19 01:36:46,375 [INFO] PluginManager:200 - loadIPPluginJar : add ltdc
2023-09-19 01:36:46,380 [INFO] IPUIPlugin:64 - create IPUIPlugin
2023-09-19 01:36:46,381 [INFO] PluginManager:200 - loadIPPluginJar : add mdma
2023-09-19 01:36:46,386 [INFO] IPUIPlugin:64 - create IPUIPlugin
2023-09-19 01:36:46,386 [INFO] PluginManager:200 - loadIPPluginJar : add nvic
2023-09-19 01:36:46,391 [INFO] IPUIPlugin:64 - create IPUIPlugin
2023-09-19 01:36:46,391 [INFO] PluginManager:200 - loadIPPluginJar : add opamp
2023-09-19 01:36:46,396 [INFO] IPUIPlugin:64 - create IPUIPlugin
2023-09-19 01:36:46,397 [INFO] PluginManager:200 - loadIPPluginJar : add openamp
2023-09-19 01:36:46,402 [INFO] IPUIPlugin:64 - create IPUIPlugin
2023-09-19 01:36:46,402 [INFO] PluginManager:200 - loadIPPluginJar : add pdm2pcm
2023-09-19 01:36:46,411 [INFO] IPUIPlugin:64 - create IPUIPlugin
2023-09-19 01:36:46,415 [INFO] PluginManager:200 - loadIPPluginJar : add plateformsettings
2023-09-19 01:36:46,417 [INFO] IPUIPlugin:64 - create IPUIPlugin
2023-09-19 01:36:46,417 [INFO] PluginManager:200 - loadIPPluginJar : add quadspi
2023-09-19 01:36:46,421 [INFO] IPUIPlugin:64 - create IPUIPlugin
2023-09-19 01:36:46,421 [INFO] PluginManager:200 - loadIPPluginJar : add resmgrutility
2023-09-19 01:36:46,424 [INFO] IPUIPlugin:64 - create IPUIPlugin
2023-09-19 01:36:46,424 [INFO] PluginManager:200 - loadIPPluginJar : add sai
2023-09-19 01:36:46,426 [INFO] IPUIPlugin:64 - create IPUIPlugin
2023-09-19 01:36:46,426 [INFO] PluginManager:200 - loadIPPluginJar : add spi
2023-09-19 01:36:46,430 [INFO] IPUIPlugin:64 - create IPUIPlugin
2023-09-19 01:36:46,430 [INFO] PluginManager:200 - loadIPPluginJar : add stm32_wpan
2023-09-19 01:36:46,433 [INFO] IPUIPlugin:64 - create IPUIPlugin
2023-09-19 01:36:46,433 [INFO] PluginManager:200 - loadIPPluginJar : add tim
2023-09-19 01:36:46,437 [INFO] IPUIPlugin:64 - create IPUIPlugin
2023-09-19 01:36:46,437 [INFO] PluginManager:200 - loadIPPluginJar : add touchsensing
2023-09-19 01:36:46,440 [INFO] IPUIPlugin:64 - create IPUIPlugin
2023-09-19 01:36:46,440 [INFO] PluginManager:200 - loadIPPluginJar : add tracer_emb
2023-09-19 01:36:46,442 [INFO] IPUIPlugin:64 - create IPUIPlugin
2023-09-19 01:36:46,442 [INFO] PluginManager:200 - loadIPPluginJar : add ts
2023-09-19 01:36:46,443 [INFO] IPUIPlugin:64 - create IPUIPlugin
2023-09-19 01:36:46,444 [INFO] PluginManager:200 - loadIPPluginJar : add tsc
2023-09-19 01:36:46,447 [INFO] IPUIPlugin:64 - create IPUIPlugin
2023-09-19 01:36:46,447 [INFO] PluginManager:200 - loadIPPluginJar : add ucpd
2023-09-19 01:36:46,451 [INFO] IPUIPlugin:64 - create IPUIPlugin
2023-09-19 01:36:46,452 [INFO] PluginManager:200 - loadIPPluginJar : add usart
2023-09-19 01:36:47,467 [INFO] CubeProgrammer:457 - [DDR PANEL] - PathOfProgrammer: null
2023-09-19 01:36:48,458 [FATAL] Updater:282 - Updater called before beeing initialized
2023-09-19 01:36:48,700 [FATAL] Updater:282 - Updater called before beeing initialized
2023-09-19 01:36:48,701 [WARN] ThirdParty:775 - waiting for thirdparty lock release [close project]
2023-09-19 01:36:48,701 [INFO] ThirdParty:777 - entering critical section [close project]
2023-09-19 01:36:48,703 [INFO] ThirdParty:790 - exiting critical section [close project]
2023-09-19 01:36:48,708 [INFO] PinOutPanel:1418 - setPackage(No Configuration,No Configuration)
2023-09-19 01:36:48,709 [FATAL] Updater:282 - Updater called before beeing initialized
2023-09-19 01:36:48,717 [ERROR] Updater:967 - MainUpdater not yet initialized. External WinMGr cannot be set.
2023-09-19 01:36:48,720 [INFO] CubeProgrammer:457 - [DDR PANEL] - PathOfProgrammer: C:\ST\STM32CubeIDE_1.4.0\STM32CubeIDE\plugins\com.st.stm32cube.ide.mcu.externaltools.cubeprogrammer.win32_1.4.0.202007081208\tools\bin
2023-09-19 01:36:48,727 [INFO] ProgrammerExecThread:148 - [ProgrammerAPI] CubeProgrammer command construction: C:\ST\STM32CubeIDE_1.4.0\STM32CubeIDE\plugins\com.st.stm32cube.ide.mcu.externaltools.cubeprogrammer.win32_1.4.0.202007081208\tools\bin\STM32_Programmer_CLI.exe -l
2023-09-19 01:36:48,940 [INFO] MainDdrPanel:49 - [DDR PANEL] SETTER - Set cubeProgrammerPath to: C:\ST\STM32CubeIDE_1.4.0\STM32CubeIDE\plugins\com.st.stm32cube.ide.mcu.externaltools.cubeprogrammer.win32_1.4.0.202007081208\tools\bin
2023-09-19 01:36:48,972 [INFO] Updater:904 - Updater Version found : 6.0.0
2023-09-19 01:36:48,996 [INFO] ApplicationProperties:181 - Using Application install path: C:\ST\STM32CubeIDE_1.4.0\STM32CubeIDE\plugins\com.st.stm32cube.common.mx_6.0.0.202007160824
2023-09-19 01:36:49,510 [INFO] MainUpdater:2268 - connection check result : 10
2023-09-19 01:36:49,510 [INFO] MainUpdater:2935 - Updater definition file requires update
2023-09-19 01:36:49,511 [INFO] MainUpdater:239 - Updater Check For Update Now.
2023-09-19 01:36:49,511 [INFO] MicroXplorer:414 - Change Database Version : DB.6.0.0
2023-09-19 01:36:49,751 [INFO] ServerAccessManage:348 - Download File updaters.zip
2023-09-19 01:36:50,065 [INFO] FileExtend:225 - Unzip File : updaters.zip
2023-09-19 01:36:50,065 [INFO] FileExtend:240 - Standard Zip Deflate
2023-09-19 01:36:50,676 [INFO] ServerAccessManage:348 - Download File PacksControlFlags.xml
2023-09-19 01:36:50,918 [INFO] ServerAccessManage:348 - Download File cubemx.pidx
2023-09-19 01:36:51,063 [INFO] LoadServerUpdatesThread:309 - End of LoadServerUpdate Thread
2023-09-19 01:36:51,126 [INFO] CheckServerUpdateThread:102 - End of CheckServer Thread
2023-09-19 01:36:51,158 [INFO] MainUpdater:2268 - connection check result : 10
2023-09-19 01:36:51,563 [INFO] ServerAccessManage:348 - Download File mcusDocs.json._tmp_
2023-09-19 01:36:51,643 [WARN] IntegrityCheckThread:61 - waiting for thirdparty lock release [integrity check]
2023-09-19 01:36:51,643 [INFO] IntegrityCheckThread:63 - entering critical section [integrity check]
2023-09-19 01:36:51,643 [WARN] MainUpdater:1087 - Updater busy. Cannot search thirdparties
2023-09-19 01:36:51,771 [INFO] LoadUrlFilesThread:135 - End of LoadUrlFiles Thread
2023-09-19 01:36:51,869 [INFO] ServerAccessManage:348 - Download File mcusFeaturesAndDescription.json._tmp_
2023-09-19 01:36:54,650 [WARN] MainUpdater:1087 - Updater busy. Cannot search thirdparties
2023-09-19 01:36:57,289 [INFO] LoadUrlFilesThread:135 - End of LoadUrlFiles Thread
2023-09-19 01:36:57,389 [INFO] ServerAccessManage:348 - Download File boardsDocs.json._tmp_
2023-09-19 01:36:57,428 [INFO] LoadUrlFilesThread:135 - End of LoadUrlFiles Thread
2023-09-19 01:36:57,523 [INFO] ServerAccessManage:348 - Download File boards.json._tmp_
2023-09-19 01:36:57,651 [WARN] MainUpdater:1087 - Updater busy. Cannot search thirdparties
2023-09-19 01:36:57,806 [INFO] LoadUrlFilesThread:135 - End of LoadUrlFiles Thread
2023-09-19 01:36:58,143 [INFO] ServerAccessManage:348 - Download File cube-finder-db.zip
2023-09-19 01:37:00,662 [WARN] MainUpdater:1087 - Updater busy. Cannot search thirdparties
2023-09-19 01:37:03,665 [WARN] MainUpdater:1087 - Updater busy. Cannot search thirdparties
2023-09-19 01:37:06,667 [WARN] MainUpdater:1087 - Updater busy. Cannot search thirdparties
2023-09-19 01:37:09,678 [WARN] MainUpdater:1087 - Updater busy. Cannot search thirdparties
2023-09-19 01:37:12,680 [WARN] MainUpdater:1087 - Updater busy. Cannot search thirdparties
2023-09-19 01:37:15,524 [INFO] FileExtend:225 - Unzip File : cube-finder-db.zip
2023-09-19 01:37:15,528 [INFO] FileExtend:240 - Standard Zip Deflate
2023-09-19 01:37:15,691 [WARN] MainUpdater:1087 - Updater busy. Cannot search thirdparties
2023-09-19 01:37:16,030 [INFO] LoadUrlFilesThread:135 - End of LoadUrlFiles Thread
2023-09-19 01:37:16,815 [INFO] ServerAccessManage:348 - Download File crdb.zip
2023-09-19 01:37:17,468 [INFO] FileExtend:225 - Unzip File : crdb.zip
2023-09-19 01:37:17,470 [INFO] FileExtend:240 - Standard Zip Deflate
2023-09-19 01:37:17,494 [INFO] LoadUrlFilesThread:135 - End of LoadUrlFiles Thread
2023-09-19 01:37:17,716 [INFO] ServerAccessManage:348 - Download File tutoVideoDB.zip
2023-09-19 01:37:17,810 [INFO] FileExtend:225 - Unzip File : tutoVideoDB.zip
2023-09-19 01:37:17,812 [INFO] FileExtend:240 - Standard Zip Deflate
2023-09-19 01:37:17,824 [INFO] LoadUrlFilesThread:135 - End of LoadUrlFiles Thread
2023-09-19 01:37:17,846 [INFO] DbMcusDocs:145 - JSON generation date=Tue Nov 16 18:17:54 EET 2021 (1637079474)
2023-09-19 01:37:17,846 [INFO] DbMcusXml:100 - Load MCU database from C:\ST\STM32CubeIDE_1.4.0\STM32CubeIDE\plugins\com.st.stm32cube.common.mx_6.0.0.202007160824\\db\/mcu/families.xml
2023-09-19 01:37:18,663 [INFO] DbMcusJson:92 - JSON generation date=Tue Nov 16 18:17:54 EET 2021 (1637079474)
2023-09-19 01:37:19,102 [INFO] ThirdPartyDb:299 - Save Third Party DataBase File (C:/Users/Administrator/.stm32cubemx/plugins/thirdparty/db/thirdparties_db.xml) [forced]
2023-09-19 01:37:19,148 [INFO] ThirdPartyDb:299 - Save Third Party DataBase File (C:/Users/Administrator/.stm32cubemx/plugins/thirdparty/db/thirdparties_db.xml) [forced]
2023-09-19 01:37:19,178 [INFO] IntegrityCheckThread:76 - exiting critical section [integrity check]
2023-09-19 01:37:19,178 [INFO] IntegrityCheckThread:79 - End integrity checks thread
2023-09-19 01:37:19,430 [INFO] DbMcus:175 - Found 1761 MCUs (1722 are supported by CubeMX, 1911 are visible in CubeMX)
2023-09-19 01:37:19,431 [INFO] ApiDb:201 - Load user favorites file C:\Users\Administrator/.stm32cubemx/favorites.mcus.txt: 0 item(s)
2023-09-19 01:37:19,431 [INFO] ApiDb:205 - User favorites MCUs=[]
2023-09-19 01:37:19,431 [INFO] DbMcus:187 - Set 0 / 0 favorites MCUs
2023-09-19 01:37:19,759 [INFO] DbMcusDocs:81 - Found 682 MCUs documents
2023-09-19 01:37:19,762 [INFO] ApiDb:226 - Save user favorites file C:\Users\Administrator/.stm32cubemx/favorites.mcus.txt: 0 item(s)
2023-09-19 01:37:19,762 [INFO] ApiDb:230 - User favorites MCUs=[]
2023-09-19 01:37:19,762 [INFO] DbMcusXml:100 - Load MCU database from C:\ST\STM32CubeIDE_1.4.0\STM32CubeIDE\plugins\com.st.stm32cube.common.mx_6.0.0.202007160824\\db\/mcu/families.xml
2023-09-19 01:37:20,153 [INFO] DbMcusJson:92 - JSON generation date=Tue Nov 16 18:17:54 EET 2021 (1637079474)
2023-09-19 01:37:21,220 [INFO] DbMcus:175 - Found 1761 MCUs (1722 are supported by CubeMX, 1911 are visible in CubeMX)
2023-09-19 01:37:21,221 [INFO] ApiDb:201 - Load user favorites file C:\Users\Administrator/.stm32cubemx/favorites.mcus.txt: 0 item(s)
2023-09-19 01:37:21,221 [INFO] ApiDb:205 - User favorites MCUs=[]
2023-09-19 01:37:21,221 [INFO] DbMcus:187 - Set 0 / 0 favorites MCUs
2023-09-19 01:37:21,233 [INFO] DbBoardsDocs:145 - JSON generation date=Tue Nov 16 18:17:54 EET 2021 (1637079474)
2023-09-19 01:37:21,253 [INFO] DbBoardsPdsc:94 - Found 23 items
2023-09-19 01:37:21,255 [INFO] DbBoardsPdsc:94 - Found 9 items
2023-09-19 01:37:21,258 [INFO] DbBoardsPdsc:94 - Found 29 items
2023-09-19 01:37:21,261 [INFO] DbBoardsPdsc:94 - Found 1 items
2023-09-19 01:37:21,268 [INFO] DbBoardsPdsc:94 - Found 44 items
2023-09-19 01:37:21,273 [INFO] DbBoardsPdsc:94 - Found 40 items
2023-09-19 01:37:21,274 [INFO] DbBoardsPdsc:94 - Found 2 items
2023-09-19 01:37:21,277 [INFO] DbBoardsPdsc:94 - Found 4 items
2023-09-19 01:37:21,283 [WARN] DbBoardsPdsc:258 - Board STM32H7B3I-DK: unknown feature type=Audio, name=, username=Audio stereo codec with Headphone Amp (CS42L51-CNZ), n=1
2023-09-19 01:37:21,284 [WARN] DbBoardsPdsc:258 - Board STM32H735G-DK: unknown feature type=Audio, name=, username=Audio stereo codec with Headphone Amp (WM8994ECS/R), n=1
2023-09-19 01:37:21,286 [WARN] DbBoardsPdsc:258 - Board STM32H7B3I-EVAL: unknown feature type=Audio, name=, username=Multi-Channel Audio Codec (CS42L51-CNZ), n=1
2023-09-19 01:37:21,286 [WARN] DbBoardsPdsc:258 - Board STM32H7B3I-EVAL: unknown feature type=Meter, name=, username=Power-metering and Temperature-monitoring with sigma-delta modulators, n=1
2023-09-19 01:37:21,286 [WARN] DbBoardsPdsc:258 - Board STM32H7B3I-EVAL: unknown feature type=Motor, name=, username=Motor Control, n=1
2023-09-19 01:37:21,321 [INFO] DbBoardsJson:85 - JSON generation date=Tue Nov 16 18:17:54 EET 2021 (1637079474)
2023-09-19 01:37:21,330 [INFO] DbBoards:117 - Found 166 boards (149 are supported by CubeMX)
2023-09-19 01:37:21,332 [INFO] DbBoardsDocs:145 - JSON generation date=Tue Nov 16 18:17:54 EET 2021 (1637079474)
2023-09-19 01:37:21,339 [INFO] DbBoardsDocs:81 - Found 209 boards documents
2023-09-19 01:37:21,341 [WARN] DbBoards:127 - board B-L475E-IOT01A2 has no document id list !
2023-09-19 01:37:21,343 [WARN] DbBoards:127 - board NUCLEO-H743ZI has no document id list !
2023-09-19 01:37:21,344 [WARN] DbBoards:127 - board P-NUCLEO-WB55-Nucleo has no document id list !
2023-09-19 01:37:21,344 [WARN] DbBoards:127 - board P-NUCLEO-WB55-USBDongle has no document id list !
2023-09-19 01:37:21,344 [WARN] DbBoards:127 - board STEVAL-BFA001V1B has no document id list !
2023-09-19 01:37:21,344 [WARN] DbBoards:127 - board STEVAL-BFA001V2B has no document id list !
2023-09-19 01:37:21,344 [WARN] DbBoards:127 - board STEVAL-IDP005V1 has no document id list !
2023-09-19 01:37:21,344 [WARN] DbBoards:127 - board STEVAL-IDP005V2 has no document id list !
2023-09-19 01:37:21,344 [WARN] DbBoards:127 - board STEVAL-MKSBOX1V1 has no document id list !
2023-09-19 01:37:21,344 [WARN] DbBoards:127 - board STEVAL-STWINKT1 has no document id list !
2023-09-19 01:37:21,344 [WARN] DbBoards:127 - board STEVAL-STWINKT1B has no document id list !
2023-09-19 01:37:21,345 [WARN] DbBoards:127 - board STM32439I-EVAL2 has no document id list !
2023-09-19 01:37:21,345 [WARN] DbBoards:127 - board STM32F401C-DISCO has no document id list !
2023-09-19 01:37:21,346 [WARN] DbBoards:127 - board STM32F769I-DISC1 has no document id list !
2023-09-19 01:37:21,346 [WARN] DbBoards:127 - board STM32G474E-EVAL1 has no document id list !
2023-09-19 01:37:21,346 [WARN] DbBoards:127 - board STM32H743I-EVAL2 has no document id list !
2023-09-19 01:37:21,346 [WARN] DbBoards:127 - board STM32H747I-DISC1 has no document id list !
2023-09-19 01:37:21,347 [WARN] DbBoards:127 - board STM32H753I-EVAL2 has no document id list !
2023-09-19 01:37:21,347 [WARN] DbBoards:127 - board STM32L-DISCOVERY has no document id list !
2023-09-19 01:37:21,466 [ERROR] DbBoards:189 - Image file not found for board B-L462E-CELL1: C:\ST\STM32CubeIDE_1.4.0\STM32CubeIDE\plugins\com.st.stm32cube.common.mx_6.0.0.202007160824\\db\/plugins/mcufinder/images/boards/B-L462E-CELL1_small.jpg
2023-09-19 01:37:21,547 [ERROR] DbBoards:189 - Image file not found for board B-U585I-IOT02A: C:\ST\STM32CubeIDE_1.4.0\STM32CubeIDE\plugins\com.st.stm32cube.common.mx_6.0.0.202007160824\\db\/plugins/mcufinder/images/boards/B-U585I-IOT02A_small.jpg
2023-09-19 01:37:21,656 [ERROR] DbBoards:189 - Image file not found for board NUCLEO-F413ZH: C:\ST\STM32CubeIDE_1.4.0\STM32CubeIDE\plugins\com.st.stm32cube.common.mx_6.0.0.202007160824\\db\/plugins/mcufinder/images/boards/nucleo-f413zh_small.jpg
2023-09-19 01:37:21,866 [ERROR] DbBoards:189 - Image file not found for board NUCLEO-L552ZE-Q: C:\ST\STM32CubeIDE_1.4.0\STM32CubeIDE\plugins\com.st.stm32cube.common.mx_6.0.0.202007160824\\db\/plugins/mcufinder/images/boards/nucleo_l552ze_q_small.jpg
2023-09-19 01:37:21,867 [ERROR] DbBoards:189 - Image file not found for board NUCLEO-U575ZI-Q: C:\ST\STM32CubeIDE_1.4.0\STM32CubeIDE\plugins\com.st.stm32cube.common.mx_6.0.0.202007160824\\db\/plugins/mcufinder/images/boards/nucleo-u575zi-q_small.jpg
2023-09-19 01:37:21,867 [ERROR] DbBoards:189 - Image file not found for board NUCLEO-WB15CC: C:\ST\STM32CubeIDE_1.4.0\STM32CubeIDE\plugins\com.st.stm32cube.common.mx_6.0.0.202007160824\\db\/plugins/mcufinder/images/boards/nucleo-wb15cc_small.jpg
2023-09-19 01:37:21,867 [ERROR] DbBoards:189 - Image file not found for board NUCLEO-WB55RG: C:\ST\STM32CubeIDE_1.4.0\STM32CubeIDE\plugins\com.st.stm32cube.common.mx_6.0.0.202007160824\\db\/plugins/mcufinder/images/boards/nucleo-wb55rg_small.jpg
2023-09-19 01:37:21,867 [ERROR] DbBoards:189 - Image file not found for board NUCLEO-WL55JC: C:\ST\STM32CubeIDE_1.4.0\STM32CubeIDE\plugins\com.st.stm32cube.common.mx_6.0.0.202007160824\\db\/plugins/mcufinder/images/boards/nucleo-wl55jc-small.jpg
2023-09-19 01:37:22,036 [ERROR] DbBoards:189 - Image file not found for board STEVAL-STWINKT1B: C:\ST\STM32CubeIDE_1.4.0\STM32CubeIDE\plugins\com.st.stm32cube.common.mx_6.0.0.202007160824\\db\/plugins/mcufinder/images/boards/steval-stwinkt1b_small.jpg
2023-09-19 01:37:22,386 [ERROR] DbBoards:189 - Image file not found for board STM32G0C1E-EV: C:\ST\STM32CubeIDE_1.4.0\STM32CubeIDE\plugins\com.st.stm32cube.common.mx_6.0.0.202007160824\\db\/plugins/mcufinder/images/boards/stm32g0c1e-eval_small.jpg
2023-09-19 01:37:22,497 [ERROR] DbBoards:189 - Image file not found for board STM32H7B3I-EVAL: C:\ST\STM32CubeIDE_1.4.0\STM32CubeIDE\plugins\com.st.stm32cube.common.mx_6.0.0.202007160824\\db\/plugins/mcufinder/images/boards/stm32h7b3ieval_small.jpg
2023-09-19 01:37:22,723 [ERROR] DbBoards:189 - Image file not found for board STM32U575I-EV: C:\ST\STM32CubeIDE_1.4.0\STM32CubeIDE\plugins\com.st.stm32cube.common.mx_6.0.0.202007160824\\db\/plugins/mcufinder/images/boards/stm32u575i-ev_small.jpg
2023-09-19 01:37:22,760 [ERROR] DbBoards:189 - Image file not found for board STM32WB5MM-DK: C:\ST\STM32CubeIDE_1.4.0\STM32CubeIDE\plugins\com.st.stm32cube.common.mx_6.0.0.202007160824\\db\/plugins/mcufinder/images/boards/STM32WB5MM-DK_small.jpg
2023-09-19 01:37:22,760 [INFO] ApiDb:201 - Load user favorites file C:\Users\Administrator/.stm32cubemx/favorites.boards.txt: 0 item(s)
2023-09-19 01:37:22,760 [INFO] ApiDb:205 - User favorites Boards=[]
2023-09-19 01:37:22,761 [INFO] DbBoards:206 - Set 0 / 0 favorites Boards
2023-09-19 01:37:22,764 [INFO] DbBoardsDocs:81 - Found 418 boards documents
2023-09-19 01:37:22,764 [INFO] ApiDb:226 - Save user favorites file C:\Users\Administrator/.stm32cubemx/favorites.boards.txt: 0 item(s)
2023-09-19 01:37:22,764 [INFO] ApiDb:230 - User favorites Boards=[]
2023-09-19 01:37:22,768 [INFO] DbBoardsPdsc:94 - Found 23 items
2023-09-19 01:37:22,770 [INFO] DbBoardsPdsc:94 - Found 9 items
2023-09-19 01:37:22,772 [INFO] DbBoardsPdsc:94 - Found 29 items
2023-09-19 01:37:22,773 [INFO] DbBoardsPdsc:94 - Found 1 items
2023-09-19 01:37:22,778 [INFO] DbBoardsPdsc:94 - Found 44 items
2023-09-19 01:37:22,782 [INFO] DbBoardsPdsc:94 - Found 40 items
2023-09-19 01:37:22,783 [INFO] DbBoardsPdsc:94 - Found 2 items
2023-09-19 01:37:22,784 [INFO] DbBoardsPdsc:94 - Found 4 items
2023-09-19 01:37:22,787 [WARN] DbBoardsPdsc:258 - Board STM32H7B3I-DK: unknown feature type=Audio, name=, username=Audio stereo codec with Headphone Amp (CS42L51-CNZ), n=1
2023-09-19 01:37:22,787 [WARN] DbBoardsPdsc:258 - Board STM32H735G-DK: unknown feature type=Audio, name=, username=Audio stereo codec with Headphone Amp (WM8994ECS/R), n=1
2023-09-19 01:37:22,788 [WARN] DbBoardsPdsc:258 - Board STM32H7B3I-EVAL: unknown feature type=Audio, name=, username=Multi-Channel Audio Codec (CS42L51-CNZ), n=1
2023-09-19 01:37:22,790 [WARN] DbBoardsPdsc:258 - Board STM32H7B3I-EVAL: unknown feature type=Meter, name=, username=Power-metering and Temperature-monitoring with sigma-delta modulators, n=1
2023-09-19 01:37:22,790 [WARN] DbBoardsPdsc:258 - Board STM32H7B3I-EVAL: unknown feature type=Motor, name=, username=Motor Control, n=1
2023-09-19 01:37:22,802 [INFO] DbBoardsJson:85 - JSON generation date=Tue Nov 16 18:17:54 EET 2021 (1637079474)
2023-09-19 01:37:22,807 [INFO] DbBoards:117 - Found 166 boards (149 are supported by CubeMX)
2023-09-19 01:37:22,807 [WARN] DbBoards:127 - board B-L475E-IOT01A2 has no document id list !
2023-09-19 01:37:22,808 [WARN] DbBoards:127 - board NUCLEO-H743ZI has no document id list !
2023-09-19 01:37:22,810 [WARN] DbBoards:127 - board P-NUCLEO-WB55-Nucleo has no document id list !
2023-09-19 01:37:22,810 [WARN] DbBoards:127 - board P-NUCLEO-WB55-USBDongle has no document id list !
2023-09-19 01:37:22,810 [WARN] DbBoards:127 - board STEVAL-BFA001V1B has no document id list !
2023-09-19 01:37:22,810 [WARN] DbBoards:127 - board STEVAL-BFA001V2B has no document id list !
2023-09-19 01:37:22,810 [WARN] DbBoards:127 - board STEVAL-IDP005V1 has no document id list !
2023-09-19 01:37:22,810 [WARN] DbBoards:127 - board STEVAL-IDP005V2 has no document id list !
2023-09-19 01:37:22,810 [WARN] DbBoards:127 - board STEVAL-MKSBOX1V1 has no document id list !
2023-09-19 01:37:22,810 [WARN] DbBoards:127 - board STEVAL-STWINKT1 has no document id list !
2023-09-19 01:37:22,811 [WARN] DbBoards:127 - board STEVAL-STWINKT1B has no document id list !
2023-09-19 01:37:22,811 [WARN] DbBoards:127 - board STM32439I-EVAL2 has no document id list !
2023-09-19 01:37:22,811 [WARN] DbBoards:127 - board STM32F401C-DISCO has no document id list !
2023-09-19 01:37:22,812 [WARN] DbBoards:127 - board STM32F769I-DISC1 has no document id list !
2023-09-19 01:37:22,812 [WARN] DbBoards:127 - board STM32G474E-EVAL1 has no document id list !
2023-09-19 01:37:22,812 [WARN] DbBoards:127 - board STM32H743I-EVAL2 has no document id list !
2023-09-19 01:37:22,812 [WARN] DbBoards:127 - board STM32H747I-DISC1 has no document id list !
2023-09-19 01:37:22,813 [WARN] DbBoards:127 - board STM32H753I-EVAL2 has no document id list !
2023-09-19 01:37:22,813 [WARN] DbBoards:127 - board STM32L-DISCOVERY has no document id list !
2023-09-19 01:37:22,850 [ERROR] DbBoards:189 - Image file not found for board B-L462E-CELL1: C:\ST\STM32CubeIDE_1.4.0\STM32CubeIDE\plugins\com.st.stm32cube.common.mx_6.0.0.202007160824\\db\/plugins/mcufinder/images/boards/B-L462E-CELL1_small.jpg
2023-09-19 01:37:22,873 [ERROR] DbBoards:189 - Image file not found for board B-U585I-IOT02A: C:\ST\STM32CubeIDE_1.4.0\STM32CubeIDE\plugins\com.st.stm32cube.common.mx_6.0.0.202007160824\\db\/plugins/mcufinder/images/boards/B-U585I-IOT02A_small.jpg
2023-09-19 01:37:22,933 [ERROR] DbBoards:189 - Image file not found for board NUCLEO-F413ZH: C:\ST\STM32CubeIDE_1.4.0\STM32CubeIDE\plugins\com.st.stm32cube.common.mx_6.0.0.202007160824\\db\/plugins/mcufinder/images/boards/nucleo-f413zh_small.jpg
2023-09-19 01:37:23,052 [ERROR] DbBoards:189 - Image file not found for board NUCLEO-L552ZE-Q: C:\ST\STM32CubeIDE_1.4.0\STM32CubeIDE\plugins\com.st.stm32cube.common.mx_6.0.0.202007160824\\db\/plugins/mcufinder/images/boards/nucleo_l552ze_q_small.jpg
2023-09-19 01:37:23,052 [ERROR] DbBoards:189 - Image file not found for board NUCLEO-U575ZI-Q: C:\ST\STM32CubeIDE_1.4.0\STM32CubeIDE\plugins\com.st.stm32cube.common.mx_6.0.0.202007160824\\db\/plugins/mcufinder/images/boards/nucleo-u575zi-q_small.jpg
2023-09-19 01:37:23,053 [ERROR] DbBoards:189 - Image file not found for board NUCLEO-WB15CC: C:\ST\STM32CubeIDE_1.4.0\STM32CubeIDE\plugins\com.st.stm32cube.common.mx_6.0.0.202007160824\\db\/plugins/mcufinder/images/boards/nucleo-wb15cc_small.jpg
2023-09-19 01:37:23,053 [ERROR] DbBoards:189 - Image file not found for board NUCLEO-WB55RG: C:\ST\STM32CubeIDE_1.4.0\STM32CubeIDE\plugins\com.st.stm32cube.common.mx_6.0.0.202007160824\\db\/plugins/mcufinder/images/boards/nucleo-wb55rg_small.jpg
2023-09-19 01:37:23,053 [ERROR] DbBoards:189 - Image file not found for board NUCLEO-WL55JC: C:\ST\STM32CubeIDE_1.4.0\STM32CubeIDE\plugins\com.st.stm32cube.common.mx_6.0.0.202007160824\\db\/plugins/mcufinder/images/boards/nucleo-wl55jc-small.jpg
2023-09-19 01:37:23,144 [ERROR] DbBoards:189 - Image file not found for board STEVAL-STWINKT1B: C:\ST\STM32CubeIDE_1.4.0\STM32CubeIDE\plugins\com.st.stm32cube.common.mx_6.0.0.202007160824\\db\/plugins/mcufinder/images/boards/steval-stwinkt1b_small.jpg
2023-09-19 01:37:23,343 [ERROR] DbBoards:189 - Image file not found for board STM32G0C1E-EV: C:\ST\STM32CubeIDE_1.4.0\STM32CubeIDE\plugins\com.st.stm32cube.common.mx_6.0.0.202007160824\\db\/plugins/mcufinder/images/boards/stm32g0c1e-eval_small.jpg
2023-09-19 01:37:23,421 [ERROR] DbBoards:189 - Image file not found for board STM32H7B3I-EVAL: C:\ST\STM32CubeIDE_1.4.0\STM32CubeIDE\plugins\com.st.stm32cube.common.mx_6.0.0.202007160824\\db\/plugins/mcufinder/images/boards/stm32h7b3ieval_small.jpg
2023-09-19 01:37:23,544 [ERROR] DbBoards:189 - Image file not found for board STM32U575I-EV: C:\ST\STM32CubeIDE_1.4.0\STM32CubeIDE\plugins\com.st.stm32cube.common.mx_6.0.0.202007160824\\db\/plugins/mcufinder/images/boards/stm32u575i-ev_small.jpg
2023-09-19 01:37:23,558 [ERROR] DbBoards:189 - Image file not found for board STM32WB5MM-DK: C:\ST\STM32CubeIDE_1.4.0\STM32CubeIDE\plugins\com.st.stm32cube.common.mx_6.0.0.202007160824\\db\/plugins/mcufinder/images/boards/STM32WB5MM-DK_small.jpg
2023-09-19 01:37:23,560 [INFO] ApiDb:201 - Load user favorites file C:\Users\Administrator/.stm32cubemx/favorites.boards.txt: 0 item(s)
2023-09-19 01:37:23,560 [INFO] ApiDb:205 - User favorites Boards=[]
2023-09-19 01:37:23,560 [INFO] DbBoards:206 - Set 0 / 0 favorites Boards
2023-09-19 01:37:23,673 [INFO] DbExamplesSqlite:156 - SQLite db open (C:\Users\Administrator\.stmcufinder\plugins\mcufinder\mcu\cube-finder-db.db)
2023-09-19 01:37:24,343 [INFO] DbExamplesSqlite:447 - Ignored 0 examples not supported by CubeIDE
2023-09-19 01:37:24,343 [INFO] DbExamplesSqlite:448 - Found 7231 examples active
2023-09-19 01:37:24,343 [INFO] DbExamplesSqlite:449 - Found 677 examples obsolete
2023-09-19 01:37:24,343 [INFO] DbExamplesSqlite:450 - Found 0 examples under development
2023-09-19 01:37:24,343 [INFO] DbExamplesSqlite:451 - Found 74 examples not building
2023-09-19 01:37:24,407 [INFO] DbExamplesSqlite:130 - SQLite Data Model version=2.1
2023-09-19 01:37:24,407 [INFO] DbExamplesSqlite:131 - SQLite Configuration version=3.0.37
2023-09-19 01:37:24,407 [INFO] DbExamplesSqlite:132 - SQLite generation date=2023-08-09 (1691586011)
2023-09-19 01:37:24,407 [INFO] DbExamplesSqlite:133 - SQLite FW Pack versions=[FP-ATR-ASTRA1_V2.0.0, FP-SNS-FLIGHT1_V5.0.1, FP-SNS-FLIGHT1_V5.0.2, FP-SNS-MOTENV1_V4.3.1, FP-SNS-MOTENV1_V4.3.2, STM32Cube_FW_C0_V1.1.0, STM32Cube_FW_F4_V1.27.1, STM32Cube_FW_F7_V1.17.0, STM32Cube_FW_G0_V1.6.1, STM32Cube_FW_G4_V1.5.1, STM32Cube_FW_H5_V0.5.1, STM32Cube_FW_H5_V1.1.0, STM32Cube_FW_H7_V1.11.0, STM32Cube_FW_L0_V1.12.2, STM32Cube_FW_L5_V1.5.0, STM32Cube_FW_U5_V1.3.0, STM32Cube_FW_U5_V1.3.0RC4, STM32Cube_FW_WBA_V1.0.0RC1, STM32Cube_FW_WBA_V1.1.0, STM32Cube_FW_WBA_V1.1.0RC1, STM32Cube_FW_WB_V1.15.0RC1, STM32Cube_FW_WB_V1.16.0, STM32Cube_FW_WB_V1.16.0RC2, STM32Cube_FW_WB_V1.17.0, STM32Cube_FW_WL_V1.3.0, X-CUBE-ALGOBUILD_V1.3.0, X-CUBE-ALS_V1.0.1, X-CUBE-AZRTOS-F4_V1.1.0, X-CUBE-AZRTOS-F7_V1.1.0, X-CUBE-AZRTOS-G0_V1.1.0, X-CUBE-AZRTOS-G4_V2.0.0, X-CUBE-AZRTOS-H7_V3.1.0, X-CUBE-AZRTOS-L4_V1.0.0, X-CUBE-AZRTOS-L4_V2.0.0, X-CUBE-AZRTOS-L5_V1.1.0, X-CUBE-AZRTOS-WB_V1.1.0, X-CUBE-AZRTOS-WL_V2.0.0, X-CUBE-BLE1_V7.0.0, X-CUBE-BLE2_V3.3.0, X-CUBE-BLEMGR_V2.0.0, X-CUBE-EEPRMA1_V4.1.0, X-CUBE-FREERTOS_V1.1.0, X-CUBE-GNSS1_V6.0.0, X-CUBE-MEMS1_V9.1.0, X-CUBE-MEMS1_V9.4.0, X-CUBE-MEMS1_V9.6.0, X-CUBE-NFC4_V3.0.0, X-CUBE-NFC7_V1.0.0, X-CUBE-SFXS2LP1_V4.0.0, X-CUBE-SUBG2_V5.0.0, X-CUBE-TOF1_V3.3.1]
2023-09-19 01:37:24,408 [INFO] DbExamples:123 - Found 7305 examples
2023-09-19 01:37:24,867 [ERROR] DbExamples:199 - Found 7305 examples with invalid data (board or MCU)
2023-09-19 01:37:24,867 [INFO] DbExamples:215 - Found 77 boards with related examples
2023-09-19 01:37:24,867 [INFO] DbExamples:228 - Found 0 MCUs with related examples
2023-09-19 01:37:24,892 [INFO] ApiDb:192 - User favorites file not found: C:\Users\Administrator/.stm32cubemx/favorites.examples.txt
2023-09-19 01:37:24,892 [INFO] DbExamples:249 - Set 0 / 0 favorites Examples
2023-09-19 01:37:25,042 [INFO] McuFinderGlobals:40 - Set McuFinder mode to 2 (CubeIDE integrated)
2023-09-19 01:37:25,168 [INFO] CrossSelectorPresenter:1330 - Cross Selector saved comparison directory: C:\Users\Administrator\.stmcufinder\plugins\mcufinder\mcu\cs_comparisons_mx
2023-09-19 01:37:25,174 [INFO] MultiScanPanel:193 - Auto-refresh data requested => check proxy status ongoing
2023-09-19 01:37:25,176 [INFO] FinderPluginLoader:87 - Searching for filters in installed packs
2023-09-19 01:37:25,617 [INFO] LoadUrlFilesThread:162 - End of LoadServerUrlFiles without Thread
2023-09-19 01:37:25,650 [INFO] DetailPanel:331 - Set advertising image to C:/Users/Administrator/STM32Cube/Repository/\stm32cubemx-promo_image.jpg
2023-09-19 01:37:26,047 [INFO] McuFilterPanel:245 - Update 0 favorites MCUs
2023-09-19 01:49:39,652 [INFO] LogOutputStream:76 - [STDOUT_REDIRECT] withoutVersionV1.8.4
2023-09-19 01:49:39,653 [INFO] LogOutputStream:76 - [STDOUT_REDIRECT] withoutVersionV1.8.3
2023-09-19 01:49:39,653 [INFO] LogOutputStream:76 - [STDOUT_REDIRECT] withoutVersionV1.8.2
2023-09-19 01:49:39,654 [INFO] LogOutputStream:76 - [STDOUT_REDIRECT] withoutVersionV1.8.1
2023-09-19 01:49:39,654 [INFO] LogOutputStream:76 - [STDOUT_REDIRECT] withoutVersionV1.8.0
2023-09-19 01:49:42,171 [INFO] ApiDb:226 - Save user favorites file C:\Users\Administrator/.stm32cubeide/favorites.mcus.txt: 0 item(s)
2023-09-19 01:49:42,172 [INFO] ApiDb:230 - User favorites MCUs=[]
2023-09-19 02:29:51,544 [INFO] Activator:178 - 


2023-09-19 02:29:51,547 [INFO] Activator:179 - !SESSION log4j initialized
2023-09-19 02:31:03,797 [INFO] RetryExec:97 - I/O exception (org.apache.http.NoHttpResponseException) caught when processing request to {s}->https://download.eclipse.org:443: The target server failed to respond
2023-09-19 02:31:03,800 [INFO] RetryExec:113 - Retrying request to {s}->https://download.eclipse.org:443
2023-09-19 02:31:04,606 [INFO] RetryExec:97 - I/O exception (org.apache.http.NoHttpResponseException) caught when processing request to {s}->https://archive.eclipse.org:443: The target server failed to respond
2023-09-19 02:31:04,606 [INFO] RetryExec:113 - Retrying request to {s}->https://archive.eclipse.org:443
2023-09-19 02:31:05,533 [INFO] RetryExec:97 - I/O exception (org.apache.http.NoHttpResponseException) caught when processing request to {s}->https://download.eclipse.org:443: The target server failed to respond
2023-09-19 02:31:05,533 [INFO] RetryExec:113 - Retrying request to {s}->https://download.eclipse.org:443
2023-09-19 05:40:53,723 [INFO] Activator:178 - 


2023-09-19 05:40:53,726 [INFO] Activator:179 - !SESSION log4j initialized
2023-09-19 05:42:01,886 [INFO] RetryExec:97 - I/O exception (org.apache.http.NoHttpResponseException) caught when processing request to {s}->https://archive.eclipse.org:443: The target server failed to respond
2023-09-19 05:42:01,888 [INFO] RetryExec:113 - Retrying request to {s}->https://archive.eclipse.org:443
2023-09-19 05:42:02,935 [INFO] RetryExec:97 - I/O exception (org.apache.http.NoHttpResponseException) caught when processing request to {s}->https://download.eclipse.org:443: The target server failed to respond
2023-09-19 05:42:02,935 [INFO] RetryExec:113 - Retrying request to {s}->https://download.eclipse.org:443
2023-09-19 15:20:24,582 [INFO] Activator:178 - 


2023-09-19 15:20:24,598 [INFO] Activator:179 - !SESSION log4j initialized
2023-09-19 15:21:30,431 [INFO] RetryExec:97 - I/O exception (org.apache.http.NoHttpResponseException) caught when processing request to {s}->https://download.eclipse.org:443: The target server failed to respond
2023-09-19 15:21:30,434 [INFO] RetryExec:113 - Retrying request to {s}->https://download.eclipse.org:443
2023-09-20 00:43:06,883 [INFO] Activator:178 - 


2023-09-20 00:43:06,891 [INFO] Activator:179 - !SESSION log4j initialized
2023-09-20 00:44:12,945 [INFO] RetryExec:97 - I/O exception (org.apache.http.NoHttpResponseException) caught when processing request to {s}->https://download.eclipse.org:443: The target server failed to respond
2023-09-20 00:44:12,948 [INFO] RetryExec:113 - Retrying request to {s}->https://download.eclipse.org:443
2023-09-20 00:44:13,826 [INFO] RetryExec:97 - I/O exception (org.apache.http.NoHttpResponseException) caught when processing request to {s}->https://archive.eclipse.org:443: The target server failed to respond
2023-09-20 00:44:13,827 [INFO] RetryExec:113 - Retrying request to {s}->https://archive.eclipse.org:443
2023-09-20 00:44:14,750 [INFO] RetryExec:97 - I/O exception (org.apache.http.NoHttpResponseException) caught when processing request to {s}->https://download.eclipse.org:443: The target server failed to respond
2023-09-20 00:44:14,751 [INFO] RetryExec:113 - Retrying request to {s}->https://download.eclipse.org:443
2023-09-20 11:49:33,789 [INFO] Activator:178 - 


2023-09-20 11:49:33,799 [INFO] Activator:179 - !SESSION log4j initialized
2023-09-20 11:52:13,342 [INFO] RetryExec:97 - I/O exception (org.apache.http.NoHttpResponseException) caught when processing request to {s}->https://download.eclipse.org:443: The target server failed to respond
2023-09-20 11:52:13,345 [INFO] RetryExec:113 - Retrying request to {s}->https://download.eclipse.org:443
2023-09-20 22:19:26,141 [INFO] Activator:178 - 


2023-09-20 22:19:26,150 [INFO] Activator:179 - !SESSION log4j initialized
2023-09-20 22:20:39,865 [INFO] RetryExec:97 - I/O exception (org.apache.http.NoHttpResponseException) caught when processing request to {s}->https://download.eclipse.org:443: The target server failed to respond
2023-09-20 22:20:39,868 [INFO] RetryExec:113 - Retrying request to {s}->https://download.eclipse.org:443
2023-09-20 22:20:40,696 [INFO] RetryExec:97 - I/O exception (org.apache.http.NoHttpResponseException) caught when processing request to {s}->https://archive.eclipse.org:443: The target server failed to respond
2023-09-20 22:20:40,696 [INFO] RetryExec:113 - Retrying request to {s}->https://archive.eclipse.org:443
2023-09-20 22:20:41,607 [INFO] RetryExec:97 - I/O exception (org.apache.http.NoHttpResponseException) caught when processing request to {s}->https://download.eclipse.org:443: The target server failed to respond
2023-09-20 22:20:41,608 [INFO] RetryExec:113 - Retrying request to {s}->https://download.eclipse.org:443
